mode: set
github.com/issac1998/go-queue/cmd/broker/main.go:28.13,37.16 4 0
github.com/issac1998/go-queue/cmd/broker/main.go:37.16,39.3 1 0
github.com/issac1998/go-queue/cmd/broker/main.go:42.2,42.39 1 0
github.com/issac1998/go-queue/cmd/broker/main.go:42.39,44.17 2 0
github.com/issac1998/go-queue/cmd/broker/main.go:44.17,46.4 1 0
github.com/issac1998/go-queue/cmd/broker/main.go:47.3,49.68 3 0
github.com/issac1998/go-queue/cmd/broker/main.go:52.2,57.16 3 0
github.com/issac1998/go-queue/cmd/broker/main.go:57.16,59.3 1 0
github.com/issac1998/go-queue/cmd/broker/main.go:61.2,61.40 1 0
github.com/issac1998/go-queue/cmd/broker/main.go:61.40,63.3 1 0
github.com/issac1998/go-queue/cmd/broker/main.go:66.2,71.16 4 0
github.com/issac1998/go-queue/cmd/broker/main.go:71.16,73.3 1 0
github.com/issac1998/go-queue/cmd/broker/main.go:74.2,76.6 2 0
github.com/issac1998/go-queue/cmd/broker/main.go:76.6,78.17 2 0
github.com/issac1998/go-queue/cmd/broker/main.go:78.17,80.12 2 0
github.com/issac1998/go-queue/cmd/broker/main.go:82.3,82.28 1 0
github.com/issac1998/go-queue/cmd/broker/main.go:86.38,87.15 1 0
github.com/issac1998/go-queue/cmd/broker/main.go:87.15,89.31 2 0
github.com/issac1998/go-queue/cmd/broker/main.go:89.31,91.4 1 0
github.com/issac1998/go-queue/cmd/broker/main.go:95.2,97.16 3 0
github.com/issac1998/go-queue/cmd/broker/main.go:97.16,100.3 2 0
github.com/issac1998/go-queue/cmd/broker/main.go:102.2,105.17 2 0
github.com/issac1998/go-queue/cmd/broker/main.go:106.20,108.68 2 0
github.com/issac1998/go-queue/cmd/broker/main.go:108.68,110.4 1 0
github.com/issac1998/go-queue/cmd/broker/main.go:111.22,113.70 2 0
github.com/issac1998/go-queue/cmd/broker/main.go:113.70,115.4 1 0
github.com/issac1998/go-queue/cmd/broker/main.go:116.26,118.51 2 0
github.com/issac1998/go-queue/cmd/broker/main.go:119.24,121.72 2 0
github.com/issac1998/go-queue/cmd/broker/main.go:121.72,123.4 1 0
github.com/issac1998/go-queue/cmd/broker/main.go:124.25,126.73 2 0
github.com/issac1998/go-queue/cmd/broker/main.go:126.73,128.4 1 0
github.com/issac1998/go-queue/cmd/broker/main.go:129.24,131.72 2 0
github.com/issac1998/go-queue/cmd/broker/main.go:131.72,133.4 1 0
github.com/issac1998/go-queue/cmd/broker/main.go:134.27,136.75 2 0
github.com/issac1998/go-queue/cmd/broker/main.go:136.75,138.4 1 0
github.com/issac1998/go-queue/cmd/broker/main.go:139.26,141.74 2 0
github.com/issac1998/go-queue/cmd/broker/main.go:141.74,143.4 1 0
github.com/issac1998/go-queue/cmd/broker/main.go:144.10,145.50 1 0
github.com/issac1998/go-queue/cmd/client/main.go:15.13,31.16 4 0
github.com/issac1998/go-queue/cmd/client/main.go:31.16,33.3 1 0
github.com/issac1998/go-queue/cmd/client/main.go:36.2,36.19 1 0
github.com/issac1998/go-queue/cmd/client/main.go:36.19,38.3 1 0
github.com/issac1998/go-queue/cmd/client/main.go:39.2,39.20 1 0
github.com/issac1998/go-queue/cmd/client/main.go:39.20,41.3 1 0
github.com/issac1998/go-queue/cmd/client/main.go:42.2,42.20 1 0
github.com/issac1998/go-queue/cmd/client/main.go:42.20,44.3 1 0
github.com/issac1998/go-queue/cmd/client/main.go:45.2,45.18 1 0
github.com/issac1998/go-queue/cmd/client/main.go:45.18,47.3 1 0
github.com/issac1998/go-queue/cmd/client/main.go:48.2,48.21 1 0
github.com/issac1998/go-queue/cmd/client/main.go:48.21,50.3 1 0
github.com/issac1998/go-queue/cmd/client/main.go:51.2,51.20 1 0
github.com/issac1998/go-queue/cmd/client/main.go:51.20,53.3 1 0
github.com/issac1998/go-queue/cmd/client/main.go:54.2,54.18 1 0
github.com/issac1998/go-queue/cmd/client/main.go:54.18,56.3 1 0
github.com/issac1998/go-queue/cmd/client/main.go:57.2,57.17 1 0
github.com/issac1998/go-queue/cmd/client/main.go:57.17,59.3 1 0
github.com/issac1998/go-queue/cmd/client/main.go:62.2,62.32 1 0
github.com/issac1998/go-queue/cmd/client/main.go:62.32,64.17 2 0
github.com/issac1998/go-queue/cmd/client/main.go:64.17,66.4 1 0
github.com/issac1998/go-queue/cmd/client/main.go:67.3,69.68 3 0
github.com/issac1998/go-queue/cmd/client/main.go:72.2,72.37 1 0
github.com/issac1998/go-queue/cmd/client/main.go:72.37,75.3 2 0
github.com/issac1998/go-queue/cmd/client/main.go:77.2,82.16 3 0
github.com/issac1998/go-queue/cmd/client/main.go:82.16,84.3 1 0
github.com/issac1998/go-queue/cmd/client/main.go:87.2,92.35 2 0
github.com/issac1998/go-queue/cmd/client/main.go:93.22,94.45 1 0
github.com/issac1998/go-queue/cmd/client/main.go:95.17,97.61 1 0
github.com/issac1998/go-queue/cmd/client/main.go:98.17,100.32 1 0
github.com/issac1998/go-queue/cmd/client/main.go:101.10,104.13 3 0
github.com/issac1998/go-queue/cmd/client/main.go:108.19,123.2 14 0
github.com/issac1998/go-queue/cmd/client/main.go:125.54,126.21 1 0
github.com/issac1998/go-queue/cmd/client/main.go:126.21,128.3 1 0
github.com/issac1998/go-queue/cmd/client/main.go:130.2,138.16 4 0
github.com/issac1998/go-queue/cmd/client/main.go:138.16,140.3 1 0
github.com/issac1998/go-queue/cmd/client/main.go:142.2,142.25 1 0
github.com/issac1998/go-queue/cmd/client/main.go:142.25,144.3 1 0
github.com/issac1998/go-queue/cmd/client/main.go:146.2,147.63 2 0
github.com/issac1998/go-queue/cmd/client/main.go:150.94,151.21 1 0
github.com/issac1998/go-queue/cmd/client/main.go:151.21,153.3 1 0
github.com/issac1998/go-queue/cmd/client/main.go:154.2,154.19 1 0
github.com/issac1998/go-queue/cmd/client/main.go:154.19,156.3 1 0
github.com/issac1998/go-queue/cmd/client/main.go:158.2,161.16 3 0
github.com/issac1998/go-queue/cmd/client/main.go:161.16,171.17 4 0
github.com/issac1998/go-queue/cmd/client/main.go:171.17,173.4 1 0
github.com/issac1998/go-queue/cmd/client/main.go:175.3,175.26 1 0
github.com/issac1998/go-queue/cmd/client/main.go:175.26,177.4 1 0
github.com/issac1998/go-queue/cmd/client/main.go:179.3,181.50 2 0
github.com/issac1998/go-queue/cmd/client/main.go:182.8,185.30 2 0
github.com/issac1998/go-queue/cmd/client/main.go:185.30,191.4 1 0
github.com/issac1998/go-queue/cmd/client/main.go:193.3,195.17 3 0
github.com/issac1998/go-queue/cmd/client/main.go:195.17,197.4 1 0
github.com/issac1998/go-queue/cmd/client/main.go:199.3,199.26 1 0
github.com/issac1998/go-queue/cmd/client/main.go:199.26,201.4 1 0
github.com/issac1998/go-queue/cmd/client/main.go:203.3,205.57 2 0
github.com/issac1998/go-queue/cmd/client/main.go:209.81,210.21 1 0
github.com/issac1998/go-queue/cmd/client/main.go:210.21,212.3 1 0
github.com/issac1998/go-queue/cmd/client/main.go:214.2,221.16 5 0
github.com/issac1998/go-queue/cmd/client/main.go:221.16,223.3 1 0
github.com/issac1998/go-queue/cmd/client/main.go:225.2,225.25 1 0
github.com/issac1998/go-queue/cmd/client/main.go:225.25,227.3 1 0
github.com/issac1998/go-queue/cmd/client/main.go:229.2,229.31 1 0
github.com/issac1998/go-queue/cmd/client/main.go:229.31,233.3 3 0
github.com/issac1998/go-queue/cmd/client/main.go:235.2,239.38 4 0
github.com/issac1998/go-queue/cmd/client/main.go:239.38,245.33 6 0
github.com/issac1998/go-queue/cmd/client/main.go:245.33,247.4 1 0
github.com/issac1998/go-queue/cmd/client/main.go:250.2,252.73 3 0
github.com/issac1998/go-queue/cmd/client/main.go:256.72,258.21 2 0
github.com/issac1998/go-queue/cmd/client/main.go:258.21,260.3 1 0
github.com/issac1998/go-queue/cmd/client/main.go:262.2,264.16 3 0
github.com/issac1998/go-queue/cmd/client/main.go:264.16,266.3 1 0
github.com/issac1998/go-queue/cmd/client/main.go:268.2,268.37 1 0
github.com/issac1998/go-queue/internal/compression/compression.go:26.42,27.11 1 0
github.com/issac1998/go-queue/internal/compression/compression.go:28.12,29.16 1 0
github.com/issac1998/go-queue/internal/compression/compression.go:30.12,31.16 1 0
github.com/issac1998/go-queue/internal/compression/compression.go:32.12,33.16 1 0
github.com/issac1998/go-queue/internal/compression/compression.go:34.14,35.18 1 0
github.com/issac1998/go-queue/internal/compression/compression.go:36.12,37.16 1 0
github.com/issac1998/go-queue/internal/compression/compression.go:38.10,39.19 1 0
github.com/issac1998/go-queue/internal/compression/compression.go:53.63,55.2 1 0
github.com/issac1998/go-queue/internal/compression/compression.go:57.65,59.2 1 0
github.com/issac1998/go-queue/internal/compression/compression.go:61.48,63.2 1 0
github.com/issac1998/go-queue/internal/compression/compression.go:68.65,72.46 3 0
github.com/issac1998/go-queue/internal/compression/compression.go:72.46,74.3 1 0
github.com/issac1998/go-queue/internal/compression/compression.go:76.2,76.39 1 0
github.com/issac1998/go-queue/internal/compression/compression.go:76.39,78.3 1 0
github.com/issac1998/go-queue/internal/compression/compression.go:80.2,80.25 1 0
github.com/issac1998/go-queue/internal/compression/compression.go:83.67,85.16 2 0
github.com/issac1998/go-queue/internal/compression/compression.go:85.16,87.3 1 0
github.com/issac1998/go-queue/internal/compression/compression.go:88.2,91.16 3 0
github.com/issac1998/go-queue/internal/compression/compression.go:91.16,93.3 1 0
github.com/issac1998/go-queue/internal/compression/compression.go:95.2,95.20 1 0
github.com/issac1998/go-queue/internal/compression/compression.go:98.50,100.2 1 0
github.com/issac1998/go-queue/internal/compression/compression.go:105.65,109.46 3 0
github.com/issac1998/go-queue/internal/compression/compression.go:109.46,111.3 1 0
github.com/issac1998/go-queue/internal/compression/compression.go:113.2,113.39 1 0
github.com/issac1998/go-queue/internal/compression/compression.go:113.39,115.3 1 0
github.com/issac1998/go-queue/internal/compression/compression.go:117.2,117.25 1 0
github.com/issac1998/go-queue/internal/compression/compression.go:120.67,122.16 2 0
github.com/issac1998/go-queue/internal/compression/compression.go:122.16,124.3 1 0
github.com/issac1998/go-queue/internal/compression/compression.go:125.2,128.16 3 0
github.com/issac1998/go-queue/internal/compression/compression.go:128.16,130.3 1 0
github.com/issac1998/go-queue/internal/compression/compression.go:132.2,132.20 1 0
github.com/issac1998/go-queue/internal/compression/compression.go:135.50,137.2 1 0
github.com/issac1998/go-queue/internal/compression/compression.go:142.67,144.2 1 0
github.com/issac1998/go-queue/internal/compression/compression.go:146.69,148.16 2 0
github.com/issac1998/go-queue/internal/compression/compression.go:148.16,150.3 1 0
github.com/issac1998/go-queue/internal/compression/compression.go:151.2,151.20 1 0
github.com/issac1998/go-queue/internal/compression/compression.go:154.52,156.2 1 0
github.com/issac1998/go-queue/internal/compression/compression.go:164.53,166.16 2 0
github.com/issac1998/go-queue/internal/compression/compression.go:166.16,168.3 1 0
github.com/issac1998/go-queue/internal/compression/compression.go:170.2,171.16 2 0
github.com/issac1998/go-queue/internal/compression/compression.go:171.16,173.3 1 0
github.com/issac1998/go-queue/internal/compression/compression.go:175.2,178.8 1 0
github.com/issac1998/go-queue/internal/compression/compression.go:181.65,183.2 1 0
github.com/issac1998/go-queue/internal/compression/compression.go:185.67,187.16 2 0
github.com/issac1998/go-queue/internal/compression/compression.go:187.16,189.3 1 0
github.com/issac1998/go-queue/internal/compression/compression.go:190.2,190.20 1 0
github.com/issac1998/go-queue/internal/compression/compression.go:193.50,195.2 1 0
github.com/issac1998/go-queue/internal/compression/compression.go:197.35,198.22 1 0
github.com/issac1998/go-queue/internal/compression/compression.go:198.22,200.3 1 0
github.com/issac1998/go-queue/internal/compression/compression.go:201.2,201.22 1 0
github.com/issac1998/go-queue/internal/compression/compression.go:201.22,203.3 1 0
github.com/issac1998/go-queue/internal/compression/compression.go:207.73,208.25 1 0
github.com/issac1998/go-queue/internal/compression/compression.go:209.12,210.31 1 0
github.com/issac1998/go-queue/internal/compression/compression.go:211.12,212.33 1 0
github.com/issac1998/go-queue/internal/compression/compression.go:213.12,214.33 1 0
github.com/issac1998/go-queue/internal/compression/compression.go:215.14,216.35 1 0
github.com/issac1998/go-queue/internal/compression/compression.go:217.12,218.30 1 0
github.com/issac1998/go-queue/internal/compression/compression.go:219.10,220.78 1 0
github.com/issac1998/go-queue/internal/compression/compression.go:225.84,227.16 2 0
github.com/issac1998/go-queue/internal/compression/compression.go:227.16,229.3 1 0
github.com/issac1998/go-queue/internal/compression/compression.go:231.2,232.16 2 0
github.com/issac1998/go-queue/internal/compression/compression.go:232.16,234.3 1 0
github.com/issac1998/go-queue/internal/compression/compression.go:237.2,249.20 9 0
github.com/issac1998/go-queue/internal/compression/compression.go:253.53,254.19 1 0
github.com/issac1998/go-queue/internal/compression/compression.go:254.19,256.3 1 0
github.com/issac1998/go-queue/internal/compression/compression.go:258.2,264.16 4 0
github.com/issac1998/go-queue/internal/compression/compression.go:264.16,266.3 1 0
github.com/issac1998/go-queue/internal/compression/compression.go:268.2,269.16 2 0
github.com/issac1998/go-queue/internal/compression/compression.go:269.16,271.3 1 0
github.com/issac1998/go-queue/internal/compression/compression.go:274.2,274.46 1 0
github.com/issac1998/go-queue/internal/compression/compression.go:274.46,277.3 1 0
github.com/issac1998/go-queue/internal/compression/compression.go:279.2,279.26 1 0
github.com/issac1998/go-queue/internal/compression/compression.go:283.74,284.23 1 0
github.com/issac1998/go-queue/internal/compression/compression.go:284.23,286.3 1 0
github.com/issac1998/go-queue/internal/compression/compression.go:287.2,287.56 1 0
github.com/issac1998/go-queue/examples/simple/main.go:11.13,28.16 6 0
github.com/issac1998/go-queue/examples/simple/main.go:28.16,30.3 1 0
github.com/issac1998/go-queue/examples/simple/main.go:30.8,30.38 1 0
github.com/issac1998/go-queue/examples/simple/main.go:30.38,32.3 1 0
github.com/issac1998/go-queue/examples/simple/main.go:32.8,34.3 1 0
github.com/issac1998/go-queue/examples/simple/main.go:36.2,51.41 6 0
github.com/issac1998/go-queue/examples/simple/main.go:51.41,60.17 4 0
github.com/issac1998/go-queue/examples/simple/main.go:60.17,63.4 2 0
github.com/issac1998/go-queue/examples/simple/main.go:63.9,63.33 1 0
github.com/issac1998/go-queue/examples/simple/main.go:63.33,66.4 2 0
github.com/issac1998/go-queue/examples/simple/main.go:68.3,72.36 3 0
github.com/issac1998/go-queue/examples/simple/main.go:76.2,77.39 2 0
github.com/issac1998/go-queue/examples/simple/main.go:77.39,79.17 2 0
github.com/issac1998/go-queue/examples/simple/main.go:79.17,81.12 2 0
github.com/issac1998/go-queue/examples/simple/main.go:82.9,82.38 1 0
github.com/issac1998/go-queue/examples/simple/main.go:82.38,84.12 2 0
github.com/issac1998/go-queue/examples/simple/main.go:87.3,87.36 1 0
github.com/issac1998/go-queue/examples/simple/main.go:87.36,90.4 2 0
github.com/issac1998/go-queue/examples/simple/main.go:90.9,92.4 1 0
github.com/issac1998/go-queue/examples/simple/main.go:96.2,109.36 4 0
github.com/issac1998/go-queue/examples/simple/main.go:109.36,111.3 1 0
github.com/issac1998/go-queue/examples/simple/main.go:113.2,114.16 2 0
github.com/issac1998/go-queue/examples/simple/main.go:114.16,117.3 2 0
github.com/issac1998/go-queue/examples/simple/main.go:117.8,117.37 1 0
github.com/issac1998/go-queue/examples/simple/main.go:117.37,120.3 2 0
github.com/issac1998/go-queue/examples/simple/main.go:122.2,130.16 5 0
github.com/issac1998/go-queue/examples/simple/main.go:130.16,132.3 1 0
github.com/issac1998/go-queue/examples/simple/main.go:132.8,132.42 1 0
github.com/issac1998/go-queue/examples/simple/main.go:132.42,134.3 1 0
github.com/issac1998/go-queue/examples/simple/main.go:134.8,136.49 2 0
github.com/issac1998/go-queue/examples/simple/main.go:136.49,138.4 1 0
github.com/issac1998/go-queue/examples/simple/main.go:139.3,139.65 1 0
github.com/issac1998/go-queue/examples/simple/main.go:143.2,145.16 3 0
github.com/issac1998/go-queue/examples/simple/main.go:145.16,147.3 1 0
github.com/issac1998/go-queue/examples/simple/main.go:147.8,147.40 1 0
github.com/issac1998/go-queue/examples/simple/main.go:147.40,149.3 1 0
github.com/issac1998/go-queue/examples/simple/main.go:149.8,154.47 4 0
github.com/issac1998/go-queue/examples/simple/main.go:154.47,156.50 2 0
github.com/issac1998/go-queue/examples/simple/main.go:156.50,159.5 2 0
github.com/issac1998/go-queue/examples/simple/main.go:159.10,159.56 1 0
github.com/issac1998/go-queue/examples/simple/main.go:159.56,162.5 2 0
github.com/issac1998/go-queue/examples/simple/main.go:162.10,164.5 1 0
github.com/issac1998/go-queue/examples/simple/main.go:167.3,169.61 2 0
github.com/issac1998/go-queue/examples/simple/main.go:173.2,174.56 2 0
github.com/issac1998/go-queue/examples/simple/main.go:174.56,178.17 3 0
github.com/issac1998/go-queue/examples/simple/main.go:178.17,180.4 1 0
github.com/issac1998/go-queue/examples/simple/main.go:180.9,180.40 1 0
github.com/issac1998/go-queue/examples/simple/main.go:180.40,182.4 1 0
github.com/issac1998/go-queue/examples/simple/main.go:182.9,184.47 2 0
github.com/issac1998/go-queue/examples/simple/main.go:184.47,186.5 1 0
github.com/issac1998/go-queue/examples/simple/main.go:190.2,194.52 5 0
github.com/issac1998/go-queue/examples/consumer_groups/main.go:12.13,29.16 6 0
github.com/issac1998/go-queue/examples/consumer_groups/main.go:29.16,31.3 1 0
github.com/issac1998/go-queue/examples/consumer_groups/main.go:31.8,31.38 1 0
github.com/issac1998/go-queue/examples/consumer_groups/main.go:31.38,33.3 1 0
github.com/issac1998/go-queue/examples/consumer_groups/main.go:33.8,35.3 1 0
github.com/issac1998/go-queue/examples/consumer_groups/main.go:38.2,42.26 3 0
github.com/issac1998/go-queue/examples/consumer_groups/main.go:42.26,51.17 4 0
github.com/issac1998/go-queue/examples/consumer_groups/main.go:51.17,53.12 2 0
github.com/issac1998/go-queue/examples/consumer_groups/main.go:55.3,55.26 1 0
github.com/issac1998/go-queue/examples/consumer_groups/main.go:55.26,57.12 2 0
github.com/issac1998/go-queue/examples/consumer_groups/main.go:60.3,60.100 1 0
github.com/issac1998/go-queue/examples/consumer_groups/main.go:64.2,76.25 7 0
github.com/issac1998/go-queue/examples/consumer_groups/main.go:76.25,89.50 4 0
github.com/issac1998/go-queue/examples/consumer_groups/main.go:89.50,91.12 2 0
github.com/issac1998/go-queue/examples/consumer_groups/main.go:95.3,96.83 2 0
github.com/issac1998/go-queue/examples/consumer_groups/main.go:100.2,109.37 5 0
github.com/issac1998/go-queue/examples/consumer_groups/main.go:109.37,113.49 3 0
github.com/issac1998/go-queue/examples/consumer_groups/main.go:113.49,117.53 2 0
github.com/issac1998/go-queue/examples/consumer_groups/main.go:117.53,119.37 2 0
github.com/issac1998/go-queue/examples/consumer_groups/main.go:119.37,121.6 1 0
github.com/issac1998/go-queue/examples/consumer_groups/main.go:122.5,127.15 4 0
github.com/issac1998/go-queue/examples/consumer_groups/main.go:131.4,135.14 3 0
github.com/issac1998/go-queue/examples/consumer_groups/main.go:135.14,138.5 2 0
github.com/issac1998/go-queue/examples/consumer_groups/main.go:141.4,144.46 3 0
github.com/issac1998/go-queue/examples/consumer_groups/main.go:144.46,145.42 1 0
github.com/issac1998/go-queue/examples/consumer_groups/main.go:145.42,146.33 1 0
github.com/issac1998/go-queue/examples/consumer_groups/main.go:146.33,149.21 2 0
github.com/issac1998/go-queue/examples/consumer_groups/main.go:149.21,151.8 1 0
github.com/issac1998/go-queue/examples/consumer_groups/main.go:153.7,154.11 2 0
github.com/issac1998/go-queue/examples/consumer_groups/main.go:154.11,155.15 1 0
github.com/issac1998/go-queue/examples/consumer_groups/main.go:156.20,157.15 1 0
github.com/issac1998/go-queue/examples/consumer_groups/main.go:158.16,161.23 2 0
github.com/issac1998/go-queue/examples/consumer_groups/main.go:161.23,164.18 3 0
github.com/issac1998/go-queue/examples/consumer_groups/main.go:167.9,167.32 1 0
github.com/issac1998/go-queue/examples/consumer_groups/main.go:167.32,170.18 3 0
github.com/issac1998/go-queue/examples/consumer_groups/main.go:174.9,174.45 1 0
github.com/issac1998/go-queue/examples/consumer_groups/main.go:174.45,180.10 3 0
github.com/issac1998/go-queue/examples/consumer_groups/main.go:183.9,183.38 1 0
github.com/issac1998/go-queue/examples/consumer_groups/main.go:183.38,185.10 1 0
github.com/issac1998/go-queue/examples/consumer_groups/main.go:193.4,193.10 1 0
github.com/issac1998/go-queue/examples/consumer_groups/main.go:198.2,204.53 5 0
github.com/issac1998/go-queue/examples/consumer_groups/main.go:204.53,207.3 2 0
github.com/issac1998/go-queue/examples/consumer_groups/main.go:208.2,212.24 3 0
github.com/issac1998/go-queue/examples/consumer_groups/main.go:212.24,216.54 3 0
github.com/issac1998/go-queue/examples/consumer_groups/main.go:216.54,218.4 1 0
github.com/issac1998/go-queue/examples/consumer_groups/main.go:218.9,220.4 1 0
github.com/issac1998/go-queue/examples/consumer_groups/main.go:223.3,226.39 2 0
github.com/issac1998/go-queue/examples/consumer_groups/main.go:226.39,230.4 3 0
github.com/issac1998/go-queue/examples/consumer_groups/main.go:234.2,235.38 2 0
github.com/issac1998/go-queue/examples/consumer_groups/main.go:235.38,239.51 3 0
github.com/issac1998/go-queue/examples/consumer_groups/main.go:239.51,241.4 1 0
github.com/issac1998/go-queue/examples/consumer_groups/main.go:241.9,243.4 1 0
github.com/issac1998/go-queue/examples/consumer_groups/main.go:246.2,254.52 9 0
github.com/issac1998/go-queue/examples/compression_dedup/main.go:12.13,31.16 8 0
github.com/issac1998/go-queue/examples/compression_dedup/main.go:31.16,33.3 1 0
github.com/issac1998/go-queue/examples/compression_dedup/main.go:34.2,34.25 1 0
github.com/issac1998/go-queue/examples/compression_dedup/main.go:34.25,36.3 1 0
github.com/issac1998/go-queue/examples/compression_dedup/main.go:36.8,38.3 1 0
github.com/issac1998/go-queue/examples/compression_dedup/main.go:40.2,61.39 9 0
github.com/issac1998/go-queue/examples/compression_dedup/main.go:61.39,69.17 3 0
github.com/issac1998/go-queue/examples/compression_dedup/main.go:69.17,71.12 2 0
github.com/issac1998/go-queue/examples/compression_dedup/main.go:73.3,73.30 1 0
github.com/issac1998/go-queue/examples/compression_dedup/main.go:73.30,75.12 2 0
github.com/issac1998/go-queue/examples/compression_dedup/main.go:78.3,80.41 2 0
github.com/issac1998/go-queue/examples/compression_dedup/main.go:84.2,95.16 5 0
github.com/issac1998/go-queue/examples/compression_dedup/main.go:95.16,97.3 1 0
github.com/issac1998/go-queue/examples/compression_dedup/main.go:97.8,97.33 1 0
github.com/issac1998/go-queue/examples/compression_dedup/main.go:97.33,99.3 1 0
github.com/issac1998/go-queue/examples/compression_dedup/main.go:99.8,101.3 1 0
github.com/issac1998/go-queue/examples/compression_dedup/main.go:103.2,105.16 3 0
github.com/issac1998/go-queue/examples/compression_dedup/main.go:105.16,107.3 1 0
github.com/issac1998/go-queue/examples/compression_dedup/main.go:107.8,107.33 1 0
github.com/issac1998/go-queue/examples/compression_dedup/main.go:107.33,109.3 1 0
github.com/issac1998/go-queue/examples/compression_dedup/main.go:109.8,111.39 2 0
github.com/issac1998/go-queue/examples/compression_dedup/main.go:111.39,113.4 1 0
github.com/issac1998/go-queue/examples/compression_dedup/main.go:113.9,115.4 1 0
github.com/issac1998/go-queue/examples/compression_dedup/main.go:119.2,128.16 4 0
github.com/issac1998/go-queue/examples/compression_dedup/main.go:128.16,130.3 1 0
github.com/issac1998/go-queue/examples/compression_dedup/main.go:130.8,130.37 1 0
github.com/issac1998/go-queue/examples/compression_dedup/main.go:130.37,132.3 1 0
github.com/issac1998/go-queue/examples/compression_dedup/main.go:132.8,134.3 1 0
github.com/issac1998/go-queue/examples/compression_dedup/main.go:136.2,142.16 4 0
github.com/issac1998/go-queue/examples/compression_dedup/main.go:142.16,144.3 1 0
github.com/issac1998/go-queue/examples/compression_dedup/main.go:144.8,144.37 1 0
github.com/issac1998/go-queue/examples/compression_dedup/main.go:144.37,146.3 1 0
github.com/issac1998/go-queue/examples/compression_dedup/main.go:146.8,150.44 3 0
github.com/issac1998/go-queue/examples/compression_dedup/main.go:150.44,153.26 3 0
github.com/issac1998/go-queue/examples/compression_dedup/main.go:153.26,155.5 1 0
github.com/issac1998/go-queue/examples/compression_dedup/main.go:157.4,160.70 2 0
github.com/issac1998/go-queue/examples/compression_dedup/main.go:160.70,162.142 2 0
github.com/issac1998/go-queue/examples/compression_dedup/main.go:162.142,164.6 1 0
github.com/issac1998/go-queue/examples/compression_dedup/main.go:170.2,173.53 4 0
github.com/issac1998/go-queue/examples/compression_dedup/main.go:173.53,174.30 1 0
github.com/issac1998/go-queue/examples/compression_dedup/main.go:174.30,176.4 1 0
github.com/issac1998/go-queue/examples/compression_dedup/main.go:177.3,177.21 1 0
github.com/issac1998/go-queue/examples/compression_dedup/main.go:179.2,179.53 1 0
github.com/issac1998/go-queue/examples/compression_dedup/main.go:179.53,180.75 1 0
github.com/issac1998/go-queue/examples/compression_dedup/main.go:180.75,182.4 1 0
github.com/issac1998/go-queue/examples/compression_dedup/main.go:183.3,183.33 1 0
github.com/issac1998/go-queue/examples/compression_dedup/main.go:185.2,185.53 1 0
github.com/issac1998/go-queue/examples/compression_dedup/main.go:185.53,186.58 1 0
github.com/issac1998/go-queue/examples/compression_dedup/main.go:186.58,188.4 1 0
github.com/issac1998/go-queue/examples/compression_dedup/main.go:189.3,189.24 1 0
github.com/issac1998/go-queue/examples/compression_dedup/main.go:192.2,197.52 6 0
github.com/issac1998/go-queue/internal/deduplication/deduplication.go:20.35,21.11 1 0
github.com/issac1998/go-queue/internal/deduplication/deduplication.go:22.11,23.15 1 0
github.com/issac1998/go-queue/internal/deduplication/deduplication.go:24.14,25.18 1 0
github.com/issac1998/go-queue/internal/deduplication/deduplication.go:26.10,27.19 1 0
github.com/issac1998/go-queue/internal/deduplication/deduplication.go:61.30,68.2 1 0
github.com/issac1998/go-queue/internal/deduplication/deduplication.go:71.52,72.19 1 0
github.com/issac1998/go-queue/internal/deduplication/deduplication.go:72.19,74.3 1 0
github.com/issac1998/go-queue/internal/deduplication/deduplication.go:76.2,85.28 2 0
github.com/issac1998/go-queue/internal/deduplication/deduplication.go:85.28,87.3 1 0
github.com/issac1998/go-queue/internal/deduplication/deduplication.go:89.2,89.10 1 0
github.com/issac1998/go-queue/internal/deduplication/deduplication.go:93.41,95.2 1 0
github.com/issac1998/go-queue/internal/deduplication/deduplication.go:98.33,102.39 4 0
github.com/issac1998/go-queue/internal/deduplication/deduplication.go:102.39,104.3 1 0
github.com/issac1998/go-queue/internal/deduplication/deduplication.go:108.34,112.26 4 0
github.com/issac1998/go-queue/internal/deduplication/deduplication.go:112.26,115.3 2 0
github.com/issac1998/go-queue/internal/deduplication/deduplication.go:119.58,122.20 2 0
github.com/issac1998/go-queue/internal/deduplication/deduplication.go:123.11,124.21 1 0
github.com/issac1998/go-queue/internal/deduplication/deduplication.go:125.14,126.24 1 0
github.com/issac1998/go-queue/internal/deduplication/deduplication.go:127.10,128.24 1 0
github.com/issac1998/go-queue/internal/deduplication/deduplication.go:131.2,132.44 2 0
github.com/issac1998/go-queue/internal/deduplication/deduplication.go:137.91,138.16 1 0
github.com/issac1998/go-queue/internal/deduplication/deduplication.go:138.16,140.3 1 0
github.com/issac1998/go-queue/internal/deduplication/deduplication.go:142.2,148.12 5 0
github.com/issac1998/go-queue/internal/deduplication/deduplication.go:148.12,153.3 3 0
github.com/issac1998/go-queue/internal/deduplication/deduplication.go:156.2,156.36 1 0
github.com/issac1998/go-queue/internal/deduplication/deduplication.go:156.36,158.3 1 0
github.com/issac1998/go-queue/internal/deduplication/deduplication.go:161.2,170.23 3 0
github.com/issac1998/go-queue/internal/deduplication/deduplication.go:174.70,175.16 1 0
github.com/issac1998/go-queue/internal/deduplication/deduplication.go:175.16,177.3 1 0
github.com/issac1998/go-queue/internal/deduplication/deduplication.go:179.2,185.13 5 0
github.com/issac1998/go-queue/internal/deduplication/deduplication.go:185.13,187.3 1 0
github.com/issac1998/go-queue/internal/deduplication/deduplication.go:190.2,196.3 1 0
github.com/issac1998/go-queue/internal/deduplication/deduplication.go:200.38,204.37 3 0
github.com/issac1998/go-queue/internal/deduplication/deduplication.go:204.37,205.61 1 0
github.com/issac1998/go-queue/internal/deduplication/deduplication.go:205.61,208.4 2 0
github.com/issac1998/go-queue/internal/deduplication/deduplication.go:211.2,211.22 1 0
github.com/issac1998/go-queue/internal/deduplication/deduplication.go:211.22,213.3 1 0
github.com/issac1998/go-queue/internal/deduplication/deduplication.go:217.39,219.35 2 0
github.com/issac1998/go-queue/internal/deduplication/deduplication.go:219.35,221.3 1 0
github.com/issac1998/go-queue/internal/deduplication/deduplication.go:223.2,225.12 2 0
github.com/issac1998/go-queue/internal/deduplication/deduplication.go:225.12,226.7 1 0
github.com/issac1998/go-queue/internal/deduplication/deduplication.go:226.7,227.11 1 0
github.com/issac1998/go-queue/internal/deduplication/deduplication.go:228.27,229.16 1 0
github.com/issac1998/go-queue/internal/deduplication/deduplication.go:230.20,231.11 1 0
github.com/issac1998/go-queue/internal/deduplication/deduplication.go:238.34,245.37 5 0
github.com/issac1998/go-queue/internal/deduplication/deduplication.go:245.37,246.38 1 0
github.com/issac1998/go-queue/internal/deduplication/deduplication.go:246.38,248.4 1 0
github.com/issac1998/go-queue/internal/deduplication/deduplication.go:251.2,251.37 1 0
github.com/issac1998/go-queue/internal/deduplication/deduplication.go:251.37,253.3 1 0
github.com/issac1998/go-queue/internal/deduplication/deduplication.go:257.42,264.34 5 0
github.com/issac1998/go-queue/internal/deduplication/deduplication.go:264.34,266.22 2 0
github.com/issac1998/go-queue/internal/deduplication/deduplication.go:266.22,268.4 1 0
github.com/issac1998/go-queue/internal/deduplication/deduplication.go:271.2,278.3 1 0
github.com/issac1998/go-queue/internal/deduplication/deduplication.go:292.32,296.2 3 0
github.com/issac1998/go-queue/internal/deduplication/deduplication.go:299.32,300.26 1 0
github.com/issac1998/go-queue/internal/deduplication/deduplication.go:300.26,302.3 1 0
github.com/issac1998/go-queue/internal/deduplication/deduplication.go:303.2,303.17 1 0
github.com/issac1998/go-queue/internal/deduplication/deduplication.go:307.66,310.18 2 0
github.com/issac1998/go-queue/internal/deduplication/deduplication.go:311.11,312.21 1 0
github.com/issac1998/go-queue/internal/deduplication/deduplication.go:313.14,314.24 1 0
github.com/issac1998/go-queue/internal/deduplication/deduplication.go:315.10,316.24 1 0
github.com/issac1998/go-queue/internal/deduplication/deduplication.go:319.2,320.44 2 0
github.com/issac1998/go-queue/internal/config/config.go:74.65,76.16 2 0
github.com/issac1998/go-queue/internal/config/config.go:76.16,78.3 1 0
github.com/issac1998/go-queue/internal/config/config.go:80.2,81.58 2 0
github.com/issac1998/go-queue/internal/config/config.go:81.58,83.3 1 0
github.com/issac1998/go-queue/internal/config/config.go:86.2,87.16 2 0
github.com/issac1998/go-queue/internal/config/config.go:87.16,89.3 1 0
github.com/issac1998/go-queue/internal/config/config.go:91.2,92.16 2 0
github.com/issac1998/go-queue/internal/config/config.go:92.16,94.3 1 0
github.com/issac1998/go-queue/internal/config/config.go:96.2,97.16 2 0
github.com/issac1998/go-queue/internal/config/config.go:97.16,99.3 1 0
github.com/issac1998/go-queue/internal/config/config.go:102.2,103.43 2 0
github.com/issac1998/go-queue/internal/config/config.go:103.43,105.17 2 0
github.com/issac1998/go-queue/internal/config/config.go:105.17,107.4 1 0
github.com/issac1998/go-queue/internal/config/config.go:109.3,114.4 1 0
github.com/issac1998/go-queue/internal/config/config.go:118.2,140.30 2 0
github.com/issac1998/go-queue/internal/config/config.go:140.30,142.3 1 0
github.com/issac1998/go-queue/internal/config/config.go:144.2,144.20 1 0
github.com/issac1998/go-queue/internal/config/config.go:148.65,150.16 2 0
github.com/issac1998/go-queue/internal/config/config.go:150.16,152.3 1 0
github.com/issac1998/go-queue/internal/config/config.go:154.2,155.54 2 0
github.com/issac1998/go-queue/internal/config/config.go:155.54,157.3 1 0
github.com/issac1998/go-queue/internal/config/config.go:160.2,160.25 1 0
github.com/issac1998/go-queue/internal/config/config.go:160.25,162.3 1 0
github.com/issac1998/go-queue/internal/config/config.go:163.2,163.26 1 0
github.com/issac1998/go-queue/internal/config/config.go:163.26,165.3 1 0
github.com/issac1998/go-queue/internal/config/config.go:167.2,167.21 1 0
github.com/issac1998/go-queue/internal/config/config.go:171.68,173.2 1 0
github.com/issac1998/go-queue/client/admin.go:15.38,19.2 1 1
github.com/issac1998/go-queue/client/admin.go:35.81,37.25 1 1
github.com/issac1998/go-queue/client/admin.go:37.25,39.3 1 1
github.com/issac1998/go-queue/client/admin.go:40.2,40.23 1 1
github.com/issac1998/go-queue/client/admin.go:40.23,42.3 1 1
github.com/issac1998/go-queue/client/admin.go:45.2,46.16 2 1
github.com/issac1998/go-queue/client/admin.go:46.16,48.3 1 0
github.com/issac1998/go-queue/client/admin.go:51.2,52.16 2 1
github.com/issac1998/go-queue/client/admin.go:52.16,54.3 1 1
github.com/issac1998/go-queue/client/admin.go:57.2,58.16 2 0
github.com/issac1998/go-queue/client/admin.go:58.16,60.3 1 0
github.com/issac1998/go-queue/client/admin.go:62.2,62.20 1 0
github.com/issac1998/go-queue/client/admin.go:66.81,70.84 2 1
github.com/issac1998/go-queue/client/admin.go:70.84,72.3 1 0
github.com/issac1998/go-queue/client/admin.go:75.2,75.82 1 1
github.com/issac1998/go-queue/client/admin.go:75.82,77.3 1 0
github.com/issac1998/go-queue/client/admin.go:78.2,78.53 1 1
github.com/issac1998/go-queue/client/admin.go:78.53,80.3 1 0
github.com/issac1998/go-queue/client/admin.go:83.2,83.76 1 1
github.com/issac1998/go-queue/client/admin.go:83.76,85.3 1 0
github.com/issac1998/go-queue/client/admin.go:88.2,88.74 1 1
github.com/issac1998/go-queue/client/admin.go:88.74,90.3 1 0
github.com/issac1998/go-queue/client/admin.go:92.2,92.25 1 1
github.com/issac1998/go-queue/client/admin.go:96.101,105.71 4 1
github.com/issac1998/go-queue/client/admin.go:105.71,107.3 1 0
github.com/issac1998/go-queue/client/admin.go:110.2,110.20 1 1
github.com/issac1998/go-queue/client/admin.go:110.20,112.3 1 1
github.com/issac1998/go-queue/client/admin.go:114.2,114.20 1 1
github.com/issac1998/go-queue/client/admin.go:131.51,134.2 1 1
github.com/issac1998/go-queue/client/admin.go:137.48,140.2 1 1
github.com/issac1998/go-queue/client/admin.go:143.63,146.2 1 1
github.com/issac1998/go-queue/client/client.go:26.45,27.29 1 1
github.com/issac1998/go-queue/client/client.go:27.29,29.3 1 1
github.com/issac1998/go-queue/client/client.go:30.2,30.25 1 1
github.com/issac1998/go-queue/client/client.go:30.25,32.3 1 1
github.com/issac1998/go-queue/client/client.go:34.2,37.3 1 1
github.com/issac1998/go-queue/client/client.go:41.46,43.16 2 1
github.com/issac1998/go-queue/client/client.go:43.16,45.3 1 1
github.com/issac1998/go-queue/client/client.go:46.2,46.18 1 0
github.com/issac1998/go-queue/client/client.go:50.85,55.16 4 1
github.com/issac1998/go-queue/client/client.go:55.16,57.3 1 1
github.com/issac1998/go-queue/client/client.go:58.2,64.74 3 0
github.com/issac1998/go-queue/client/client.go:64.74,66.3 1 0
github.com/issac1998/go-queue/client/client.go:69.2,69.51 1 0
github.com/issac1998/go-queue/client/client.go:69.51,71.3 1 0
github.com/issac1998/go-queue/client/client.go:74.2,75.74 2 0
github.com/issac1998/go-queue/client/client.go:75.74,77.3 1 0
github.com/issac1998/go-queue/client/client.go:80.2,81.37 2 0
github.com/issac1998/go-queue/client/client.go:81.37,84.24 2 0
github.com/issac1998/go-queue/client/client.go:84.24,86.4 1 0
github.com/issac1998/go-queue/client/client.go:90.2,91.59 2 0
github.com/issac1998/go-queue/client/client.go:91.59,93.3 1 0
github.com/issac1998/go-queue/client/client.go:95.2,95.26 1 0
github.com/issac1998/go-queue/client/consumer.go:16.44,20.2 1 1
github.com/issac1998/go-queue/client/consumer.go:48.66,50.23 1 1
github.com/issac1998/go-queue/client/consumer.go:50.23,52.3 1 1
github.com/issac1998/go-queue/client/consumer.go:55.2,56.16 2 1
github.com/issac1998/go-queue/client/consumer.go:56.16,58.3 1 0
github.com/issac1998/go-queue/client/consumer.go:61.2,62.16 2 1
github.com/issac1998/go-queue/client/consumer.go:62.16,64.3 1 1
github.com/issac1998/go-queue/client/consumer.go:67.2,68.16 2 0
github.com/issac1998/go-queue/client/consumer.go:68.16,70.3 1 0
github.com/issac1998/go-queue/client/consumer.go:72.2,72.20 1 0
github.com/issac1998/go-queue/client/consumer.go:76.97,83.2 1 1
github.com/issac1998/go-queue/client/consumer.go:86.72,90.84 2 1
github.com/issac1998/go-queue/client/consumer.go:90.84,92.3 1 0
github.com/issac1998/go-queue/client/consumer.go:95.2,95.83 1 1
github.com/issac1998/go-queue/client/consumer.go:95.83,97.3 1 0
github.com/issac1998/go-queue/client/consumer.go:98.2,98.54 1 1
github.com/issac1998/go-queue/client/consumer.go:98.54,100.3 1 0
github.com/issac1998/go-queue/client/consumer.go:103.2,103.75 1 1
github.com/issac1998/go-queue/client/consumer.go:103.75,105.3 1 0
github.com/issac1998/go-queue/client/consumer.go:108.2,108.72 1 1
github.com/issac1998/go-queue/client/consumer.go:108.72,110.3 1 0
github.com/issac1998/go-queue/client/consumer.go:113.2,113.74 1 1
github.com/issac1998/go-queue/client/consumer.go:113.74,115.3 1 0
github.com/issac1998/go-queue/client/consumer.go:117.2,117.25 1 1
github.com/issac1998/go-queue/client/consumer.go:121.126,132.70 4 1
github.com/issac1998/go-queue/client/consumer.go:132.70,134.3 1 0
github.com/issac1998/go-queue/client/consumer.go:135.2,136.56 2 1
github.com/issac1998/go-queue/client/consumer.go:136.56,138.3 1 0
github.com/issac1998/go-queue/client/consumer.go:141.2,142.79 2 1
github.com/issac1998/go-queue/client/consumer.go:142.79,144.3 1 0
github.com/issac1998/go-queue/client/consumer.go:147.2,148.71 2 1
github.com/issac1998/go-queue/client/consumer.go:148.71,150.3 1 0
github.com/issac1998/go-queue/client/consumer.go:152.2,152.20 1 1
github.com/issac1998/go-queue/client/consumer.go:152.20,155.3 2 0
github.com/issac1998/go-queue/client/consumer.go:158.2,158.79 1 1
github.com/issac1998/go-queue/client/consumer.go:158.79,160.3 1 0
github.com/issac1998/go-queue/client/consumer.go:163.2,164.74 2 1
github.com/issac1998/go-queue/client/consumer.go:164.74,166.3 1 0
github.com/issac1998/go-queue/client/consumer.go:169.2,170.43 2 1
github.com/issac1998/go-queue/client/consumer.go:170.43,173.69 2 1
github.com/issac1998/go-queue/client/consumer.go:173.69,175.4 1 0
github.com/issac1998/go-queue/client/consumer.go:178.3,178.39 1 1
github.com/issac1998/go-queue/client/consumer.go:178.39,180.4 1 0
github.com/issac1998/go-queue/client/consumer.go:183.3,184.54 2 1
github.com/issac1998/go-queue/client/consumer.go:184.54,186.4 1 0
github.com/issac1998/go-queue/client/consumer.go:188.3,195.18 3 1
github.com/issac1998/go-queue/client/consumer.go:198.2,198.20 1 1
github.com/issac1998/go-queue/client/consumer.go:202.96,205.6 2 0
github.com/issac1998/go-queue/client/consumer.go:205.6,207.17 2 0
github.com/issac1998/go-queue/client/consumer.go:207.17,209.4 1 0
github.com/issac1998/go-queue/client/consumer.go:211.3,211.26 1 0
github.com/issac1998/go-queue/client/consumer.go:211.26,213.4 1 0
github.com/issac1998/go-queue/client/consumer.go:216.3,216.39 1 0
github.com/issac1998/go-queue/client/consumer.go:216.39,217.39 1 0
github.com/issac1998/go-queue/client/consumer.go:217.39,219.5 1 0
github.com/issac1998/go-queue/client/consumer.go:220.4,220.27 1 0
github.com/issac1998/go-queue/client/consumer.go:224.3,224.32 1 0
github.com/issac1998/go-queue/client/consumer.go:224.32,226.9 1 0
github.com/issac1998/go-queue/client/consumer.go:230.3,230.33 1 0
github.com/issac1998/go-queue/client/consumer.go:230.33,232.4 1 0
github.com/issac1998/go-queue/client/consumer.go:235.2,235.12 1 0
github.com/issac1998/go-queue/client/consumer_group.go:59.82,60.32 1 0
github.com/issac1998/go-queue/client/consumer_group.go:60.32,62.3 1 0
github.com/issac1998/go-queue/client/consumer_group.go:64.2,72.3 1 0
github.com/issac1998/go-queue/client/consumer_group.go:76.44,84.16 5 0
github.com/issac1998/go-queue/client/consumer_group.go:84.16,86.3 1 0
github.com/issac1998/go-queue/client/consumer_group.go:89.2,90.16 2 0
github.com/issac1998/go-queue/client/consumer_group.go:90.16,92.3 1 0
github.com/issac1998/go-queue/client/consumer_group.go:95.2,96.16 2 0
github.com/issac1998/go-queue/client/consumer_group.go:96.16,98.3 1 0
github.com/issac1998/go-queue/client/consumer_group.go:101.2,106.12 3 0
github.com/issac1998/go-queue/client/consumer_group.go:110.45,121.16 6 0
github.com/issac1998/go-queue/client/consumer_group.go:121.16,123.3 1 0
github.com/issac1998/go-queue/client/consumer_group.go:126.2,127.16 2 0
github.com/issac1998/go-queue/client/consumer_group.go:127.16,129.3 1 0
github.com/issac1998/go-queue/client/consumer_group.go:132.2,133.16 2 0
github.com/issac1998/go-queue/client/consumer_group.go:133.16,135.3 1 0
github.com/issac1998/go-queue/client/consumer_group.go:137.2,138.12 2 0
github.com/issac1998/go-queue/client/consumer_group.go:142.107,148.16 3 0
github.com/issac1998/go-queue/client/consumer_group.go:148.16,150.3 1 0
github.com/issac1998/go-queue/client/consumer_group.go:153.2,154.16 2 0
github.com/issac1998/go-queue/client/consumer_group.go:154.16,156.3 1 0
github.com/issac1998/go-queue/client/consumer_group.go:159.2,160.16 2 0
github.com/issac1998/go-queue/client/consumer_group.go:160.16,162.3 1 0
github.com/issac1998/go-queue/client/consumer_group.go:164.2,164.12 1 0
github.com/issac1998/go-queue/client/consumer_group.go:168.93,171.16 2 0
github.com/issac1998/go-queue/client/consumer_group.go:171.16,173.3 1 0
github.com/issac1998/go-queue/client/consumer_group.go:176.2,177.16 2 0
github.com/issac1998/go-queue/client/consumer_group.go:177.16,179.3 1 0
github.com/issac1998/go-queue/client/consumer_group.go:182.2,183.16 2 0
github.com/issac1998/go-queue/client/consumer_group.go:183.16,185.3 1 0
github.com/issac1998/go-queue/client/consumer_group.go:187.2,187.20 1 0
github.com/issac1998/go-queue/client/consumer_group.go:191.61,197.47 4 0
github.com/issac1998/go-queue/client/consumer_group.go:197.47,201.3 3 0
github.com/issac1998/go-queue/client/consumer_group.go:202.2,202.19 1 0
github.com/issac1998/go-queue/client/consumer_group.go:207.43,210.12 2 0
github.com/issac1998/go-queue/client/consumer_group.go:210.12,211.7 1 0
github.com/issac1998/go-queue/client/consumer_group.go:211.7,212.11 1 0
github.com/issac1998/go-queue/client/consumer_group.go:213.32,214.46 1 0
github.com/issac1998/go-queue/client/consumer_group.go:214.46,216.6 1 0
github.com/issac1998/go-queue/client/consumer_group.go:217.28,218.11 1 0
github.com/issac1998/go-queue/client/consumer_group.go:224.50,225.31 1 0
github.com/issac1998/go-queue/client/consumer_group.go:225.31,229.3 3 0
github.com/issac1998/go-queue/client/consumer_group.go:232.48,235.16 2 0
github.com/issac1998/go-queue/client/consumer_group.go:235.16,237.3 1 0
github.com/issac1998/go-queue/client/consumer_group.go:240.2,241.16 2 0
github.com/issac1998/go-queue/client/consumer_group.go:241.16,243.3 1 0
github.com/issac1998/go-queue/client/consumer_group.go:246.2,246.48 1 0
github.com/issac1998/go-queue/client/consumer_group.go:251.66,272.34 11 0
github.com/issac1998/go-queue/client/consumer_group.go:272.34,275.3 2 0
github.com/issac1998/go-queue/client/consumer_group.go:278.2,281.25 3 0
github.com/issac1998/go-queue/client/consumer_group.go:284.67,299.2 7 0
github.com/issac1998/go-queue/client/consumer_group.go:301.66,319.2 8 0
github.com/issac1998/go-queue/client/consumer_group.go:321.129,346.2 11 0
github.com/issac1998/go-queue/client/consumer_group.go:348.97,366.2 8 0
github.com/issac1998/go-queue/client/consumer_group.go:370.68,375.71 3 0
github.com/issac1998/go-queue/client/consumer_group.go:375.71,377.3 1 0
github.com/issac1998/go-queue/client/consumer_group.go:378.2,378.20 1 0
github.com/issac1998/go-queue/client/consumer_group.go:378.20,380.3 1 0
github.com/issac1998/go-queue/client/consumer_group.go:383.2,383.75 1 0
github.com/issac1998/go-queue/client/consumer_group.go:383.75,385.3 1 0
github.com/issac1998/go-queue/client/consumer_group.go:388.2,389.72 2 0
github.com/issac1998/go-queue/client/consumer_group.go:389.72,391.3 1 0
github.com/issac1998/go-queue/client/consumer_group.go:392.2,393.58 2 0
github.com/issac1998/go-queue/client/consumer_group.go:393.58,395.3 1 0
github.com/issac1998/go-queue/client/consumer_group.go:398.2,399.75 2 0
github.com/issac1998/go-queue/client/consumer_group.go:399.75,401.3 1 0
github.com/issac1998/go-queue/client/consumer_group.go:402.2,403.61 2 0
github.com/issac1998/go-queue/client/consumer_group.go:403.61,405.3 1 0
github.com/issac1998/go-queue/client/consumer_group.go:408.2,409.71 2 0
github.com/issac1998/go-queue/client/consumer_group.go:409.71,411.3 1 0
github.com/issac1998/go-queue/client/consumer_group.go:412.2,413.57 2 0
github.com/issac1998/go-queue/client/consumer_group.go:413.57,415.3 1 0
github.com/issac1998/go-queue/client/consumer_group.go:416.2,420.73 3 0
github.com/issac1998/go-queue/client/consumer_group.go:420.73,422.3 1 0
github.com/issac1998/go-queue/client/consumer_group.go:424.2,425.42 2 0
github.com/issac1998/go-queue/client/consumer_group.go:425.42,427.74 2 0
github.com/issac1998/go-queue/client/consumer_group.go:427.74,429.4 1 0
github.com/issac1998/go-queue/client/consumer_group.go:430.3,431.60 2 0
github.com/issac1998/go-queue/client/consumer_group.go:431.60,433.4 1 0
github.com/issac1998/go-queue/client/consumer_group.go:435.3,436.74 2 0
github.com/issac1998/go-queue/client/consumer_group.go:436.74,438.4 1 0
github.com/issac1998/go-queue/client/consumer_group.go:439.3,440.60 2 0
github.com/issac1998/go-queue/client/consumer_group.go:440.60,442.4 1 0
github.com/issac1998/go-queue/client/consumer_group.go:444.3,447.4 1 0
github.com/issac1998/go-queue/client/consumer_group.go:451.2,452.77 2 0
github.com/issac1998/go-queue/client/consumer_group.go:452.77,454.3 1 0
github.com/issac1998/go-queue/client/consumer_group.go:456.2,457.46 2 0
github.com/issac1998/go-queue/client/consumer_group.go:457.46,459.71 2 0
github.com/issac1998/go-queue/client/consumer_group.go:459.71,461.4 1 0
github.com/issac1998/go-queue/client/consumer_group.go:462.3,463.57 2 0
github.com/issac1998/go-queue/client/consumer_group.go:463.57,465.4 1 0
github.com/issac1998/go-queue/client/consumer_group.go:466.3,469.77 3 0
github.com/issac1998/go-queue/client/consumer_group.go:469.77,471.4 1 0
github.com/issac1998/go-queue/client/consumer_group.go:473.3,474.46 2 0
github.com/issac1998/go-queue/client/consumer_group.go:474.46,475.77 1 0
github.com/issac1998/go-queue/client/consumer_group.go:475.77,477.5 1 0
github.com/issac1998/go-queue/client/consumer_group.go:479.3,479.36 1 0
github.com/issac1998/go-queue/client/consumer_group.go:482.2,482.12 1 0
github.com/issac1998/go-queue/client/consumer_group.go:485.69,489.71 3 0
github.com/issac1998/go-queue/client/consumer_group.go:489.71,491.3 1 0
github.com/issac1998/go-queue/client/consumer_group.go:492.2,492.20 1 0
github.com/issac1998/go-queue/client/consumer_group.go:492.20,494.3 1 0
github.com/issac1998/go-queue/client/consumer_group.go:496.2,496.12 1 0
github.com/issac1998/go-queue/client/consumer_group.go:499.68,503.71 3 0
github.com/issac1998/go-queue/client/consumer_group.go:503.71,505.3 1 0
github.com/issac1998/go-queue/client/consumer_group.go:506.2,506.20 1 0
github.com/issac1998/go-queue/client/consumer_group.go:506.20,508.3 1 0
github.com/issac1998/go-queue/client/consumer_group.go:510.2,510.12 1 0
github.com/issac1998/go-queue/client/consumer_group.go:513.71,517.71 3 0
github.com/issac1998/go-queue/client/consumer_group.go:517.71,519.3 1 0
github.com/issac1998/go-queue/client/consumer_group.go:520.2,520.20 1 0
github.com/issac1998/go-queue/client/consumer_group.go:520.20,522.3 1 0
github.com/issac1998/go-queue/client/consumer_group.go:524.2,524.12 1 0
github.com/issac1998/go-queue/client/consumer_group.go:527.79,531.71 3 0
github.com/issac1998/go-queue/client/consumer_group.go:531.71,533.3 1 0
github.com/issac1998/go-queue/client/consumer_group.go:534.2,534.20 1 0
github.com/issac1998/go-queue/client/consumer_group.go:534.20,536.3 1 0
github.com/issac1998/go-queue/client/consumer_group.go:538.2,539.68 2 0
github.com/issac1998/go-queue/client/consumer_group.go:539.68,541.3 1 0
github.com/issac1998/go-queue/client/consumer_group.go:543.2,543.20 1 0
github.com/issac1998/go-queue/client/producer.go:28.44,32.2 1 1
github.com/issac1998/go-queue/client/producer.go:50.69,52.2 1 0
github.com/issac1998/go-queue/client/producer.go:55.81,56.24 1 1
github.com/issac1998/go-queue/client/producer.go:56.24,58.3 1 1
github.com/issac1998/go-queue/client/producer.go:61.2,63.31 3 1
github.com/issac1998/go-queue/client/producer.go:63.31,64.55 1 1
github.com/issac1998/go-queue/client/producer.go:64.55,66.4 1 1
github.com/issac1998/go-queue/client/producer.go:70.2,71.16 2 1
github.com/issac1998/go-queue/client/producer.go:71.16,73.3 1 0
github.com/issac1998/go-queue/client/producer.go:76.2,77.16 2 1
github.com/issac1998/go-queue/client/producer.go:77.16,79.3 1 1
github.com/issac1998/go-queue/client/producer.go:82.2,83.16 2 0
github.com/issac1998/go-queue/client/producer.go:83.16,85.3 1 0
github.com/issac1998/go-queue/client/producer.go:87.2,87.20 1 0
github.com/issac1998/go-queue/client/producer.go:91.114,95.84 2 1
github.com/issac1998/go-queue/client/producer.go:95.84,97.3 1 0
github.com/issac1998/go-queue/client/producer.go:100.2,100.79 1 1
github.com/issac1998/go-queue/client/producer.go:100.79,102.3 1 0
github.com/issac1998/go-queue/client/producer.go:103.2,103.50 1 1
github.com/issac1998/go-queue/client/producer.go:103.50,105.3 1 0
github.com/issac1998/go-queue/client/producer.go:108.2,108.71 1 1
github.com/issac1998/go-queue/client/producer.go:108.71,110.3 1 0
github.com/issac1998/go-queue/client/producer.go:113.2,113.83 1 1
github.com/issac1998/go-queue/client/producer.go:113.83,115.3 1 0
github.com/issac1998/go-queue/client/producer.go:118.2,119.31 2 1
github.com/issac1998/go-queue/client/producer.go:119.31,121.92 1 1
github.com/issac1998/go-queue/client/producer.go:121.92,123.4 1 0
github.com/issac1998/go-queue/client/producer.go:125.3,125.57 1 1
github.com/issac1998/go-queue/client/producer.go:125.57,127.4 1 0
github.com/issac1998/go-queue/client/producer.go:131.2,131.86 1 1
github.com/issac1998/go-queue/client/producer.go:131.86,133.3 1 0
github.com/issac1998/go-queue/client/producer.go:136.2,136.58 1 1
github.com/issac1998/go-queue/client/producer.go:136.58,138.3 1 0
github.com/issac1998/go-queue/client/producer.go:140.2,140.25 1 1
github.com/issac1998/go-queue/client/producer.go:144.109,149.72 3 1
github.com/issac1998/go-queue/client/producer.go:149.72,151.3 1 0
github.com/issac1998/go-queue/client/producer.go:154.2,155.71 2 1
github.com/issac1998/go-queue/client/producer.go:155.71,157.3 1 0
github.com/issac1998/go-queue/client/producer.go:159.2,166.20 2 1
github.com/issac1998/go-queue/client/producer.go:166.20,168.3 1 0
github.com/issac1998/go-queue/client/producer.go:170.2,170.20 1 1
github.com/issac1998/go-queue/internal/protocol/consumer_group.go:102.77,105.16 2 0
github.com/issac1998/go-queue/internal/protocol/consumer_group.go:105.16,107.3 1 0
github.com/issac1998/go-queue/internal/protocol/consumer_group.go:109.2,115.16 3 0
github.com/issac1998/go-queue/internal/protocol/consumer_group.go:115.16,118.3 2 0
github.com/issac1998/go-queue/internal/protocol/consumer_group.go:121.2,122.13 2 0
github.com/issac1998/go-queue/internal/protocol/consumer_group.go:122.13,124.3 1 0
github.com/issac1998/go-queue/internal/protocol/consumer_group.go:125.2,130.31 4 0
github.com/issac1998/go-queue/internal/protocol/consumer_group.go:130.31,134.40 2 0
github.com/issac1998/go-queue/internal/protocol/consumer_group.go:134.40,135.58 1 0
github.com/issac1998/go-queue/internal/protocol/consumer_group.go:135.58,137.47 2 0
github.com/issac1998/go-queue/internal/protocol/consumer_group.go:137.47,139.6 1 0
github.com/issac1998/go-queue/internal/protocol/consumer_group.go:140.5,140.44 1 0
github.com/issac1998/go-queue/internal/protocol/consumer_group.go:144.3,145.17 2 0
github.com/issac1998/go-queue/internal/protocol/consumer_group.go:145.17,147.4 1 0
github.com/issac1998/go-queue/internal/protocol/consumer_group.go:151.2,152.13 2 0
github.com/issac1998/go-queue/internal/protocol/consumer_group.go:152.13,154.3 1 0
github.com/issac1998/go-queue/internal/protocol/consumer_group.go:155.2,168.39 3 0
github.com/issac1998/go-queue/internal/protocol/consumer_group.go:168.39,173.3 1 0
github.com/issac1998/go-queue/internal/protocol/consumer_group.go:175.2,175.46 1 0
github.com/issac1998/go-queue/internal/protocol/consumer_group.go:179.78,181.16 2 0
github.com/issac1998/go-queue/internal/protocol/consumer_group.go:181.16,183.3 1 0
github.com/issac1998/go-queue/internal/protocol/consumer_group.go:185.2,188.16 3 0
github.com/issac1998/go-queue/internal/protocol/consumer_group.go:188.16,191.3 2 0
github.com/issac1998/go-queue/internal/protocol/consumer_group.go:193.2,193.72 1 0
github.com/issac1998/go-queue/internal/protocol/consumer_group.go:197.77,199.16 2 0
github.com/issac1998/go-queue/internal/protocol/consumer_group.go:199.16,201.3 1 0
github.com/issac1998/go-queue/internal/protocol/consumer_group.go:203.2,204.16 2 0
github.com/issac1998/go-queue/internal/protocol/consumer_group.go:204.16,207.3 2 0
github.com/issac1998/go-queue/internal/protocol/consumer_group.go:209.2,209.70 1 0
github.com/issac1998/go-queue/internal/protocol/consumer_group.go:213.80,215.16 2 0
github.com/issac1998/go-queue/internal/protocol/consumer_group.go:215.16,217.3 1 0
github.com/issac1998/go-queue/internal/protocol/consumer_group.go:219.2,223.16 3 0
github.com/issac1998/go-queue/internal/protocol/consumer_group.go:223.16,226.3 2 0
github.com/issac1998/go-queue/internal/protocol/consumer_group.go:228.2,228.76 1 0
github.com/issac1998/go-queue/internal/protocol/consumer_group.go:232.79,234.16 2 0
github.com/issac1998/go-queue/internal/protocol/consumer_group.go:234.16,236.3 1 0
github.com/issac1998/go-queue/internal/protocol/consumer_group.go:238.2,239.13 2 0
github.com/issac1998/go-queue/internal/protocol/consumer_group.go:239.13,241.3 1 0
github.com/issac1998/go-queue/internal/protocol/consumer_group.go:243.2,246.4 1 0
github.com/issac1998/go-queue/internal/protocol/consumer_group.go:250.70,252.70 2 0
github.com/issac1998/go-queue/internal/protocol/consumer_group.go:252.70,254.3 1 0
github.com/issac1998/go-queue/internal/protocol/consumer_group.go:257.2,258.73 2 0
github.com/issac1998/go-queue/internal/protocol/consumer_group.go:258.73,260.3 1 0
github.com/issac1998/go-queue/internal/protocol/consumer_group.go:261.2,262.59 2 0
github.com/issac1998/go-queue/internal/protocol/consumer_group.go:262.59,264.3 1 0
github.com/issac1998/go-queue/internal/protocol/consumer_group.go:267.2,268.76 2 0
github.com/issac1998/go-queue/internal/protocol/consumer_group.go:268.76,270.3 1 0
github.com/issac1998/go-queue/internal/protocol/consumer_group.go:271.2,272.62 2 0
github.com/issac1998/go-queue/internal/protocol/consumer_group.go:272.62,274.3 1 0
github.com/issac1998/go-queue/internal/protocol/consumer_group.go:277.2,278.74 2 0
github.com/issac1998/go-queue/internal/protocol/consumer_group.go:278.74,280.3 1 0
github.com/issac1998/go-queue/internal/protocol/consumer_group.go:281.2,282.60 2 0
github.com/issac1998/go-queue/internal/protocol/consumer_group.go:282.60,284.3 1 0
github.com/issac1998/go-queue/internal/protocol/consumer_group.go:287.2,288.73 2 0
github.com/issac1998/go-queue/internal/protocol/consumer_group.go:288.73,290.3 1 0
github.com/issac1998/go-queue/internal/protocol/consumer_group.go:292.2,293.41 2 0
github.com/issac1998/go-queue/internal/protocol/consumer_group.go:293.41,295.72 2 0
github.com/issac1998/go-queue/internal/protocol/consumer_group.go:295.72,297.4 1 0
github.com/issac1998/go-queue/internal/protocol/consumer_group.go:298.3,299.58 2 0
github.com/issac1998/go-queue/internal/protocol/consumer_group.go:299.58,301.4 1 0
github.com/issac1998/go-queue/internal/protocol/consumer_group.go:302.3,302.33 1 0
github.com/issac1998/go-queue/internal/protocol/consumer_group.go:306.2,307.79 2 0
github.com/issac1998/go-queue/internal/protocol/consumer_group.go:307.79,309.3 1 0
github.com/issac1998/go-queue/internal/protocol/consumer_group.go:311.2,317.8 1 0
github.com/issac1998/go-queue/internal/protocol/consumer_group.go:320.72,322.70 2 0
github.com/issac1998/go-queue/internal/protocol/consumer_group.go:322.70,324.3 1 0
github.com/issac1998/go-queue/internal/protocol/consumer_group.go:327.2,328.73 2 0
github.com/issac1998/go-queue/internal/protocol/consumer_group.go:328.73,330.3 1 0
github.com/issac1998/go-queue/internal/protocol/consumer_group.go:331.2,332.59 2 0
github.com/issac1998/go-queue/internal/protocol/consumer_group.go:332.59,334.3 1 0
github.com/issac1998/go-queue/internal/protocol/consumer_group.go:337.2,338.76 2 0
github.com/issac1998/go-queue/internal/protocol/consumer_group.go:338.76,340.3 1 0
github.com/issac1998/go-queue/internal/protocol/consumer_group.go:341.2,342.62 2 0
github.com/issac1998/go-queue/internal/protocol/consumer_group.go:342.62,344.3 1 0
github.com/issac1998/go-queue/internal/protocol/consumer_group.go:346.2,349.8 1 0
github.com/issac1998/go-queue/internal/protocol/consumer_group.go:352.70,354.70 2 0
github.com/issac1998/go-queue/internal/protocol/consumer_group.go:354.70,356.3 1 0
github.com/issac1998/go-queue/internal/protocol/consumer_group.go:359.2,360.73 2 0
github.com/issac1998/go-queue/internal/protocol/consumer_group.go:360.73,362.3 1 0
github.com/issac1998/go-queue/internal/protocol/consumer_group.go:363.2,364.59 2 0
github.com/issac1998/go-queue/internal/protocol/consumer_group.go:364.59,366.3 1 0
github.com/issac1998/go-queue/internal/protocol/consumer_group.go:369.2,370.76 2 0
github.com/issac1998/go-queue/internal/protocol/consumer_group.go:370.76,372.3 1 0
github.com/issac1998/go-queue/internal/protocol/consumer_group.go:373.2,374.62 2 0
github.com/issac1998/go-queue/internal/protocol/consumer_group.go:374.62,376.3 1 0
github.com/issac1998/go-queue/internal/protocol/consumer_group.go:379.2,380.73 2 0
github.com/issac1998/go-queue/internal/protocol/consumer_group.go:380.73,382.3 1 0
github.com/issac1998/go-queue/internal/protocol/consumer_group.go:384.2,388.8 1 0
github.com/issac1998/go-queue/internal/protocol/consumer_group.go:391.76,393.70 2 0
github.com/issac1998/go-queue/internal/protocol/consumer_group.go:393.70,395.3 1 0
github.com/issac1998/go-queue/internal/protocol/consumer_group.go:398.2,399.73 2 0
github.com/issac1998/go-queue/internal/protocol/consumer_group.go:399.73,401.3 1 0
github.com/issac1998/go-queue/internal/protocol/consumer_group.go:402.2,403.59 2 0
github.com/issac1998/go-queue/internal/protocol/consumer_group.go:403.59,405.3 1 0
github.com/issac1998/go-queue/internal/protocol/consumer_group.go:408.2,409.71 2 0
github.com/issac1998/go-queue/internal/protocol/consumer_group.go:409.71,411.3 1 0
github.com/issac1998/go-queue/internal/protocol/consumer_group.go:412.2,413.57 2 0
github.com/issac1998/go-queue/internal/protocol/consumer_group.go:413.57,415.3 1 0
github.com/issac1998/go-queue/internal/protocol/consumer_group.go:418.2,419.72 2 0
github.com/issac1998/go-queue/internal/protocol/consumer_group.go:419.72,421.3 1 0
github.com/issac1998/go-queue/internal/protocol/consumer_group.go:424.2,425.69 2 0
github.com/issac1998/go-queue/internal/protocol/consumer_group.go:425.69,427.3 1 0
github.com/issac1998/go-queue/internal/protocol/consumer_group.go:430.2,431.74 2 0
github.com/issac1998/go-queue/internal/protocol/consumer_group.go:431.74,433.3 1 0
github.com/issac1998/go-queue/internal/protocol/consumer_group.go:434.2,435.60 2 0
github.com/issac1998/go-queue/internal/protocol/consumer_group.go:435.60,437.3 1 0
github.com/issac1998/go-queue/internal/protocol/consumer_group.go:439.2,445.8 1 0
github.com/issac1998/go-queue/internal/protocol/consumer_group.go:448.74,450.70 2 0
github.com/issac1998/go-queue/internal/protocol/consumer_group.go:450.70,452.3 1 0
github.com/issac1998/go-queue/internal/protocol/consumer_group.go:455.2,456.73 2 0
github.com/issac1998/go-queue/internal/protocol/consumer_group.go:456.73,458.3 1 0
github.com/issac1998/go-queue/internal/protocol/consumer_group.go:459.2,460.59 2 0
github.com/issac1998/go-queue/internal/protocol/consumer_group.go:460.59,462.3 1 0
github.com/issac1998/go-queue/internal/protocol/consumer_group.go:465.2,466.71 2 0
github.com/issac1998/go-queue/internal/protocol/consumer_group.go:466.71,468.3 1 0
github.com/issac1998/go-queue/internal/protocol/consumer_group.go:469.2,470.57 2 0
github.com/issac1998/go-queue/internal/protocol/consumer_group.go:470.57,472.3 1 0
github.com/issac1998/go-queue/internal/protocol/consumer_group.go:475.2,476.72 2 0
github.com/issac1998/go-queue/internal/protocol/consumer_group.go:476.72,478.3 1 0
github.com/issac1998/go-queue/internal/protocol/consumer_group.go:480.2,484.8 1 0
github.com/issac1998/go-queue/internal/protocol/consumer_group.go:488.78,511.42 11 0
github.com/issac1998/go-queue/internal/protocol/consumer_group.go:511.42,516.3 4 0
github.com/issac1998/go-queue/internal/protocol/consumer_group.go:519.2,520.53 2 0
github.com/issac1998/go-queue/internal/protocol/consumer_group.go:520.53,524.40 4 0
github.com/issac1998/go-queue/internal/protocol/consumer_group.go:524.40,526.4 1 0
github.com/issac1998/go-queue/internal/protocol/consumer_group.go:530.2,533.12 4 0
github.com/issac1998/go-queue/internal/protocol/consumer_group.go:536.63,550.2 12 0
github.com/issac1998/go-queue/internal/protocol/consumer_group.go:552.80,560.2 6 0
github.com/issac1998/go-queue/internal/protocol/consumer_group.go:562.64,564.2 1 0
github.com/issac1998/go-queue/internal/protocol/consumer_group.go:566.78,574.2 6 0
github.com/issac1998/go-queue/internal/protocol/consumer_group.go:576.63,578.2 1 0
github.com/issac1998/go-queue/internal/protocol/consumer_group.go:580.84,588.2 6 0
github.com/issac1998/go-queue/internal/protocol/consumer_group.go:590.66,592.2 1 0
github.com/issac1998/go-queue/internal/protocol/consumer_group.go:594.82,603.2 7 0
github.com/issac1998/go-queue/internal/protocol/consumer_group.go:605.79,610.2 1 0
github.com/issac1998/go-queue/internal/protocol/fetch.go:33.59,38.67 3 0
github.com/issac1998/go-queue/internal/protocol/fetch.go:38.67,40.3 1 0
github.com/issac1998/go-queue/internal/protocol/fetch.go:41.2,41.39 1 0
github.com/issac1998/go-queue/internal/protocol/fetch.go:41.39,43.3 1 0
github.com/issac1998/go-queue/internal/protocol/fetch.go:46.2,47.68 2 0
github.com/issac1998/go-queue/internal/protocol/fetch.go:47.68,49.3 1 0
github.com/issac1998/go-queue/internal/protocol/fetch.go:50.2,51.54 2 0
github.com/issac1998/go-queue/internal/protocol/fetch.go:51.54,53.3 1 0
github.com/issac1998/go-queue/internal/protocol/fetch.go:54.2,57.73 2 0
github.com/issac1998/go-queue/internal/protocol/fetch.go:57.73,59.3 1 0
github.com/issac1998/go-queue/internal/protocol/fetch.go:60.2,60.70 1 0
github.com/issac1998/go-queue/internal/protocol/fetch.go:60.70,62.3 1 0
github.com/issac1998/go-queue/internal/protocol/fetch.go:63.2,63.72 1 0
github.com/issac1998/go-queue/internal/protocol/fetch.go:63.72,65.3 1 0
github.com/issac1998/go-queue/internal/protocol/fetch.go:68.2,68.39 1 0
github.com/issac1998/go-queue/internal/protocol/fetch.go:68.39,70.3 1 0
github.com/issac1998/go-queue/internal/protocol/fetch.go:70.8,70.30 1 0
github.com/issac1998/go-queue/internal/protocol/fetch.go:70.30,72.3 1 0
github.com/issac1998/go-queue/internal/protocol/fetch.go:74.2,74.17 1 0
github.com/issac1998/go-queue/internal/protocol/fetch.go:78.52,90.35 9 0
github.com/issac1998/go-queue/internal/protocol/fetch.go:90.35,93.3 2 0
github.com/issac1998/go-queue/internal/protocol/fetch.go:96.2,97.68 2 0
github.com/issac1998/go-queue/internal/protocol/fetch.go:97.68,99.3 1 0
github.com/issac1998/go-queue/internal/protocol/fetch.go:102.2,102.54 1 0
github.com/issac1998/go-queue/internal/protocol/fetch.go:102.54,104.3 1 0
github.com/issac1998/go-queue/internal/protocol/fetch.go:105.2,105.56 1 0
github.com/issac1998/go-queue/internal/protocol/fetch.go:105.56,107.3 1 0
github.com/issac1998/go-queue/internal/protocol/fetch.go:109.2,109.12 1 0
github.com/issac1998/go-queue/internal/protocol/fetch.go:115.83,118.16 2 0
github.com/issac1998/go-queue/internal/protocol/fetch.go:118.16,120.3 1 0
github.com/issac1998/go-queue/internal/protocol/fetch.go:123.2,124.16 2 0
github.com/issac1998/go-queue/internal/protocol/fetch.go:124.16,126.3 1 0
github.com/issac1998/go-queue/internal/protocol/fetch.go:129.2,136.29 2 0
github.com/issac1998/go-queue/internal/protocol/fetch.go:142.99,144.33 1 0
github.com/issac1998/go-queue/internal/protocol/fetch.go:144.33,145.71 1 0
github.com/issac1998/go-queue/internal/protocol/fetch.go:145.71,149.4 2 0
github.com/issac1998/go-queue/internal/protocol/fetch.go:151.2,151.50 1 0
github.com/issac1998/go-queue/internal/protocol/fetch.go:159.28,165.28 4 0
github.com/issac1998/go-queue/internal/protocol/fetch.go:165.28,169.59 3 0
github.com/issac1998/go-queue/internal/protocol/fetch.go:169.59,170.30 1 0
github.com/issac1998/go-queue/internal/protocol/fetch.go:170.30,171.10 1 0
github.com/issac1998/go-queue/internal/protocol/fetch.go:173.4,173.22 1 0
github.com/issac1998/go-queue/internal/protocol/fetch.go:175.3,180.61 3 0
github.com/issac1998/go-queue/internal/protocol/fetch.go:180.61,181.9 1 0
github.com/issac1998/go-queue/internal/protocol/fetch.go:185.3,186.56 2 0
github.com/issac1998/go-queue/internal/protocol/fetch.go:186.56,188.4 1 0
github.com/issac1998/go-queue/internal/protocol/fetch.go:189.3,191.35 3 0
github.com/issac1998/go-queue/internal/protocol/fetch.go:194.2,194.51 1 0
github.com/issac1998/go-queue/internal/protocol/fetch.go:198.68,202.42 2 0
github.com/issac1998/go-queue/internal/protocol/fetch.go:202.42,204.3 1 0
github.com/issac1998/go-queue/internal/protocol/fetch.go:205.2,205.56 1 0
github.com/issac1998/go-queue/internal/protocol/produce.go:68.63,72.67 3 0
github.com/issac1998/go-queue/internal/protocol/produce.go:72.67,74.3 1 0
github.com/issac1998/go-queue/internal/protocol/produce.go:77.2,78.68 2 0
github.com/issac1998/go-queue/internal/protocol/produce.go:78.68,80.3 1 0
github.com/issac1998/go-queue/internal/protocol/produce.go:81.2,82.54 2 0
github.com/issac1998/go-queue/internal/protocol/produce.go:82.54,84.3 1 0
github.com/issac1998/go-queue/internal/protocol/produce.go:85.2,88.73 2 0
github.com/issac1998/go-queue/internal/protocol/produce.go:88.73,90.3 1 0
github.com/issac1998/go-queue/internal/protocol/produce.go:91.2,91.75 1 0
github.com/issac1998/go-queue/internal/protocol/produce.go:91.75,93.3 1 0
github.com/issac1998/go-queue/internal/protocol/produce.go:96.2,97.70 2 0
github.com/issac1998/go-queue/internal/protocol/produce.go:97.70,99.3 1 0
github.com/issac1998/go-queue/internal/protocol/produce.go:102.2,103.6 2 0
github.com/issac1998/go-queue/internal/protocol/produce.go:103.6,105.80 2 0
github.com/issac1998/go-queue/internal/protocol/produce.go:105.80,106.30 1 0
github.com/issac1998/go-queue/internal/protocol/produce.go:106.30,107.10 1 0
github.com/issac1998/go-queue/internal/protocol/produce.go:109.4,109.63 1 0
github.com/issac1998/go-queue/internal/protocol/produce.go:112.3,112.31 1 0
github.com/issac1998/go-queue/internal/protocol/produce.go:112.31,114.4 1 0
github.com/issac1998/go-queue/internal/protocol/produce.go:116.3,117.60 2 0
github.com/issac1998/go-queue/internal/protocol/produce.go:117.60,119.4 1 0
github.com/issac1998/go-queue/internal/protocol/produce.go:120.3,120.43 1 0
github.com/issac1998/go-queue/internal/protocol/produce.go:123.2,123.18 1 0
github.com/issac1998/go-queue/internal/protocol/produce.go:127.54,130.71 2 0
github.com/issac1998/go-queue/internal/protocol/produce.go:130.71,132.3 1 0
github.com/issac1998/go-queue/internal/protocol/produce.go:135.2,135.74 1 0
github.com/issac1998/go-queue/internal/protocol/produce.go:135.74,137.3 1 0
github.com/issac1998/go-queue/internal/protocol/produce.go:138.2,138.73 1 0
github.com/issac1998/go-queue/internal/protocol/produce.go:138.73,140.3 1 0
github.com/issac1998/go-queue/internal/protocol/produce.go:142.2,142.12 1 0
github.com/issac1998/go-queue/internal/protocol/produce.go:148.80,151.16 2 0
github.com/issac1998/go-queue/internal/protocol/produce.go:151.16,153.3 1 0
github.com/issac1998/go-queue/internal/protocol/produce.go:156.2,156.21 1 0
github.com/issac1998/go-queue/internal/protocol/produce.go:156.21,158.3 1 0
github.com/issac1998/go-queue/internal/protocol/produce.go:159.2,159.28 1 0
github.com/issac1998/go-queue/internal/protocol/produce.go:159.28,161.3 1 0
github.com/issac1998/go-queue/internal/protocol/produce.go:164.2,165.35 2 0
github.com/issac1998/go-queue/internal/protocol/produce.go:165.35,167.17 2 0
github.com/issac1998/go-queue/internal/protocol/produce.go:167.17,169.4 1 0
github.com/issac1998/go-queue/internal/protocol/produce.go:170.3,170.24 1 0
github.com/issac1998/go-queue/internal/protocol/produce.go:170.24,172.4 1 0
github.com/issac1998/go-queue/internal/protocol/produce.go:176.2,180.29 2 0
github.com/issac1998/go-queue/internal/protocol/produce.go:184.61,189.2 2 0
github.com/issac1998/go-queue/internal/protocol/produce.go:191.73,194.70 2 0
github.com/issac1998/go-queue/internal/protocol/produce.go:194.70,197.3 2 0
github.com/issac1998/go-queue/internal/protocol/produce.go:200.2,201.70 2 0
github.com/issac1998/go-queue/internal/protocol/produce.go:201.70,204.3 2 0
github.com/issac1998/go-queue/internal/protocol/produce.go:207.2,208.54 2 0
github.com/issac1998/go-queue/internal/protocol/produce.go:208.54,211.3 2 0
github.com/issac1998/go-queue/internal/protocol/produce.go:212.2,216.73 3 0
github.com/issac1998/go-queue/internal/protocol/produce.go:216.73,219.3 2 0
github.com/issac1998/go-queue/internal/protocol/produce.go:222.2,230.16 4 0
github.com/issac1998/go-queue/internal/protocol/produce.go:230.16,233.3 2 0
github.com/issac1998/go-queue/internal/protocol/produce.go:236.2,236.28 1 0
github.com/issac1998/go-queue/internal/protocol/produce.go:239.42,241.2 1 0
github.com/issac1998/go-queue/internal/storage/segment.go:60.81,62.47 1 1
github.com/issac1998/go-queue/internal/storage/segment.go:62.47,64.3 1 0
github.com/issac1998/go-queue/internal/storage/segment.go:66.2,72.16 5 1
github.com/issac1998/go-queue/internal/storage/segment.go:72.16,74.3 1 0
github.com/issac1998/go-queue/internal/storage/segment.go:77.2,78.16 2 1
github.com/issac1998/go-queue/internal/storage/segment.go:78.16,81.3 2 0
github.com/issac1998/go-queue/internal/storage/segment.go:84.2,85.16 2 1
github.com/issac1998/go-queue/internal/storage/segment.go:85.16,89.3 3 0
github.com/issac1998/go-queue/internal/storage/segment.go:92.2,93.16 2 1
github.com/issac1998/go-queue/internal/storage/segment.go:93.16,98.3 4 0
github.com/issac1998/go-queue/internal/storage/segment.go:100.2,115.44 2 1
github.com/issac1998/go-queue/internal/storage/segment.go:115.44,118.3 2 0
github.com/issac1998/go-queue/internal/storage/segment.go:121.2,121.35 1 1
github.com/issac1998/go-queue/internal/storage/segment.go:121.35,127.3 3 0
github.com/issac1998/go-queue/internal/storage/segment.go:129.2,129.21 1 1
github.com/issac1998/go-queue/internal/storage/segment.go:134.37,136.16 2 1
github.com/issac1998/go-queue/internal/storage/segment.go:136.16,138.3 1 0
github.com/issac1998/go-queue/internal/storage/segment.go:141.2,145.22 3 1
github.com/issac1998/go-queue/internal/storage/segment.go:145.22,147.3 1 1
github.com/issac1998/go-queue/internal/storage/segment.go:150.2,150.61 1 0
github.com/issac1998/go-queue/internal/storage/segment.go:150.61,152.3 1 0
github.com/issac1998/go-queue/internal/storage/segment.go:155.2,155.41 1 0
github.com/issac1998/go-queue/internal/storage/segment.go:155.41,157.83 2 0
github.com/issac1998/go-queue/internal/storage/segment.go:157.83,159.4 1 0
github.com/issac1998/go-queue/internal/storage/segment.go:160.3,160.85 1 0
github.com/issac1998/go-queue/internal/storage/segment.go:160.85,162.4 1 0
github.com/issac1998/go-queue/internal/storage/segment.go:164.3,165.49 2 0
github.com/issac1998/go-queue/internal/storage/segment.go:169.2,169.12 1 0
github.com/issac1998/go-queue/internal/storage/segment.go:173.85,178.50 3 1
github.com/issac1998/go-queue/internal/storage/segment.go:178.50,180.3 1 0
github.com/issac1998/go-queue/internal/storage/segment.go:183.2,187.16 3 1
github.com/issac1998/go-queue/internal/storage/segment.go:187.16,189.3 1 0
github.com/issac1998/go-queue/internal/storage/segment.go:192.2,192.83 1 1
github.com/issac1998/go-queue/internal/storage/segment.go:192.83,194.3 1 0
github.com/issac1998/go-queue/internal/storage/segment.go:195.2,195.48 1 1
github.com/issac1998/go-queue/internal/storage/segment.go:195.48,197.3 1 0
github.com/issac1998/go-queue/internal/storage/segment.go:200.2,200.76 1 1
github.com/issac1998/go-queue/internal/storage/segment.go:200.76,202.3 1 0
github.com/issac1998/go-queue/internal/storage/segment.go:203.2,203.84 1 1
github.com/issac1998/go-queue/internal/storage/segment.go:203.84,205.3 1 0
github.com/issac1998/go-queue/internal/storage/segment.go:208.2,216.65 3 1
github.com/issac1998/go-queue/internal/storage/segment.go:216.65,218.3 1 1
github.com/issac1998/go-queue/internal/storage/segment.go:219.2,219.37 1 1
github.com/issac1998/go-queue/internal/storage/segment.go:219.37,221.3 1 1
github.com/issac1998/go-queue/internal/storage/segment.go:224.2,228.20 4 1
github.com/issac1998/go-queue/internal/storage/segment.go:232.61,237.65 3 1
github.com/issac1998/go-queue/internal/storage/segment.go:237.65,239.3 1 1
github.com/issac1998/go-queue/internal/storage/segment.go:242.2,242.30 1 1
github.com/issac1998/go-queue/internal/storage/segment.go:242.30,244.3 1 0
github.com/issac1998/go-queue/internal/storage/segment.go:247.2,247.39 1 1
github.com/issac1998/go-queue/internal/storage/segment.go:247.39,248.29 1 1
github.com/issac1998/go-queue/internal/storage/segment.go:248.29,250.4 1 1
github.com/issac1998/go-queue/internal/storage/segment.go:254.2,255.48 2 0
github.com/issac1998/go-queue/internal/storage/segment.go:255.48,256.41 1 0
github.com/issac1998/go-queue/internal/storage/segment.go:256.41,258.9 2 0
github.com/issac1998/go-queue/internal/storage/segment.go:262.2,262.22 1 0
github.com/issac1998/go-queue/internal/storage/segment.go:262.22,264.3 1 0
github.com/issac1998/go-queue/internal/storage/segment.go:267.2,267.15 1 0
github.com/issac1998/go-queue/internal/storage/segment.go:271.62,276.13 3 1
github.com/issac1998/go-queue/internal/storage/segment.go:276.13,278.3 1 0
github.com/issac1998/go-queue/internal/storage/segment.go:281.2,281.61 1 1
github.com/issac1998/go-queue/internal/storage/segment.go:281.61,283.3 1 0
github.com/issac1998/go-queue/internal/storage/segment.go:286.2,287.33 2 1
github.com/issac1998/go-queue/internal/storage/segment.go:287.33,289.3 1 0
github.com/issac1998/go-queue/internal/storage/segment.go:291.2,291.15 1 1
github.com/issac1998/go-queue/internal/storage/segment.go:295.33,302.22 4 1
github.com/issac1998/go-queue/internal/storage/segment.go:302.22,303.43 1 1
github.com/issac1998/go-queue/internal/storage/segment.go:303.43,305.4 1 0
github.com/issac1998/go-queue/internal/storage/segment.go:307.2,307.24 1 1
github.com/issac1998/go-queue/internal/storage/segment.go:307.24,308.45 1 1
github.com/issac1998/go-queue/internal/storage/segment.go:308.45,310.4 1 0
github.com/issac1998/go-queue/internal/storage/segment.go:312.2,312.28 1 1
github.com/issac1998/go-queue/internal/storage/segment.go:312.28,313.49 1 1
github.com/issac1998/go-queue/internal/storage/segment.go:313.49,315.4 1 0
github.com/issac1998/go-queue/internal/storage/segment.go:318.2,318.19 1 1
github.com/issac1998/go-queue/internal/storage/segment.go:318.19,320.3 1 0
github.com/issac1998/go-queue/internal/storage/segment.go:321.2,321.12 1 1
github.com/issac1998/go-queue/internal/storage/segment.go:325.32,329.41 3 1
github.com/issac1998/go-queue/internal/storage/segment.go:329.41,331.3 1 0
github.com/issac1998/go-queue/internal/storage/segment.go:332.2,332.43 1 1
github.com/issac1998/go-queue/internal/storage/segment.go:332.43,334.3 1 0
github.com/issac1998/go-queue/internal/storage/segment.go:335.2,336.12 2 1
github.com/issac1998/go-queue/internal/storage/segment.go:341.55,345.39 4 1
github.com/issac1998/go-queue/internal/storage/segment.go:345.39,346.55 1 1
github.com/issac1998/go-queue/internal/storage/segment.go:346.55,348.4 1 1
github.com/issac1998/go-queue/internal/storage/segment.go:350.2,352.29 2 1
github.com/issac1998/go-queue/internal/storage/segment.go:352.29,354.3 1 1
github.com/issac1998/go-queue/internal/storage/segment.go:354.8,356.3 1 0
github.com/issac1998/go-queue/internal/metadata/consumer_group.go:46.37,47.11 1 0
github.com/issac1998/go-queue/internal/metadata/consumer_group.go:48.23,49.17 1 0
github.com/issac1998/go-queue/internal/metadata/consumer_group.go:50.24,51.18 1 0
github.com/issac1998/go-queue/internal/metadata/consumer_group.go:52.36,53.30 1 0
github.com/issac1998/go-queue/internal/metadata/consumer_group.go:54.37,55.31 1 0
github.com/issac1998/go-queue/internal/metadata/consumer_group.go:56.10,57.19 1 0
github.com/issac1998/go-queue/internal/metadata/consumer_group.go:85.54,90.2 1 1
github.com/issac1998/go-queue/internal/metadata/consumer_group.go:93.77,97.50 3 0
github.com/issac1998/go-queue/internal/metadata/consumer_group.go:97.50,99.3 1 0
github.com/issac1998/go-queue/internal/metadata/consumer_group.go:101.2,118.14 4 0
github.com/issac1998/go-queue/internal/metadata/consumer_group.go:122.82,128.2 4 0
github.com/issac1998/go-queue/internal/metadata/consumer_group.go:131.68,138.2 5 0
github.com/issac1998/go-queue/internal/metadata/consumer_group.go:141.148,164.29 7 0
github.com/issac1998/go-queue/internal/metadata/consumer_group.go:164.29,166.3 1 0
github.com/issac1998/go-queue/internal/metadata/consumer_group.go:169.2,169.37 1 0
github.com/issac1998/go-queue/internal/metadata/consumer_group.go:169.37,172.3 2 0
github.com/issac1998/go-queue/internal/metadata/consumer_group.go:172.8,172.43 1 0
github.com/issac1998/go-queue/internal/metadata/consumer_group.go:172.43,175.3 2 0
github.com/issac1998/go-queue/internal/metadata/consumer_group.go:177.2,177.22 1 0
github.com/issac1998/go-queue/internal/metadata/consumer_group.go:181.79,183.13 2 0
github.com/issac1998/go-queue/internal/metadata/consumer_group.go:183.13,185.3 1 0
github.com/issac1998/go-queue/internal/metadata/consumer_group.go:187.2,194.58 5 0
github.com/issac1998/go-queue/internal/metadata/consumer_group.go:194.58,195.39 1 0
github.com/issac1998/go-queue/internal/metadata/consumer_group.go:195.39,197.9 2 0
github.com/issac1998/go-queue/internal/metadata/consumer_group.go:202.2,202.29 1 0
github.com/issac1998/go-queue/internal/metadata/consumer_group.go:202.29,204.3 1 0
github.com/issac1998/go-queue/internal/metadata/consumer_group.go:204.8,207.3 2 0
github.com/issac1998/go-queue/internal/metadata/consumer_group.go:209.2,209.12 1 0
github.com/issac1998/go-queue/internal/metadata/consumer_group.go:213.78,215.13 2 0
github.com/issac1998/go-queue/internal/metadata/consumer_group.go:215.13,217.3 1 0
github.com/issac1998/go-queue/internal/metadata/consumer_group.go:219.2,223.13 4 0
github.com/issac1998/go-queue/internal/metadata/consumer_group.go:223.13,225.3 1 0
github.com/issac1998/go-queue/internal/metadata/consumer_group.go:227.2,228.12 2 0
github.com/issac1998/go-queue/internal/metadata/consumer_group.go:232.124,237.13 4 0
[...]
github.com/issac1998/go-queue/internal/metadata/manager.go:121.47,123.3 1 0
github.com/issac1998/go-queue/internal/metadata/manager.go:126.2,126.58 1 1
github.com/issac1998/go-queue/internal/metadata/manager.go:126.58,128.3 1 0
github.com/issac1998/go-queue/internal/metadata/manager.go:130.2,134.31 3 1
github.com/issac1998/go-queue/internal/metadata/manager.go:134.31,137.17 3 0
github.com/issac1998/go-queue/internal/metadata/manager.go:137.17,139.4 1 0
github.com/issac1998/go-queue/internal/metadata/manager.go:140.8,142.3 1 1
github.com/issac1998/go-queue/internal/metadata/manager.go:145.2,146.33 2 1
github.com/issac1998/go-queue/internal/metadata/manager.go:146.33,147.40 1 0
github.com/issac1998/go-queue/internal/metadata/manager.go:147.40,149.4 1 0
github.com/issac1998/go-queue/internal/metadata/manager.go:150.3,150.75 1 0
github.com/issac1998/go-queue/internal/metadata/manager.go:153.2,179.21 4 1
github.com/issac1998/go-queue/internal/metadata/manager.go:183.33,188.45 3 0
github.com/issac1998/go-queue/internal/metadata/manager.go:188.45,190.3 1 0
github.com/issac1998/go-queue/internal/metadata/manager.go:193.2,195.12 2 0
github.com/issac1998/go-queue/internal/metadata/manager.go:199.32,207.46 4 1
github.com/issac1998/go-queue/internal/metadata/manager.go:207.46,209.3 1 0
github.com/issac1998/go-queue/internal/metadata/manager.go:211.2,212.12 2 1
github.com/issac1998/go-queue/internal/metadata/manager.go:216.81,220.58 3 1
github.com/issac1998/go-queue/internal/metadata/manager.go:220.58,222.3 1 1
github.com/issac1998/go-queue/internal/metadata/manager.go:224.2,224.41 1 1
github.com/issac1998/go-queue/internal/metadata/manager.go:224.41,226.3 1 1
github.com/issac1998/go-queue/internal/metadata/manager.go:228.2,229.16 2 1
github.com/issac1998/go-queue/internal/metadata/manager.go:229.16,231.3 1 0
github.com/issac1998/go-queue/internal/metadata/manager.go:233.2,239.19 5 1
github.com/issac1998/go-queue/internal/metadata/manager.go:242.84,249.48 2 1
github.com/issac1998/go-queue/internal/metadata/manager.go:249.48,251.17 2 1
github.com/issac1998/go-queue/internal/metadata/manager.go:251.17,253.4 1 0
github.com/issac1998/go-queue/internal/metadata/manager.go:254.3,254.34 1 1
github.com/issac1998/go-queue/internal/metadata/manager.go:256.2,256.19 1 1
github.com/issac1998/go-queue/internal/metadata/manager.go:260.60,264.9 4 1
github.com/issac1998/go-queue/internal/metadata/manager.go:264.9,266.3 1 1
github.com/issac1998/go-queue/internal/metadata/manager.go:267.2,267.15 1 1
github.com/issac1998/go-queue/internal/metadata/manager.go:271.31,274.33 3 1
github.com/issac1998/go-queue/internal/metadata/manager.go:274.33,275.35 1 1
github.com/issac1998/go-queue/internal/metadata/manager.go:275.35,277.4 1 0
github.com/issac1998/go-queue/internal/metadata/manager.go:279.2,279.12 1 1
github.com/issac1998/go-queue/internal/metadata/manager.go:283.57,288.13 4 1
github.com/issac1998/go-queue/internal/metadata/manager.go:288.13,290.3 1 1
github.com/issac1998/go-queue/internal/metadata/manager.go:292.2,292.19 1 1
github.com/issac1998/go-queue/internal/metadata/manager.go:296.50,301.13 4 0
github.com/issac1998/go-queue/internal/metadata/manager.go:301.13,303.3 1 0
github.com/issac1998/go-queue/internal/metadata/manager.go:306.2,306.38 1 0
github.com/issac1998/go-queue/internal/metadata/manager.go:306.38,308.3 1 0
github.com/issac1998/go-queue/internal/metadata/manager.go:310.2,317.12 5 0
github.com/issac1998/go-queue/internal/metadata/manager.go:321.41,326.29 4 1
github.com/issac1998/go-queue/internal/metadata/manager.go:326.29,328.3 1 1
github.com/issac1998/go-queue/internal/metadata/manager.go:330.2,330.15 1 1
github.com/issac1998/go-queue/internal/metadata/manager.go:334.89,339.13 4 1
github.com/issac1998/go-queue/internal/metadata/manager.go:339.13,341.3 1 1
github.com/issac1998/go-queue/internal/metadata/manager.go:343.2,344.16 2 1
github.com/issac1998/go-queue/internal/metadata/manager.go:344.16,346.3 1 1
github.com/issac1998/go-queue/internal/metadata/manager.go:348.2,348.23 1 1
github.com/issac1998/go-queue/internal/metadata/manager.go:352.100,354.44 1 1
github.com/issac1998/go-queue/internal/metadata/manager.go:354.44,356.3 1 1
github.com/issac1998/go-queue/internal/metadata/manager.go:359.2,359.53 1 1
github.com/issac1998/go-queue/internal/metadata/manager.go:359.53,362.17 2 0
github.com/issac1998/go-queue/internal/metadata/manager.go:362.17,364.4 1 0
github.com/issac1998/go-queue/internal/metadata/manager.go:367.3,368.33 2 0
github.com/issac1998/go-queue/internal/metadata/manager.go:368.33,370.4 1 0
github.com/issac1998/go-queue/internal/metadata/manager.go:372.3,373.17 2 0
github.com/issac1998/go-queue/internal/metadata/manager.go:373.17,375.4 1 0
github.com/issac1998/go-queue/internal/metadata/manager.go:375.9,375.20 1 0
github.com/issac1998/go-queue/internal/metadata/manager.go:375.20,378.4 2 0
github.com/issac1998/go-queue/internal/metadata/manager.go:382.2,383.75 2 1
github.com/issac1998/go-queue/internal/metadata/manager.go:383.75,385.17 2 0
github.com/issac1998/go-queue/internal/metadata/manager.go:385.17,388.4 1 0
github.com/issac1998/go-queue/internal/metadata/manager.go:388.9,390.43 1 0
github.com/issac1998/go-queue/internal/metadata/manager.go:390.43,395.5 2 0
github.com/issac1998/go-queue/internal/metadata/manager.go:399.2,400.16 2 1
github.com/issac1998/go-queue/internal/metadata/manager.go:400.16,402.3 1 1
github.com/issac1998/go-queue/internal/metadata/manager.go:405.2,406.16 2 1
github.com/issac1998/go-queue/internal/metadata/manager.go:406.16,409.3 2 0
github.com/issac1998/go-queue/internal/metadata/manager.go:412.2,415.20 3 1
github.com/issac1998/go-queue/internal/metadata/manager.go:419.123,421.16 2 1
github.com/issac1998/go-queue/internal/metadata/manager.go:421.16,423.3 1 1
github.com/issac1998/go-queue/internal/metadata/manager.go:425.2,426.16 2 1
github.com/issac1998/go-queue/internal/metadata/manager.go:426.16,428.3 1 0
github.com/issac1998/go-queue/internal/metadata/manager.go:431.2,431.26 1 1
github.com/issac1998/go-queue/internal/metadata/manager.go:431.26,433.38 2 0
github.com/issac1998/go-queue/internal/metadata/manager.go:433.38,435.24 1 0
github.com/issac1998/go-queue/internal/metadata/manager.go:435.24,437.19 2 0
github.com/issac1998/go-queue/internal/metadata/manager.go:437.19,440.6 1 0
github.com/issac1998/go-queue/internal/metadata/manager.go:440.11,442.6 1 0
github.com/issac1998/go-queue/internal/metadata/manager.go:443.10,446.5 1 0
github.com/issac1998/go-queue/internal/metadata/manager.go:448.3,448.47 1 0
github.com/issac1998/go-queue/internal/metadata/manager.go:451.2,451.37 1 1
github.com/issac1998/go-queue/internal/metadata/manager.go:455.43,464.2 5 1
github.com/issac1998/go-queue/internal/metadata/manager.go:467.41,472.2 3 0
github.com/issac1998/go-queue/internal/metadata/manager.go:475.42,484.2 4 0
github.com/issac1998/go-queue/internal/metadata/manager.go:486.41,487.28 1 1
github.com/issac1998/go-queue/internal/metadata/manager.go:487.28,489.3 1 0
github.com/issac1998/go-queue/internal/metadata/manager.go:490.2,490.26 1 1
github.com/issac1998/go-queue/internal/metadata/manager.go:490.26,492.3 1 0
github.com/issac1998/go-queue/internal/metadata/manager.go:493.2,493.12 1 1
github.com/issac1998/go-queue/internal/metadata/manager.go:496.33,499.6 2 0
github.com/issac1998/go-queue/internal/metadata/manager.go:499.6,500.10 1 0
github.com/issac1998/go-queue/internal/metadata/manager.go:501.28,502.53 1 0
github.com/issac1998/go-queue/internal/metadata/manager.go:502.53,504.5 1 0
github.com/issac1998/go-queue/internal/metadata/manager.go:505.23,506.10 1 0
github.com/issac1998/go-queue/internal/metadata/manager.go:511.37,515.6 3 0
github.com/issac1998/go-queue/internal/metadata/manager.go:515.6,516.10 1 0
github.com/issac1998/go-queue/internal/metadata/manager.go:517.19,518.19 1 0
github.com/issac1998/go-queue/internal/metadata/manager.go:519.23,520.10 1 0
github.com/issac1998/go-queue/internal/metadata/manager.go:526.44,531.61 2 0
github.com/issac1998/go-queue/internal/metadata/manager.go:531.61,533.61 2 0
github.com/issac1998/go-queue/internal/metadata/manager.go:533.61,535.4 1 0
github.com/issac1998/go-queue/internal/metadata/manager.go:536.3,536.13 1 0
github.com/issac1998/go-queue/internal/metadata/manager.go:540.2,541.16 2 0
github.com/issac1998/go-queue/internal/metadata/manager.go:541.16,543.3 1 0
github.com/issac1998/go-queue/internal/metadata/manager.go:545.2,545.32 1 0
github.com/issac1998/go-queue/internal/metadata/manager.go:545.32,546.21 1 0
github.com/issac1998/go-queue/internal/metadata/manager.go:546.21,547.12 1 0
github.com/issac1998/go-queue/internal/metadata/manager.go:550.3,554.59 3 0
github.com/issac1998/go-queue/internal/metadata/manager.go:554.59,556.12 2 0
github.com/issac1998/go-queue/internal/metadata/manager.go:560.2,561.12 2 0
github.com/issac1998/go-queue/internal/metadata/manager.go:565.64,568.16 2 0
github.com/issac1998/go-queue/internal/metadata/manager.go:568.16,570.3 1 0
github.com/issac1998/go-queue/internal/metadata/manager.go:573.2,580.32 3 0
github.com/issac1998/go-queue/internal/metadata/manager.go:580.32,581.21 1 0
github.com/issac1998/go-queue/internal/metadata/manager.go:581.21,582.12 1 0
github.com/issac1998/go-queue/internal/metadata/manager.go:586.3,586.53 1 0
github.com/issac1998/go-queue/internal/metadata/manager.go:586.53,587.12 1 0
github.com/issac1998/go-queue/internal/metadata/manager.go:590.3,592.17 3 0
github.com/issac1998/go-queue/internal/metadata/manager.go:592.17,594.12 2 0
github.com/issac1998/go-queue/internal/metadata/manager.go:598.3,599.17 2 0
github.com/issac1998/go-queue/internal/metadata/manager.go:599.17,601.12 2 0
github.com/issac1998/go-queue/internal/metadata/manager.go:604.3,605.19 2 0
github.com/issac1998/go-queue/internal/metadata/manager.go:608.2,608.24 1 0
github.com/issac1998/go-queue/internal/metadata/manager.go:608.24,612.3 3 0
github.com/issac1998/go-queue/internal/metadata/manager.go:614.2,614.12 1 0
github.com/issac1998/go-queue/internal/metadata/manager.go:618.105,621.16 2 0
github.com/issac1998/go-queue/internal/metadata/manager.go:621.16,623.3 1 0
github.com/issac1998/go-queue/internal/metadata/manager.go:626.2,627.32 2 0
github.com/issac1998/go-queue/internal/metadata/manager.go:627.32,628.64 1 0
github.com/issac1998/go-queue/internal/metadata/manager.go:628.64,630.4 1 0
github.com/issac1998/go-queue/internal/metadata/manager.go:634.2,647.43 3 0
github.com/issac1998/go-queue/internal/metadata/manager.go:647.43,651.17 3 0
github.com/issac1998/go-queue/internal/metadata/manager.go:651.17,653.12 2 0
github.com/issac1998/go-queue/internal/metadata/manager.go:657.3,658.17 2 0
github.com/issac1998/go-queue/internal/metadata/manager.go:658.17,660.12 2 0
github.com/issac1998/go-queue/internal/metadata/manager.go:664.3,667.31 2 0
github.com/issac1998/go-queue/internal/metadata/manager.go:667.31,669.4 1 0
github.com/issac1998/go-queue/internal/metadata/manager.go:672.2,672.34 1 0
github.com/issac1998/go-queue/internal/metadata/manager.go:672.34,675.17 2 0
github.com/issac1998/go-queue/internal/metadata/manager.go:675.17,677.4 1 0
github.com/issac1998/go-queue/internal/metadata/manager.go:678.3,679.32 2 0
github.com/issac1998/go-queue/internal/metadata/manager.go:682.2,683.23 2 0
github.com/issac1998/go-queue/internal/metadata/manager.go:686.45,688.33 1 1
github.com/issac1998/go-queue/internal/metadata/manager.go:688.33,689.39 1 1
github.com/issac1998/go-queue/internal/metadata/manager.go:689.39,691.4 1 0
github.com/issac1998/go-queue/internal/metadata/manager.go:695.2,695.37 1 1
github.com/issac1998/go-queue/internal/metadata/manager.go:695.37,696.41 1 0
github.com/issac1998/go-queue/internal/metadata/manager.go:696.41,698.4 1 0
github.com/issac1998/go-queue/internal/metadata/manager.go:701.2,701.12 1 1
github.com/issac1998/go-queue/internal/metadata/manager.go:704.50,712.33 5 0
github.com/issac1998/go-queue/internal/metadata/manager.go:712.33,713.46 1 0
github.com/issac1998/go-queue/internal/metadata/manager.go:713.46,715.51 2 0
github.com/issac1998/go-queue/internal/metadata/manager.go:715.51,717.50 1 0
github.com/issac1998/go-queue/internal/metadata/manager.go:717.50,722.6 2 0
github.com/issac1998/go-queue/internal/metadata/manager.go:722.11,722.57 1 0
github.com/issac1998/go-queue/internal/metadata/manager.go:722.57,725.6 1 0
github.com/issac1998/go-queue/internal/metadata/manager.go:727.4,727.25 1 0
github.com/issac1998/go-queue/internal/metadata/manager.go:730.2,730.12 1 0
github.com/issac1998/go-queue/internal/metadata/manager.go:733.33,742.33 7 1
github.com/issac1998/go-queue/internal/metadata/manager.go:742.33,743.46 1 1
github.com/issac1998/go-queue/internal/metadata/manager.go:743.46,745.47 2 1
github.com/issac1998/go-queue/internal/metadata/manager.go:745.47,748.5 2 1
github.com/issac1998/go-queue/internal/metadata/manager.go:752.2,755.39 4 1
github.com/issac1998/go-queue/internal/metadata/manager.go:758.35,767.33 5 0
github.com/issac1998/go-queue/internal/metadata/manager.go:767.33,768.46 1 0
github.com/issac1998/go-queue/internal/metadata/manager.go:768.46,769.47 1 0
github.com/issac1998/go-queue/internal/metadata/manager.go:769.47,773.5 2 0
github.com/issac1998/go-queue/internal/metadata/manager.go:777.2,782.26 3 0
github.com/issac1998/go-queue/internal/metadata/manager.go:785.35,791.2 4 1
github.com/issac1998/go-queue/internal/metadata/manager.go:793.49,801.2 6 0
github.com/issac1998/go-queue/internal/metadata/manager.go:803.43,804.26 1 1
github.com/issac1998/go-queue/internal/metadata/manager.go:804.26,806.3 1 0
github.com/issac1998/go-queue/internal/metadata/manager.go:807.2,807.29 1 1
github.com/issac1998/go-queue/internal/metadata/manager.go:807.29,809.3 1 0
github.com/issac1998/go-queue/internal/metadata/manager.go:810.2,810.32 1 1
github.com/issac1998/go-queue/internal/metadata/manager.go:810.32,812.3 1 0
github.com/issac1998/go-queue/internal/metadata/manager.go:813.2,813.12 1 1
github.com/issac1998/go-queue/internal/metadata/manager.go:816.31,819.6 2 0
github.com/issac1998/go-queue/internal/metadata/manager.go:819.6,820.10 1 0
github.com/issac1998/go-queue/internal/metadata/manager.go:821.26,822.16 1 0
github.com/issac1998/go-queue/internal/metadata/manager.go:823.23,824.10 1 0
github.com/issac1998/go-queue/internal/metadata/manager.go:829.30,832.33 3 0
github.com/issac1998/go-queue/internal/metadata/manager.go:832.33,833.46 1 0
github.com/issac1998/go-queue/internal/metadata/manager.go:833.46,835.4 1 0
github.com/issac1998/go-queue/internal/metadata/manager.go:839.29,842.37 3 0
github.com/issac1998/go-queue/internal/metadata/manager.go:842.37,844.3 1 0
github.com/issac1998/go-queue/internal/metadata/manager.go:848.46,852.6 3 0
github.com/issac1998/go-queue/internal/metadata/manager.go:852.6,853.10 1 0
github.com/issac1998/go-queue/internal/metadata/manager.go:854.19,855.46 1 0
github.com/issac1998/go-queue/internal/metadata/manager.go:856.23,857.10 1 0
github.com/issac1998/go-queue/internal/metadata/topic.go:38.82,41.51 2 1
github.com/issac1998/go-queue/internal/metadata/topic.go:41.51,43.3 1 0
github.com/issac1998/go-queue/internal/metadata/topic.go:46.2,47.16 2 1
github.com/issac1998/go-queue/internal/metadata/topic.go:47.16,49.3 1 0
github.com/issac1998/go-queue/internal/metadata/topic.go:51.2,60.15 2 1
github.com/issac1998/go-queue/internal/metadata/topic.go:69.84,73.39 3 0
github.com/issac1998/go-queue/internal/metadata/topic.go:73.39,75.3 1 0
github.com/issac1998/go-queue/internal/metadata/topic.go:77.2,82.44 2 0
github.com/issac1998/go-queue/internal/metadata/topic.go:82.44,84.17 2 0
github.com/issac1998/go-queue/internal/metadata/topic.go:84.17,86.4 1 0
github.com/issac1998/go-queue/internal/metadata/topic.go:87.3,87.34 1 0
github.com/issac1998/go-queue/internal/metadata/topic.go:91.2,92.19 2 0
github.com/issac1998/go-queue/internal/metadata/topic.go:96.44,101.13 4 0
github.com/issac1998/go-queue/internal/metadata/topic.go:101.13,103.3 1 0
github.com/issac1998/go-queue/internal/metadata/topic.go:104.2,104.19 1 0
github.com/issac1998/go-queue/internal/metadata/topic.go:107.82,113.16 3 0
github.com/issac1998/go-queue/internal/metadata/topic.go:113.16,115.3 1 0
github.com/issac1998/go-queue/internal/metadata/topic.go:117.2,122.8 1 0
github.com/issac1998/go-queue/internal/metadata/topic.go:126.72,129.16 2 0
github.com/issac1998/go-queue/internal/metadata/topic.go:129.16,131.3 1 0
github.com/issac1998/go-queue/internal/metadata/topic.go:134.2,134.62 1 0
github.com/issac1998/go-queue/internal/metadata/topic.go:134.62,136.3 1 0
github.com/issac1998/go-queue/internal/metadata/topic.go:138.2,138.39 1 0
github.com/issac1998/go-queue/internal/metadata/topic.go:142.35,147.37 4 1
github.com/issac1998/go-queue/internal/metadata/topic.go:147.37,148.41 1 1
github.com/issac1998/go-queue/internal/metadata/topic.go:148.41,150.4 1 0
github.com/issac1998/go-queue/internal/metadata/topic.go:153.2,153.19 1 1
github.com/issac1998/go-queue/internal/metadata/topic.go:153.19,155.3 1 0
github.com/issac1998/go-queue/internal/metadata/topic.go:156.2,156.12 1 1
github.com/issac1998/go-queue/internal/metadata/topic.go:160.55,166.33 4 1
github.com/issac1998/go-queue/internal/metadata/topic.go:166.33,168.8 2 1
github.com/issac1998/go-queue/internal/metadata/topic.go:172.2,173.16 2 1
github.com/issac1998/go-queue/internal/metadata/topic.go:173.16,174.39 1 0
github.com/issac1998/go-queue/internal/metadata/topic.go:174.39,181.18 2 0
github.com/issac1998/go-queue/internal/metadata/topic.go:181.18,183.5 1 0
github.com/issac1998/go-queue/internal/metadata/topic.go:186.4,192.18 5 0
github.com/issac1998/go-queue/internal/metadata/topic.go:192.18,194.5 1 0
github.com/issac1998/go-queue/internal/metadata/topic.go:195.9,197.4 1 0
github.com/issac1998/go-queue/internal/metadata/topic.go:200.2,200.20 1 1
github.com/issac1998/go-queue/internal/metadata/topic.go:204.81,210.37 4 1
github.com/issac1998/go-queue/internal/metadata/topic.go:210.37,211.85 1 1
github.com/issac1998/go-queue/internal/metadata/topic.go:211.85,213.9 2 1
github.com/issac1998/go-queue/internal/metadata/topic.go:217.2,217.26 1 1
github.com/issac1998/go-queue/internal/metadata/topic.go:217.26,219.3 1 0
github.com/issac1998/go-queue/internal/metadata/topic.go:222.2,223.16 2 1
github.com/issac1998/go-queue/internal/metadata/topic.go:223.16,225.3 1 0
github.com/issac1998/go-queue/internal/metadata/topic.go:228.2,229.16 2 1
github.com/issac1998/go-queue/internal/metadata/topic.go:229.16,231.3 1 0
github.com/issac1998/go-queue/internal/metadata/topic.go:233.2,233.34 1 1
github.com/issac1998/go-queue/internal/metadata/topic.go:237.113,243.28 5 1
github.com/issac1998/go-queue/internal/metadata/topic.go:243.28,247.26 3 1
github.com/issac1998/go-queue/internal/metadata/topic.go:247.26,249.9 1 1
github.com/issac1998/go-queue/internal/metadata/topic.go:252.3,256.19 3 1
github.com/issac1998/go-queue/internal/metadata/topic.go:256.19,258.9 1 0
github.com/issac1998/go-queue/internal/metadata/topic.go:260.3,260.36 1 1
github.com/issac1998/go-queue/internal/metadata/topic.go:260.36,262.9 1 0
github.com/issac1998/go-queue/internal/metadata/topic.go:266.3,268.39 3 1
github.com/issac1998/go-queue/internal/metadata/topic.go:268.39,270.9 1 0
github.com/issac1998/go-queue/internal/metadata/topic.go:273.3,276.17 4 1
github.com/issac1998/go-queue/internal/metadata/topic.go:282.2,283.22 2 1
github.com/issac1998/go-queue/internal/metadata/topic.go:283.22,286.46 2 1
github.com/issac1998/go-queue/internal/metadata/topic.go:286.46,287.34 1 1
github.com/issac1998/go-queue/internal/metadata/topic.go:287.34,289.10 2 1
github.com/issac1998/go-queue/internal/metadata/topic.go:293.3,293.23 1 1
github.com/issac1998/go-queue/internal/metadata/topic.go:293.23,295.4 1 1
github.com/issac1998/go-queue/internal/metadata/topic.go:295.9,298.4 1 0
github.com/issac1998/go-queue/internal/metadata/topic.go:299.8,302.3 1 0
github.com/issac1998/go-queue/internal/metadata/topic.go:304.2,304.34 1 1
