mode: atomic
github.com/issac1998/go-queue/examples/consumer_groups/main.go:12.13,29.16 6 0
github.com/issac1998/go-queue/examples/consumer_groups/main.go:29.16,31.3 1 0
github.com/issac1998/go-queue/examples/consumer_groups/main.go:31.8,31.38 1 0
github.com/issac1998/go-queue/examples/consumer_groups/main.go:31.38,33.3 1 0
github.com/issac1998/go-queue/examples/consumer_groups/main.go:33.8,35.3 1 0
github.com/issac1998/go-queue/examples/consumer_groups/main.go:38.2,42.26 3 0
github.com/issac1998/go-queue/examples/consumer_groups/main.go:42.26,51.17 4 0
github.com/issac1998/go-queue/examples/consumer_groups/main.go:51.17,53.12 2 0
github.com/issac1998/go-queue/examples/consumer_groups/main.go:55.3,55.26 1 0
github.com/issac1998/go-queue/examples/consumer_groups/main.go:55.26,57.12 2 0
github.com/issac1998/go-queue/examples/consumer_groups/main.go:60.3,60.100 1 0
github.com/issac1998/go-queue/examples/consumer_groups/main.go:64.2,76.25 7 0
github.com/issac1998/go-queue/examples/consumer_groups/main.go:76.25,89.50 4 0
github.com/issac1998/go-queue/examples/consumer_groups/main.go:89.50,91.12 2 0
github.com/issac1998/go-queue/examples/consumer_groups/main.go:95.3,96.83 2 0
github.com/issac1998/go-queue/examples/consumer_groups/main.go:100.2,109.37 5 0
github.com/issac1998/go-queue/examples/consumer_groups/main.go:109.37,113.49 3 0
github.com/issac1998/go-queue/examples/consumer_groups/main.go:113.49,117.53 2 0
github.com/issac1998/go-queue/examples/consumer_groups/main.go:117.53,119.37 2 0
github.com/issac1998/go-queue/examples/consumer_groups/main.go:119.37,121.6 1 0
github.com/issac1998/go-queue/examples/consumer_groups/main.go:122.5,127.15 4 0
github.com/issac1998/go-queue/examples/consumer_groups/main.go:131.4,135.14 3 0
github.com/issac1998/go-queue/examples/consumer_groups/main.go:135.14,138.5 2 0
github.com/issac1998/go-queue/examples/consumer_groups/main.go:141.4,144.46 3 0
github.com/issac1998/go-queue/examples/consumer_groups/main.go:144.46,145.42 1 0
github.com/issac1998/go-queue/examples/consumer_groups/main.go:145.42,146.33 1 0
github.com/issac1998/go-queue/examples/consumer_groups/main.go:146.33,149.21 2 0
github.com/issac1998/go-queue/examples/consumer_groups/main.go:149.21,151.8 1 0
github.com/issac1998/go-queue/examples/consumer_groups/main.go:153.7,154.11 2 0
github.com/issac1998/go-queue/examples/consumer_groups/main.go:154.11,155.15 1 0
github.com/issac1998/go-queue/examples/consumer_groups/main.go:156.20,157.15 1 0
github.com/issac1998/go-queue/examples/consumer_groups/main.go:158.16,161.23 2 0
github.com/issac1998/go-queue/examples/consumer_groups/main.go:161.23,164.18 3 0
github.com/issac1998/go-queue/examples/consumer_groups/main.go:167.9,167.32 1 0
github.com/issac1998/go-queue/examples/consumer_groups/main.go:167.32,170.18 3 0
github.com/issac1998/go-queue/examples/consumer_groups/main.go:174.9,174.45 1 0
github.com/issac1998/go-queue/examples/consumer_groups/main.go:174.45,180.10 3 0
github.com/issac1998/go-queue/examples/consumer_groups/main.go:183.9,183.38 1 0
github.com/issac1998/go-queue/examples/consumer_groups/main.go:183.38,185.10 1 0
github.com/issac1998/go-queue/examples/consumer_groups/main.go:193.4,193.10 1 0
github.com/issac1998/go-queue/examples/consumer_groups/main.go:198.2,204.53 5 0
github.com/issac1998/go-queue/examples/consumer_groups/main.go:204.53,207.3 2 0
github.com/issac1998/go-queue/examples/consumer_groups/main.go:208.2,212.24 3 0
github.com/issac1998/go-queue/examples/consumer_groups/main.go:212.24,216.54 3 0
github.com/issac1998/go-queue/examples/consumer_groups/main.go:216.54,218.4 1 0
github.com/issac1998/go-queue/examples/consumer_groups/main.go:218.9,220.4 1 0
github.com/issac1998/go-queue/examples/consumer_groups/main.go:223.3,226.39 2 0
github.com/issac1998/go-queue/examples/consumer_groups/main.go:226.39,230.4 3 0
github.com/issac1998/go-queue/examples/consumer_groups/main.go:234.2,235.38 2 0
github.com/issac1998/go-queue/examples/consumer_groups/main.go:235.38,239.51 3 0
github.com/issac1998/go-queue/examples/consumer_groups/main.go:239.51,241.4 1 0
github.com/issac1998/go-queue/examples/consumer_groups/main.go:241.9,243.4 1 0
github.com/issac1998/go-queue/examples/consumer_groups/main.go:246.2,254.52 9 0
github.com/issac1998/go-queue/cmd/broker/main.go:32.13,40.16 4 0
github.com/issac1998/go-queue/cmd/broker/main.go:40.16,42.3 1 0
github.com/issac1998/go-queue/cmd/broker/main.go:45.2,45.39 1 0
github.com/issac1998/go-queue/cmd/broker/main.go:45.39,47.17 2 0
github.com/issac1998/go-queue/cmd/broker/main.go:47.17,49.4 1 0
github.com/issac1998/go-queue/cmd/broker/main.go:50.3,52.68 3 0
github.com/issac1998/go-queue/cmd/broker/main.go:55.2,60.16 3 0
github.com/issac1998/go-queue/cmd/broker/main.go:60.16,62.3 1 0
github.com/issac1998/go-queue/cmd/broker/main.go:64.2,64.40 1 0
github.com/issac1998/go-queue/cmd/broker/main.go:64.40,66.3 1 0
github.com/issac1998/go-queue/cmd/broker/main.go:69.2,69.34 1 0
github.com/issac1998/go-queue/cmd/broker/main.go:69.34,74.17 3 0
github.com/issac1998/go-queue/cmd/broker/main.go:74.17,76.4 1 0
github.com/issac1998/go-queue/cmd/broker/main.go:78.3,78.57 1 0
github.com/issac1998/go-queue/cmd/broker/main.go:82.2,85.34 2 0
github.com/issac1998/go-queue/cmd/broker/main.go:85.34,87.3 1 0
github.com/issac1998/go-queue/cmd/broker/main.go:89.2,92.16 3 0
github.com/issac1998/go-queue/cmd/broker/main.go:92.16,94.3 1 0
github.com/issac1998/go-queue/cmd/broker/main.go:95.2,97.6 2 0
github.com/issac1998/go-queue/cmd/broker/main.go:97.6,99.17 2 0
github.com/issac1998/go-queue/cmd/broker/main.go:99.17,101.12 2 0
github.com/issac1998/go-queue/cmd/broker/main.go:103.3,103.28 1 0
github.com/issac1998/go-queue/cmd/broker/main.go:107.38,110.6 2 0
github.com/issac1998/go-queue/cmd/broker/main.go:110.6,113.71 2 0
github.com/issac1998/go-queue/cmd/broker/main.go:113.71,115.4 1 0
github.com/issac1998/go-queue/cmd/broker/main.go:117.3,117.18 1 0
github.com/issac1998/go-queue/cmd/broker/main.go:118.23,119.64 1 0
github.com/issac1998/go-queue/cmd/broker/main.go:120.21,121.46 1 0
github.com/issac1998/go-queue/cmd/broker/main.go:122.27,123.52 1 0
github.com/issac1998/go-queue/cmd/broker/main.go:124.25,125.50 1 0
github.com/issac1998/go-queue/cmd/broker/main.go:126.26,127.51 1 0
github.com/issac1998/go-queue/cmd/broker/main.go:128.25,129.50 1 0
github.com/issac1998/go-queue/cmd/broker/main.go:130.28,131.53 1 0
github.com/issac1998/go-queue/cmd/broker/main.go:132.27,133.52 1 0
github.com/issac1998/go-queue/cmd/broker/main.go:134.11,136.10 2 0
github.com/issac1998/go-queue/cmd/client/main.go:15.13,31.16 4 0
github.com/issac1998/go-queue/cmd/client/main.go:31.16,33.3 1 0
github.com/issac1998/go-queue/cmd/client/main.go:36.2,36.19 1 0
github.com/issac1998/go-queue/cmd/client/main.go:36.19,38.3 1 0
github.com/issac1998/go-queue/cmd/client/main.go:39.2,39.20 1 0
github.com/issac1998/go-queue/cmd/client/main.go:39.20,41.3 1 0
github.com/issac1998/go-queue/cmd/client/main.go:42.2,42.20 1 0
github.com/issac1998/go-queue/cmd/client/main.go:42.20,44.3 1 0
github.com/issac1998/go-queue/cmd/client/main.go:45.2,45.18 1 0
github.com/issac1998/go-queue/cmd/client/main.go:45.18,47.3 1 0
github.com/issac1998/go-queue/cmd/client/main.go:48.2,48.21 1 0
github.com/issac1998/go-queue/cmd/client/main.go:48.21,50.3 1 0
github.com/issac1998/go-queue/cmd/client/main.go:51.2,51.20 1 0
github.com/issac1998/go-queue/cmd/client/main.go:51.20,53.3 1 0
github.com/issac1998/go-queue/cmd/client/main.go:54.2,54.18 1 0
github.com/issac1998/go-queue/cmd/client/main.go:54.18,56.3 1 0
github.com/issac1998/go-queue/cmd/client/main.go:57.2,57.17 1 0
github.com/issac1998/go-queue/cmd/client/main.go:57.17,59.3 1 0
github.com/issac1998/go-queue/cmd/client/main.go:62.2,62.32 1 0
github.com/issac1998/go-queue/cmd/client/main.go:62.32,64.17 2 0
github.com/issac1998/go-queue/cmd/client/main.go:64.17,66.4 1 0
github.com/issac1998/go-queue/cmd/client/main.go:67.3,69.68 3 0
github.com/issac1998/go-queue/cmd/client/main.go:72.2,72.37 1 0
github.com/issac1998/go-queue/cmd/client/main.go:72.37,75.3 2 0
github.com/issac1998/go-queue/cmd/client/main.go:77.2,82.16 3 0
github.com/issac1998/go-queue/cmd/client/main.go:82.16,84.3 1 0
github.com/issac1998/go-queue/cmd/client/main.go:87.2,92.35 2 0
github.com/issac1998/go-queue/cmd/client/main.go:93.22,94.45 1 0
github.com/issac1998/go-queue/cmd/client/main.go:95.17,97.61 1 0
github.com/issac1998/go-queue/cmd/client/main.go:98.17,100.32 1 0
github.com/issac1998/go-queue/cmd/client/main.go:101.10,104.13 3 0
github.com/issac1998/go-queue/cmd/client/main.go:108.19,123.2 14 0
github.com/issac1998/go-queue/cmd/client/main.go:125.54,126.21 1 0
github.com/issac1998/go-queue/cmd/client/main.go:126.21,128.3 1 0
github.com/issac1998/go-queue/cmd/client/main.go:130.2,138.16 4 0
github.com/issac1998/go-queue/cmd/client/main.go:138.16,140.3 1 0
github.com/issac1998/go-queue/cmd/client/main.go:142.2,142.25 1 0
github.com/issac1998/go-queue/cmd/client/main.go:142.25,144.3 1 0
github.com/issac1998/go-queue/cmd/client/main.go:146.2,147.63 2 0
github.com/issac1998/go-queue/cmd/client/main.go:150.94,151.21 1 0
github.com/issac1998/go-queue/cmd/client/main.go:151.21,153.3 1 0
github.com/issac1998/go-queue/cmd/client/main.go:154.2,154.19 1 0
github.com/issac1998/go-queue/cmd/client/main.go:154.19,156.3 1 0
github.com/issac1998/go-queue/cmd/client/main.go:158.2,161.16 3 0
github.com/issac1998/go-queue/cmd/client/main.go:161.16,170.17 4 0
github.com/issac1998/go-queue/cmd/client/main.go:170.17,172.4 1 0
github.com/issac1998/go-queue/cmd/client/main.go:174.3,174.26 1 0
github.com/issac1998/go-queue/cmd/client/main.go:174.26,176.4 1 0
github.com/issac1998/go-queue/cmd/client/main.go:178.3,180.50 2 0
github.com/issac1998/go-queue/cmd/client/main.go:181.8,183.30 2 0
github.com/issac1998/go-queue/cmd/client/main.go:183.30,189.4 1 0
github.com/issac1998/go-queue/cmd/client/main.go:191.3,193.17 3 0
github.com/issac1998/go-queue/cmd/client/main.go:193.17,195.4 1 0
github.com/issac1998/go-queue/cmd/client/main.go:197.3,197.26 1 0
github.com/issac1998/go-queue/cmd/client/main.go:197.26,199.4 1 0
github.com/issac1998/go-queue/cmd/client/main.go:201.3,203.57 2 0
github.com/issac1998/go-queue/cmd/client/main.go:207.81,208.21 1 0
github.com/issac1998/go-queue/cmd/client/main.go:208.21,210.3 1 0
github.com/issac1998/go-queue/cmd/client/main.go:212.2,219.16 5 0
github.com/issac1998/go-queue/cmd/client/main.go:219.16,221.3 1 0
github.com/issac1998/go-queue/cmd/client/main.go:223.2,223.25 1 0
github.com/issac1998/go-queue/cmd/client/main.go:223.25,225.3 1 0
github.com/issac1998/go-queue/cmd/client/main.go:227.2,227.31 1 0
github.com/issac1998/go-queue/cmd/client/main.go:227.31,231.3 3 0
github.com/issac1998/go-queue/cmd/client/main.go:233.2,237.38 4 0
github.com/issac1998/go-queue/cmd/client/main.go:237.38,243.33 6 0
github.com/issac1998/go-queue/cmd/client/main.go:243.33,245.4 1 0
github.com/issac1998/go-queue/cmd/client/main.go:248.2,250.73 3 0
github.com/issac1998/go-queue/cmd/client/main.go:253.72,255.21 2 0
github.com/issac1998/go-queue/cmd/client/main.go:255.21,257.3 1 0
github.com/issac1998/go-queue/cmd/client/main.go:259.2,261.16 3 0
github.com/issac1998/go-queue/cmd/client/main.go:261.16,263.3 1 0
github.com/issac1998/go-queue/cmd/client/main.go:265.2,265.37 1 0
github.com/issac1998/go-queue/examples/simple/main.go:11.13,28.16 6 0
github.com/issac1998/go-queue/examples/simple/main.go:28.16,30.3 1 0
github.com/issac1998/go-queue/examples/simple/main.go:30.8,30.38 1 0
github.com/issac1998/go-queue/examples/simple/main.go:30.38,32.3 1 0
github.com/issac1998/go-queue/examples/simple/main.go:32.8,34.3 1 0
github.com/issac1998/go-queue/examples/simple/main.go:36.2,51.41 6 0
github.com/issac1998/go-queue/examples/simple/main.go:51.41,60.17 4 0
github.com/issac1998/go-queue/examples/simple/main.go:60.17,63.4 2 0
github.com/issac1998/go-queue/examples/simple/main.go:63.9,63.33 1 0
github.com/issac1998/go-queue/examples/simple/main.go:63.33,66.4 2 0
github.com/issac1998/go-queue/examples/simple/main.go:68.3,72.36 3 0
github.com/issac1998/go-queue/examples/simple/main.go:76.2,77.39 2 0
github.com/issac1998/go-queue/examples/simple/main.go:77.39,79.17 2 0
github.com/issac1998/go-queue/examples/simple/main.go:79.17,81.12 2 0
github.com/issac1998/go-queue/examples/simple/main.go:82.9,82.38 1 0
github.com/issac1998/go-queue/examples/simple/main.go:82.38,84.12 2 0
github.com/issac1998/go-queue/examples/simple/main.go:87.3,87.36 1 0
github.com/issac1998/go-queue/examples/simple/main.go:87.36,90.4 2 0
github.com/issac1998/go-queue/examples/simple/main.go:90.9,92.4 1 0
github.com/issac1998/go-queue/examples/simple/main.go:96.2,109.36 4 0
github.com/issac1998/go-queue/examples/simple/main.go:109.36,111.3 1 0
github.com/issac1998/go-queue/examples/simple/main.go:113.2,114.16 2 0
github.com/issac1998/go-queue/examples/simple/main.go:114.16,117.3 2 0
github.com/issac1998/go-queue/examples/simple/main.go:117.8,117.37 1 0
github.com/issac1998/go-queue/examples/simple/main.go:117.37,120.3 2 0
github.com/issac1998/go-queue/examples/simple/main.go:122.2,130.16 5 0
github.com/issac1998/go-queue/examples/simple/main.go:130.16,132.3 1 0
github.com/issac1998/go-queue/examples/simple/main.go:132.8,132.42 1 0
github.com/issac1998/go-queue/examples/simple/main.go:132.42,134.3 1 0
github.com/issac1998/go-queue/examples/simple/main.go:134.8,136.49 2 0
github.com/issac1998/go-queue/examples/simple/main.go:136.49,138.4 1 0
github.com/issac1998/go-queue/examples/simple/main.go:139.3,139.65 1 0
github.com/issac1998/go-queue/examples/simple/main.go:143.2,145.16 3 0
github.com/issac1998/go-queue/examples/simple/main.go:145.16,147.3 1 0
github.com/issac1998/go-queue/examples/simple/main.go:147.8,147.40 1 0
github.com/issac1998/go-queue/examples/simple/main.go:147.40,149.3 1 0
github.com/issac1998/go-queue/examples/simple/main.go:149.8,154.47 4 0
github.com/issac1998/go-queue/examples/simple/main.go:154.47,156.50 2 0
github.com/issac1998/go-queue/examples/simple/main.go:156.50,159.5 2 0
github.com/issac1998/go-queue/examples/simple/main.go:159.10,159.56 1 0
github.com/issac1998/go-queue/examples/simple/main.go:159.56,162.5 2 0
github.com/issac1998/go-queue/examples/simple/main.go:162.10,164.5 1 0
github.com/issac1998/go-queue/examples/simple/main.go:167.3,169.61 2 0
github.com/issac1998/go-queue/examples/simple/main.go:173.2,174.56 2 0
github.com/issac1998/go-queue/examples/simple/main.go:174.56,178.17 3 0
github.com/issac1998/go-queue/examples/simple/main.go:178.17,180.4 1 0
github.com/issac1998/go-queue/examples/simple/main.go:180.9,180.40 1 0
github.com/issac1998/go-queue/examples/simple/main.go:180.40,182.4 1 0
github.com/issac1998/go-queue/examples/simple/main.go:182.9,184.47 2 0
github.com/issac1998/go-queue/examples/simple/main.go:184.47,186.5 1 0
github.com/issac1998/go-queue/examples/simple/main.go:190.2,194.52 5 0
github.com/issac1998/go-queue/examples/compression_dedup/main.go:12.13,31.16 8 0
github.com/issac1998/go-queue/examples/compression_dedup/main.go:31.16,33.3 1 0
github.com/issac1998/go-queue/examples/compression_dedup/main.go:34.2,34.25 1 0
github.com/issac1998/go-queue/examples/compression_dedup/main.go:34.25,36.3 1 0
github.com/issac1998/go-queue/examples/compression_dedup/main.go:36.8,38.3 1 0
github.com/issac1998/go-queue/examples/compression_dedup/main.go:40.2,61.39 9 0
github.com/issac1998/go-queue/examples/compression_dedup/main.go:61.39,69.17 3 0
github.com/issac1998/go-queue/examples/compression_dedup/main.go:69.17,71.12 2 0
github.com/issac1998/go-queue/examples/compression_dedup/main.go:73.3,73.30 1 0
github.com/issac1998/go-queue/examples/compression_dedup/main.go:73.30,75.12 2 0
github.com/issac1998/go-queue/examples/compression_dedup/main.go:78.3,80.41 2 0
github.com/issac1998/go-queue/examples/compression_dedup/main.go:84.2,95.16 5 0
github.com/issac1998/go-queue/examples/compression_dedup/main.go:95.16,97.3 1 0
github.com/issac1998/go-queue/examples/compression_dedup/main.go:97.8,97.33 1 0
github.com/issac1998/go-queue/examples/compression_dedup/main.go:97.33,99.3 1 0
github.com/issac1998/go-queue/examples/compression_dedup/main.go:99.8,101.3 1 0
github.com/issac1998/go-queue/examples/compression_dedup/main.go:103.2,105.16 3 0
github.com/issac1998/go-queue/examples/compression_dedup/main.go:105.16,107.3 1 0
github.com/issac1998/go-queue/examples/compression_dedup/main.go:107.8,107.33 1 0
github.com/issac1998/go-queue/examples/compression_dedup/main.go:107.33,109.3 1 0
github.com/issac1998/go-queue/examples/compression_dedup/main.go:109.8,111.39 2 0
github.com/issac1998/go-queue/examples/compression_dedup/main.go:111.39,113.4 1 0
github.com/issac1998/go-queue/examples/compression_dedup/main.go:113.9,115.4 1 0
github.com/issac1998/go-queue/examples/compression_dedup/main.go:119.2,128.16 4 0
github.com/issac1998/go-queue/examples/compression_dedup/main.go:128.16,130.3 1 0
github.com/issac1998/go-queue/examples/compression_dedup/main.go:130.8,130.37 1 0
github.com/issac1998/go-queue/examples/compression_dedup/main.go:130.37,132.3 1 0
github.com/issac1998/go-queue/examples/compression_dedup/main.go:132.8,134.3 1 0
github.com/issac1998/go-queue/examples/compression_dedup/main.go:136.2,142.16 4 0
github.com/issac1998/go-queue/examples/compression_dedup/main.go:142.16,144.3 1 0
github.com/issac1998/go-queue/examples/compression_dedup/main.go:144.8,144.37 1 0
github.com/issac1998/go-queue/examples/compression_dedup/main.go:144.37,146.3 1 0
github.com/issac1998/go-queue/examples/compression_dedup/main.go:146.8,150.44 3 0
github.com/issac1998/go-queue/examples/compression_dedup/main.go:150.44,153.26 3 0
github.com/issac1998/go-queue/examples/compression_dedup/main.go:153.26,155.5 1 0
github.com/issac1998/go-queue/examples/compression_dedup/main.go:157.4,160.70 2 0
github.com/issac1998/go-queue/examples/compression_dedup/main.go:160.70,162.142 2 0
github.com/issac1998/go-queue/examples/compression_dedup/main.go:162.142,164.6 1 0
github.com/issac1998/go-queue/examples/compression_dedup/main.go:170.2,173.53 4 0
github.com/issac1998/go-queue/examples/compression_dedup/main.go:173.53,174.30 1 0
github.com/issac1998/go-queue/examples/compression_dedup/main.go:174.30,176.4 1 0
github.com/issac1998/go-queue/examples/compression_dedup/main.go:177.3,177.21 1 0
github.com/issac1998/go-queue/examples/compression_dedup/main.go:179.2,179.53 1 0
github.com/issac1998/go-queue/examples/compression_dedup/main.go:179.53,180.75 1 0
github.com/issac1998/go-queue/examples/compression_dedup/main.go:180.75,182.4 1 0
github.com/issac1998/go-queue/examples/compression_dedup/main.go:183.3,183.33 1 0
github.com/issac1998/go-queue/examples/compression_dedup/main.go:185.2,185.53 1 0
github.com/issac1998/go-queue/examples/compression_dedup/main.go:185.53,186.58 1 0
github.com/issac1998/go-queue/examples/compression_dedup/main.go:186.58,188.4 1 0
github.com/issac1998/go-queue/examples/compression_dedup/main.go:189.3,189.24 1 0
github.com/issac1998/go-queue/examples/compression_dedup/main.go:192.2,197.52 6 0
github.com/issac1998/go-queue/internal/compression/compression.go:25.42,26.11 1 0
github.com/issac1998/go-queue/internal/compression/compression.go:27.12,28.16 1 0
github.com/issac1998/go-queue/internal/compression/compression.go:29.12,30.16 1 0
github.com/issac1998/go-queue/internal/compression/compression.go:31.12,32.16 1 0
github.com/issac1998/go-queue/internal/compression/compression.go:33.14,34.18 1 0
github.com/issac1998/go-queue/internal/compression/compression.go:35.12,36.16 1 0
github.com/issac1998/go-queue/internal/compression/compression.go:37.10,38.19 1 0
github.com/issac1998/go-queue/internal/compression/compression.go:52.63,54.2 1 0
github.com/issac1998/go-queue/internal/compression/compression.go:56.65,58.2 1 0
github.com/issac1998/go-queue/internal/compression/compression.go:60.48,62.2 1 0
github.com/issac1998/go-queue/internal/compression/compression.go:67.65,71.46 3 0
github.com/issac1998/go-queue/internal/compression/compression.go:71.46,73.3 1 0
github.com/issac1998/go-queue/internal/compression/compression.go:75.2,75.39 1 0
github.com/issac1998/go-queue/internal/compression/compression.go:75.39,77.3 1 0
github.com/issac1998/go-queue/internal/compression/compression.go:79.2,79.25 1 0
github.com/issac1998/go-queue/internal/compression/compression.go:82.67,84.16 2 0
github.com/issac1998/go-queue/internal/compression/compression.go:84.16,86.3 1 0
github.com/issac1998/go-queue/internal/compression/compression.go:87.2,90.16 3 0
github.com/issac1998/go-queue/internal/compression/compression.go:90.16,92.3 1 0
github.com/issac1998/go-queue/internal/compression/compression.go:94.2,94.20 1 0
github.com/issac1998/go-queue/internal/compression/compression.go:97.50,99.2 1 0
github.com/issac1998/go-queue/internal/compression/compression.go:104.65,108.46 3 0
github.com/issac1998/go-queue/internal/compression/compression.go:108.46,110.3 1 0
github.com/issac1998/go-queue/internal/compression/compression.go:112.2,112.39 1 0
github.com/issac1998/go-queue/internal/compression/compression.go:112.39,114.3 1 0
github.com/issac1998/go-queue/internal/compression/compression.go:116.2,116.25 1 0
github.com/issac1998/go-queue/internal/compression/compression.go:119.67,121.16 2 0
github.com/issac1998/go-queue/internal/compression/compression.go:121.16,123.3 1 0
github.com/issac1998/go-queue/internal/compression/compression.go:124.2,127.16 3 0
github.com/issac1998/go-queue/internal/compression/compression.go:127.16,129.3 1 0
github.com/issac1998/go-queue/internal/compression/compression.go:131.2,131.20 1 0
github.com/issac1998/go-queue/internal/compression/compression.go:134.50,136.2 1 0
github.com/issac1998/go-queue/internal/compression/compression.go:141.67,143.2 1 0
github.com/issac1998/go-queue/internal/compression/compression.go:145.69,147.16 2 0
github.com/issac1998/go-queue/internal/compression/compression.go:147.16,149.3 1 0
github.com/issac1998/go-queue/internal/compression/compression.go:150.2,150.20 1 0
github.com/issac1998/go-queue/internal/compression/compression.go:153.52,155.2 1 0
github.com/issac1998/go-queue/internal/compression/compression.go:163.53,165.16 2 0
github.com/issac1998/go-queue/internal/compression/compression.go:165.16,167.3 1 0
github.com/issac1998/go-queue/internal/compression/compression.go:169.2,170.16 2 0
github.com/issac1998/go-queue/internal/compression/compression.go:170.16,172.3 1 0
github.com/issac1998/go-queue/internal/compression/compression.go:174.2,177.8 1 0
github.com/issac1998/go-queue/internal/compression/compression.go:180.65,182.2 1 0
github.com/issac1998/go-queue/internal/compression/compression.go:184.67,186.16 2 0
github.com/issac1998/go-queue/internal/compression/compression.go:186.16,188.3 1 0
github.com/issac1998/go-queue/internal/compression/compression.go:189.2,189.20 1 0
github.com/issac1998/go-queue/internal/compression/compression.go:192.50,194.2 1 0
github.com/issac1998/go-queue/internal/compression/compression.go:196.35,197.22 1 0
github.com/issac1998/go-queue/internal/compression/compression.go:197.22,199.3 1 0
github.com/issac1998/go-queue/internal/compression/compression.go:200.2,200.22 1 0
github.com/issac1998/go-queue/internal/compression/compression.go:200.22,202.3 1 0
github.com/issac1998/go-queue/internal/compression/compression.go:206.73,207.25 1 0
github.com/issac1998/go-queue/internal/compression/compression.go:208.12,209.31 1 0
github.com/issac1998/go-queue/internal/compression/compression.go:210.12,211.33 1 0
github.com/issac1998/go-queue/internal/compression/compression.go:212.12,213.33 1 0
github.com/issac1998/go-queue/internal/compression/compression.go:214.14,215.35 1 0
github.com/issac1998/go-queue/internal/compression/compression.go:216.12,217.30 1 0
github.com/issac1998/go-queue/internal/compression/compression.go:218.10,219.78 1 0
github.com/issac1998/go-queue/internal/compression/compression.go:224.84,226.16 2 0
github.com/issac1998/go-queue/internal/compression/compression.go:226.16,228.3 1 0
github.com/issac1998/go-queue/internal/compression/compression.go:230.2,231.16 2 0
github.com/issac1998/go-queue/internal/compression/compression.go:231.16,233.3 1 0
github.com/issac1998/go-queue/internal/compression/compression.go:236.2,248.20 9 0
github.com/issac1998/go-queue/internal/compression/compression.go:252.53,253.19 1 0
github.com/issac1998/go-queue/internal/compression/compression.go:253.19,255.3 1 0
github.com/issac1998/go-queue/internal/compression/compression.go:257.2,263.16 4 0
github.com/issac1998/go-queue/internal/compression/compression.go:263.16,265.3 1 0
github.com/issac1998/go-queue/internal/compression/compression.go:267.2,268.16 2 0
github.com/issac1998/go-queue/internal/compression/compression.go:268.16,270.3 1 0
github.com/issac1998/go-queue/internal/compression/compression.go:273.2,273.46 1 0
github.com/issac1998/go-queue/internal/compression/compression.go:273.46,276.3 1 0
github.com/issac1998/go-queue/internal/compression/compression.go:278.2,278.26 1 0
github.com/issac1998/go-queue/internal/compression/compression.go:282.74,283.23 1 0
github.com/issac1998/go-queue/internal/compression/compression.go:283.23,285.3 1 0
github.com/issac1998/go-queue/internal/compression/compression.go:286.2,286.56 1 0
github.com/issac1998/go-queue/internal/cluster/manager.go:40.119,51.38 3 0
github.com/issac1998/go-queue/internal/cluster/manager.go:51.38,54.3 2 0
github.com/issac1998/go-queue/internal/cluster/manager.go:56.2,56.16 1 0
github.com/issac1998/go-queue/internal/cluster/manager.go:60.37,77.16 7 0
github.com/issac1998/go-queue/internal/cluster/manager.go:77.16,79.3 1 0
github.com/issac1998/go-queue/internal/cluster/manager.go:80.2,95.48 4 0
github.com/issac1998/go-queue/internal/cluster/manager.go:95.48,97.3 1 0
github.com/issac1998/go-queue/internal/cluster/manager.go:100.2,100.89 1 0
github.com/issac1998/go-queue/internal/cluster/manager.go:100.89,102.3 1 0
github.com/issac1998/go-queue/internal/cluster/manager.go:104.2,104.104 1 0
github.com/issac1998/go-queue/internal/cluster/manager.go:104.104,106.3 1 0
github.com/issac1998/go-queue/internal/cluster/manager.go:108.2,113.12 3 0
github.com/issac1998/go-queue/internal/cluster/manager.go:117.40,121.6 3 0
github.com/issac1998/go-queue/internal/cluster/manager.go:121.6,122.10 1 0
github.com/issac1998/go-queue/internal/cluster/manager.go:123.24,124.10 1 0
github.com/issac1998/go-queue/internal/cluster/manager.go:125.19,127.18 2 0
github.com/issac1998/go-queue/internal/cluster/manager.go:127.18,129.13 2 0
github.com/issac1998/go-queue/internal/cluster/manager.go:132.4,136.33 4 0
github.com/issac1998/go-queue/internal/cluster/manager.go:136.33,139.5 2 0
github.com/issac1998/go-queue/internal/cluster/manager.go:139.10,139.40 1 0
github.com/issac1998/go-queue/internal/cluster/manager.go:139.40,142.5 2 0
github.com/issac1998/go-queue/internal/cluster/manager.go:143.4,143.18 1 0
github.com/issac1998/go-queue/internal/cluster/manager.go:149.37,158.51 2 0
github.com/issac1998/go-queue/internal/cluster/manager.go:158.51,160.3 1 0
github.com/issac1998/go-queue/internal/cluster/manager.go:164.35,166.2 1 0
github.com/issac1998/go-queue/internal/cluster/manager.go:169.93,176.16 3 0
github.com/issac1998/go-queue/internal/cluster/manager.go:176.16,178.3 1 0
github.com/issac1998/go-queue/internal/cluster/manager.go:180.2,187.16 3 0
github.com/issac1998/go-queue/internal/cluster/manager.go:187.16,189.3 1 0
github.com/issac1998/go-queue/internal/cluster/manager.go:191.2,192.64 2 0
github.com/issac1998/go-queue/internal/cluster/manager.go:192.64,194.3 1 0
github.com/issac1998/go-queue/internal/cluster/manager.go:196.2,196.24 1 0
github.com/issac1998/go-queue/internal/cluster/manager.go:200.85,210.2 3 0
github.com/issac1998/go-queue/internal/cluster/manager.go:213.61,215.16 2 0
github.com/issac1998/go-queue/internal/cluster/manager.go:215.16,217.3 1 0
github.com/issac1998/go-queue/internal/cluster/manager.go:219.2,225.12 3 0
github.com/issac1998/go-queue/internal/cluster/manager.go:229.59,232.16 2 0
github.com/issac1998/go-queue/internal/cluster/manager.go:232.16,234.3 1 0
github.com/issac1998/go-queue/internal/cluster/manager.go:237.2,238.16 2 0
github.com/issac1998/go-queue/internal/cluster/manager.go:238.16,240.3 1 0
github.com/issac1998/go-queue/internal/cluster/manager.go:242.2,247.25 2 0
github.com/issac1998/go-queue/internal/cluster/manager.go:251.36,255.2 3 0
github.com/issac1998/go-queue/internal/cluster/manager.go:258.56,260.2 1 0
github.com/issac1998/go-queue/internal/cluster/manager.go:263.73,265.16 2 0
github.com/issac1998/go-queue/internal/cluster/manager.go:265.16,267.3 1 0
github.com/issac1998/go-queue/internal/cluster/manager.go:269.2,274.16 5 0
github.com/issac1998/go-queue/internal/cluster/manager.go:274.16,276.3 1 0
github.com/issac1998/go-queue/internal/cluster/manager.go:278.2,281.8 1 0
github.com/issac1998/go-queue/internal/cluster/manager.go:285.65,290.16 4 0
github.com/issac1998/go-queue/internal/cluster/manager.go:290.16,292.3 1 0
github.com/issac1998/go-queue/internal/cluster/manager.go:294.2,294.20 1 0
github.com/issac1998/go-queue/internal/cluster/manager.go:298.33,301.24 2 0
github.com/issac1998/go-queue/internal/cluster/manager.go:301.24,303.3 1 0
github.com/issac1998/go-queue/internal/cluster/manager.go:305.2,305.12 1 0
github.com/issac1998/go-queue/internal/cluster/statemachine.go:71.88,79.2 1 0
github.com/issac1998/go-queue/internal/cluster/statemachine.go:82.72,84.50 2 0
github.com/issac1998/go-queue/internal/cluster/statemachine.go:84.50,86.3 1 0
github.com/issac1998/go-queue/internal/cluster/statemachine.go:88.2,89.16 2 0
github.com/issac1998/go-queue/internal/cluster/statemachine.go:89.16,91.3 1 0
github.com/issac1998/go-queue/internal/cluster/statemachine.go:94.2,97.8 1 0
github.com/issac1998/go-queue/internal/cluster/statemachine.go:101.80,105.27 3 0
github.com/issac1998/go-queue/internal/cluster/statemachine.go:106.14,107.12 1 0
github.com/issac1998/go-queue/internal/cluster/statemachine.go:108.18,109.27 1 0
github.com/issac1998/go-queue/internal/cluster/statemachine.go:110.17,111.26 1 0
github.com/issac1998/go-queue/internal/cluster/statemachine.go:112.11,113.55 1 0
github.com/issac1998/go-queue/internal/cluster/statemachine.go:115.14,117.19 2 0
github.com/issac1998/go-queue/internal/cluster/statemachine.go:118.18,119.27 1 0
github.com/issac1998/go-queue/internal/cluster/statemachine.go:120.17,121.26 1 0
github.com/issac1998/go-queue/internal/cluster/statemachine.go:122.11,123.62 1 0
github.com/issac1998/go-queue/internal/cluster/statemachine.go:125.10,126.51 1 0
github.com/issac1998/go-queue/internal/cluster/statemachine.go:131.118,146.16 5 0
github.com/issac1998/go-queue/internal/cluster/statemachine.go:146.16,148.3 1 0
github.com/issac1998/go-queue/internal/cluster/statemachine.go:150.2,151.12 2 0
github.com/issac1998/go-queue/internal/cluster/statemachine.go:155.119,160.16 4 0
github.com/issac1998/go-queue/internal/cluster/statemachine.go:160.16,162.3 1 0
github.com/issac1998/go-queue/internal/cluster/statemachine.go:164.2,170.56 2 0
github.com/issac1998/go-queue/internal/cluster/statemachine.go:170.56,172.3 1 0
github.com/issac1998/go-queue/internal/cluster/statemachine.go:174.2,178.12 4 0
github.com/issac1998/go-queue/internal/cluster/statemachine.go:182.47,185.2 1 0
github.com/issac1998/go-queue/internal/cluster/statemachine.go:188.50,194.2 3 0
github.com/issac1998/go-queue/internal/cluster/statemachine.go:197.79,201.17 3 0
github.com/issac1998/go-queue/internal/cluster/statemachine.go:202.21,203.29 1 0
github.com/issac1998/go-queue/internal/cluster/statemachine.go:204.21,205.29 1 0
github.com/issac1998/go-queue/internal/cluster/statemachine.go:206.23,207.31 1 0
github.com/issac1998/go-queue/internal/cluster/statemachine.go:208.24,209.32 1 0
github.com/issac1998/go-queue/internal/cluster/statemachine.go:210.24,211.32 1 0
github.com/issac1998/go-queue/internal/cluster/statemachine.go:212.26,213.34 1 0
github.com/issac1998/go-queue/internal/cluster/statemachine.go:214.10,215.64 1 0
github.com/issac1998/go-queue/internal/cluster/statemachine.go:220.76,222.62 2 0
github.com/issac1998/go-queue/internal/cluster/statemachine.go:222.62,224.3 1 0
github.com/issac1998/go-queue/internal/cluster/statemachine.go:227.2,227.47 1 0
github.com/issac1998/go-queue/internal/cluster/statemachine.go:227.47,229.3 1 0
github.com/issac1998/go-queue/internal/cluster/statemachine.go:232.2,243.53 5 0
github.com/issac1998/go-queue/internal/cluster/statemachine.go:243.53,253.3 3 0
github.com/issac1998/go-queue/internal/cluster/statemachine.go:256.2,256.24 1 0
github.com/issac1998/go-queue/internal/cluster/statemachine.go:256.24,258.17 2 0
github.com/issac1998/go-queue/internal/cluster/statemachine.go:258.17,260.4 1 0
github.com/issac1998/go-queue/internal/cluster/statemachine.go:263.2,264.20 2 0
github.com/issac1998/go-queue/internal/cluster/statemachine.go:268.76,269.48 1 0
github.com/issac1998/go-queue/internal/cluster/statemachine.go:269.48,271.3 1 0
github.com/issac1998/go-queue/internal/cluster/statemachine.go:273.2,276.26 3 0
github.com/issac1998/go-queue/internal/cluster/statemachine.go:280.78,282.13 2 0
github.com/issac1998/go-queue/internal/cluster/statemachine.go:282.13,284.3 1 0
github.com/issac1998/go-queue/internal/cluster/statemachine.go:286.2,287.13 2 0
github.com/issac1998/go-queue/internal/cluster/statemachine.go:287.13,289.3 1 0
github.com/issac1998/go-queue/internal/cluster/statemachine.go:292.2,292.40 1 0
github.com/issac1998/go-queue/internal/cluster/statemachine.go:292.40,294.3 1 0
github.com/issac1998/go-queue/internal/cluster/statemachine.go:297.2,297.24 1 0
github.com/issac1998/go-queue/internal/cluster/statemachine.go:297.24,299.17 2 0
github.com/issac1998/go-queue/internal/cluster/statemachine.go:299.17,301.4 1 0
github.com/issac1998/go-queue/internal/cluster/statemachine.go:303.3,309.26 3 0
github.com/issac1998/go-queue/internal/cluster/statemachine.go:312.2,312.26 1 0
github.com/issac1998/go-queue/internal/cluster/statemachine.go:316.79,319.2 1 0
github.com/issac1998/go-queue/internal/cluster/statemachine.go:322.79,324.57 2 0
github.com/issac1998/go-queue/internal/cluster/statemachine.go:324.57,326.3 1 0
github.com/issac1998/go-queue/internal/cluster/statemachine.go:328.2,329.26 2 0
github.com/issac1998/go-queue/internal/cluster/statemachine.go:333.81,335.59 2 0
github.com/issac1998/go-queue/internal/cluster/statemachine.go:335.59,337.3 1 0
github.com/issac1998/go-queue/internal/cluster/statemachine.go:339.2,340.26 2 0
github.com/issac1998/go-queue/internal/cluster/statemachine.go:344.60,346.38 2 0
github.com/issac1998/go-queue/internal/cluster/statemachine.go:346.38,347.31 1 0
github.com/issac1998/go-queue/internal/cluster/statemachine.go:347.31,349.4 1 0
github.com/issac1998/go-queue/internal/cluster/statemachine.go:351.2,351.16 1 0
github.com/issac1998/go-queue/internal/cluster/statemachine.go:355.93,356.23 1 0
github.com/issac1998/go-queue/internal/cluster/statemachine.go:356.23,358.3 1 0
github.com/issac1998/go-queue/internal/cluster/statemachine.go:360.2,360.33 1 0
github.com/issac1998/go-queue/internal/cluster/statemachine.go:360.33,362.3 1 0
github.com/issac1998/go-queue/internal/cluster/statemachine.go:364.2,365.36 2 0
github.com/issac1998/go-queue/internal/cluster/statemachine.go:365.36,367.3 1 0
github.com/issac1998/go-queue/internal/cluster/statemachine.go:369.2,369.17 1 0
github.com/issac1998/go-queue/internal/config/config.go:92.65,94.16 2 0
github.com/issac1998/go-queue/internal/config/config.go:94.16,96.3 1 0
github.com/issac1998/go-queue/internal/config/config.go:98.2,99.58 2 0
github.com/issac1998/go-queue/internal/config/config.go:99.58,101.3 1 0
github.com/issac1998/go-queue/internal/config/config.go:104.2,105.16 2 0
github.com/issac1998/go-queue/internal/config/config.go:105.16,107.3 1 0
github.com/issac1998/go-queue/internal/config/config.go:109.2,110.16 2 0
github.com/issac1998/go-queue/internal/config/config.go:110.16,112.3 1 0
github.com/issac1998/go-queue/internal/config/config.go:114.2,115.16 2 0
github.com/issac1998/go-queue/internal/config/config.go:115.16,117.3 1 0
github.com/issac1998/go-queue/internal/config/config.go:120.2,121.43 2 0
github.com/issac1998/go-queue/internal/config/config.go:121.43,123.17 2 0
github.com/issac1998/go-queue/internal/config/config.go:123.17,125.4 1 0
github.com/issac1998/go-queue/internal/config/config.go:127.3,132.4 1 0
github.com/issac1998/go-queue/internal/config/config.go:136.2,159.30 2 0
github.com/issac1998/go-queue/internal/config/config.go:159.30,161.3 1 0
github.com/issac1998/go-queue/internal/config/config.go:163.2,163.20 1 0
github.com/issac1998/go-queue/internal/config/config.go:167.65,169.16 2 0
github.com/issac1998/go-queue/internal/config/config.go:169.16,171.3 1 0
github.com/issac1998/go-queue/internal/config/config.go:173.2,174.54 2 0
github.com/issac1998/go-queue/internal/config/config.go:174.54,176.3 1 0
github.com/issac1998/go-queue/internal/config/config.go:179.2,179.25 1 0
github.com/issac1998/go-queue/internal/config/config.go:179.25,181.3 1 0
github.com/issac1998/go-queue/internal/config/config.go:182.2,182.26 1 0
github.com/issac1998/go-queue/internal/config/config.go:182.26,184.3 1 0
github.com/issac1998/go-queue/internal/config/config.go:186.2,186.21 1 0
github.com/issac1998/go-queue/internal/config/config.go:190.68,192.2 1 0
github.com/issac1998/go-queue/internal/deduplication/deduplication.go:20.35,21.11 1 0
github.com/issac1998/go-queue/internal/deduplication/deduplication.go:22.11,23.15 1 0
github.com/issac1998/go-queue/internal/deduplication/deduplication.go:24.14,25.18 1 0
github.com/issac1998/go-queue/internal/deduplication/deduplication.go:26.10,27.19 1 0
github.com/issac1998/go-queue/internal/deduplication/deduplication.go:61.30,68.2 1 0
github.com/issac1998/go-queue/internal/deduplication/deduplication.go:71.52,72.19 1 0
github.com/issac1998/go-queue/internal/deduplication/deduplication.go:72.19,74.3 1 0
github.com/issac1998/go-queue/internal/deduplication/deduplication.go:76.2,85.28 2 0
github.com/issac1998/go-queue/internal/deduplication/deduplication.go:85.28,87.3 1 0
github.com/issac1998/go-queue/internal/deduplication/deduplication.go:89.2,89.10 1 0
github.com/issac1998/go-queue/internal/deduplication/deduplication.go:93.41,95.2 1 0
github.com/issac1998/go-queue/internal/deduplication/deduplication.go:98.33,102.39 4 0
github.com/issac1998/go-queue/internal/deduplication/deduplication.go:102.39,104.3 1 0
github.com/issac1998/go-queue/internal/deduplication/deduplication.go:108.34,112.26 4 0
github.com/issac1998/go-queue/internal/deduplication/deduplication.go:112.26,115.3 2 0
github.com/issac1998/go-queue/internal/deduplication/deduplication.go:119.58,122.20 2 0
github.com/issac1998/go-queue/internal/deduplication/deduplication.go:123.11,124.21 1 0
github.com/issac1998/go-queue/internal/deduplication/deduplication.go:125.14,126.24 1 0
github.com/issac1998/go-queue/internal/deduplication/deduplication.go:127.10,128.24 1 0
github.com/issac1998/go-queue/internal/deduplication/deduplication.go:131.2,132.44 2 0
github.com/issac1998/go-queue/internal/deduplication/deduplication.go:137.91,138.16 1 0
github.com/issac1998/go-queue/internal/deduplication/deduplication.go:138.16,140.3 1 0
github.com/issac1998/go-queue/internal/deduplication/deduplication.go:142.2,148.12 5 0
github.com/issac1998/go-queue/internal/deduplication/deduplication.go:148.12,153.3 3 0
github.com/issac1998/go-queue/internal/deduplication/deduplication.go:156.2,156.36 1 0
github.com/issac1998/go-queue/internal/deduplication/deduplication.go:156.36,158.3 1 0
github.com/issac1998/go-queue/internal/deduplication/deduplication.go:161.2,170.23 3 0
github.com/issac1998/go-queue/internal/deduplication/deduplication.go:174.70,175.16 1 0
github.com/issac1998/go-queue/internal/deduplication/deduplication.go:175.16,177.3 1 0
github.com/issac1998/go-queue/internal/deduplication/deduplication.go:179.2,185.13 5 0
github.com/issac1998/go-queue/internal/deduplication/deduplication.go:185.13,187.3 1 0
github.com/issac1998/go-queue/internal/deduplication/deduplication.go:190.2,196.3 1 0
github.com/issac1998/go-queue/internal/deduplication/deduplication.go:200.38,204.37 3 0
github.com/issac1998/go-queue/internal/deduplication/deduplication.go:204.37,205.61 1 0
github.com/issac1998/go-queue/internal/deduplication/deduplication.go:205.61,208.4 2 0
github.com/issac1998/go-queue/internal/deduplication/deduplication.go:211.2,211.22 1 0
github.com/issac1998/go-queue/internal/deduplication/deduplication.go:211.22,213.3 1 0
github.com/issac1998/go-queue/internal/deduplication/deduplication.go:217.39,219.35 2 0
github.com/issac1998/go-queue/internal/deduplication/deduplication.go:219.35,221.3 1 0
github.com/issac1998/go-queue/internal/deduplication/deduplication.go:223.2,225.12 2 0
github.com/issac1998/go-queue/internal/deduplication/deduplication.go:225.12,226.7 1 0
github.com/issac1998/go-queue/internal/deduplication/deduplication.go:226.7,227.11 1 0
github.com/issac1998/go-queue/internal/deduplication/deduplication.go:228.27,229.16 1 0
github.com/issac1998/go-queue/internal/deduplication/deduplication.go:230.20,231.11 1 0
github.com/issac1998/go-queue/internal/deduplication/deduplication.go:238.34,245.37 5 0
github.com/issac1998/go-queue/internal/deduplication/deduplication.go:245.37,246.38 1 0
github.com/issac1998/go-queue/internal/deduplication/deduplication.go:246.38,248.4 1 0
github.com/issac1998/go-queue/internal/deduplication/deduplication.go:251.2,251.37 1 0
github.com/issac1998/go-queue/internal/deduplication/deduplication.go:251.37,253.3 1 0
github.com/issac1998/go-queue/internal/deduplication/deduplication.go:257.42,264.34 5 0
github.com/issac1998/go-queue/internal/deduplication/deduplication.go:264.34,266.22 2 0
github.com/issac1998/go-queue/internal/deduplication/deduplication.go:266.22,268.4 1 0
github.com/issac1998/go-queue/internal/deduplication/deduplication.go:271.2,278.3 1 0
github.com/issac1998/go-queue/internal/deduplication/deduplication.go:292.32,296.2 3 0
github.com/issac1998/go-queue/internal/deduplication/deduplication.go:299.32,300.26 1 0
github.com/issac1998/go-queue/internal/deduplication/deduplication.go:300.26,302.3 1 0
github.com/issac1998/go-queue/internal/deduplication/deduplication.go:303.2,303.17 1 0
github.com/issac1998/go-queue/internal/deduplication/deduplication.go:308.66,311.18 2 0
github.com/issac1998/go-queue/internal/deduplication/deduplication.go:312.11,313.21 1 0
github.com/issac1998/go-queue/internal/deduplication/deduplication.go:314.14,315.24 1 0
github.com/issac1998/go-queue/internal/deduplication/deduplication.go:316.10,317.24 1 0
github.com/issac1998/go-queue/internal/deduplication/deduplication.go:320.2,321.44 2 0
github.com/issac1998/go-queue/internal/protocol/consumer_group.go:102.77,105.16 2 0
github.com/issac1998/go-queue/internal/protocol/consumer_group.go:105.16,107.3 1 0
github.com/issac1998/go-queue/internal/protocol/consumer_group.go:109.2,115.16 3 0
github.com/issac1998/go-queue/internal/protocol/consumer_group.go:115.16,118.3 2 0
github.com/issac1998/go-queue/internal/protocol/consumer_group.go:121.2,122.13 2 0
github.com/issac1998/go-queue/internal/protocol/consumer_group.go:122.13,124.3 1 0
github.com/issac1998/go-queue/internal/protocol/consumer_group.go:125.2,130.31 4 0
github.com/issac1998/go-queue/internal/protocol/consumer_group.go:130.31,134.40 2 0
github.com/issac1998/go-queue/internal/protocol/consumer_group.go:134.40,135.58 1 0
github.com/issac1998/go-queue/internal/protocol/consumer_group.go:135.58,137.47 2 0
github.com/issac1998/go-queue/internal/protocol/consumer_group.go:137.47,139.6 1 0
github.com/issac1998/go-queue/internal/protocol/consumer_group.go:140.5,140.44 1 0
github.com/issac1998/go-queue/internal/protocol/consumer_group.go:144.3,145.17 2 0
github.com/issac1998/go-queue/internal/protocol/consumer_group.go:145.17,147.4 1 0
github.com/issac1998/go-queue/internal/protocol/consumer_group.go:151.2,152.13 2 0
github.com/issac1998/go-queue/internal/protocol/consumer_group.go:152.13,154.3 1 0
github.com/issac1998/go-queue/internal/protocol/consumer_group.go:155.2,168.39 3 0
github.com/issac1998/go-queue/internal/protocol/consumer_group.go:168.39,173.3 1 0
github.com/issac1998/go-queue/internal/protocol/consumer_group.go:175.2,175.46 1 0
github.com/issac1998/go-queue/internal/protocol/consumer_group.go:179.78,181.16 2 0
github.com/issac1998/go-queue/internal/protocol/consumer_group.go:181.16,183.3 1 0
github.com/issac1998/go-queue/internal/protocol/consumer_group.go:185.2,188.16 3 0
github.com/issac1998/go-queue/internal/protocol/consumer_group.go:188.16,191.3 2 0
github.com/issac1998/go-queue/internal/protocol/consumer_group.go:193.2,193.72 1 0
github.com/issac1998/go-queue/internal/protocol/consumer_group.go:197.77,199.16 2 0
github.com/issac1998/go-queue/internal/protocol/consumer_group.go:199.16,201.3 1 0
github.com/issac1998/go-queue/internal/protocol/consumer_group.go:203.2,204.16 2 0
github.com/issac1998/go-queue/internal/protocol/consumer_group.go:204.16,207.3 2 0
github.com/issac1998/go-queue/internal/protocol/consumer_group.go:209.2,209.70 1 0
github.com/issac1998/go-queue/internal/protocol/consumer_group.go:213.80,215.16 2 0
github.com/issac1998/go-queue/internal/protocol/consumer_group.go:215.16,217.3 1 0
github.com/issac1998/go-queue/internal/protocol/consumer_group.go:219.2,223.16 3 0
github.com/issac1998/go-queue/internal/protocol/consumer_group.go:223.16,226.3 2 0
github.com/issac1998/go-queue/internal/protocol/consumer_group.go:228.2,228.76 1 0
github.com/issac1998/go-queue/internal/protocol/consumer_group.go:232.79,234.16 2 0
github.com/issac1998/go-queue/internal/protocol/consumer_group.go:234.16,236.3 1 0
github.com/issac1998/go-queue/internal/protocol/consumer_group.go:238.2,239.13 2 0
github.com/issac1998/go-queue/internal/protocol/consumer_group.go:239.13,241.3 1 0
github.com/issac1998/go-queue/internal/protocol/consumer_group.go:243.2,246.4 1 0
github.com/issac1998/go-queue/internal/protocol/consumer_group.go:250.70,252.70 2 0
github.com/issac1998/go-queue/internal/protocol/consumer_group.go:252.70,254.3 1 0
github.com/issac1998/go-queue/internal/protocol/consumer_group.go:257.2,258.73 2 0
github.com/issac1998/go-queue/internal/protocol/consumer_group.go:258.73,260.3 1 0
github.com/issac1998/go-queue/internal/protocol/consumer_group.go:261.2,262.59 2 0
github.com/issac1998/go-queue/internal/protocol/consumer_group.go:262.59,264.3 1 0
github.com/issac1998/go-queue/internal/protocol/consumer_group.go:267.2,268.76 2 0
github.com/issac1998/go-queue/internal/protocol/consumer_group.go:268.76,270.3 1 0
github.com/issac1998/go-queue/internal/protocol/consumer_group.go:271.2,272.62 2 0
github.com/issac1998/go-queue/internal/protocol/consumer_group.go:272.62,274.3 1 0
github.com/issac1998/go-queue/internal/protocol/consumer_group.go:277.2,278.74 2 0
github.com/issac1998/go-queue/internal/protocol/consumer_group.go:278.74,280.3 1 0
github.com/issac1998/go-queue/internal/protocol/consumer_group.go:281.2,282.60 2 0
github.com/issac1998/go-queue/internal/protocol/consumer_group.go:282.60,284.3 1 0
github.com/issac1998/go-queue/internal/protocol/consumer_group.go:287.2,288.73 2 0
github.com/issac1998/go-queue/internal/protocol/consumer_group.go:288.73,290.3 1 0
github.com/issac1998/go-queue/internal/protocol/consumer_group.go:292.2,293.41 2 0
github.com/issac1998/go-queue/internal/protocol/consumer_group.go:293.41,295.72 2 0
github.com/issac1998/go-queue/internal/protocol/consumer_group.go:295.72,297.4 1 0
github.com/issac1998/go-queue/internal/protocol/consumer_group.go:298.3,299.58 2 0
github.com/issac1998/go-queue/internal/protocol/consumer_group.go:299.58,301.4 1 0
github.com/issac1998/go-queue/internal/protocol/consumer_group.go:302.3,302.33 1 0
github.com/issac1998/go-queue/internal/protocol/consumer_group.go:306.2,307.79 2 0
github.com/issac1998/go-queue/internal/protocol/consumer_group.go:307.79,309.3 1 0
github.com/issac1998/go-queue/internal/protocol/consumer_group.go:311.2,317.8 1 0
github.com/issac1998/go-queue/internal/protocol/consumer_group.go:320.72,322.70 2 0
github.com/issac1998/go-queue/internal/protocol/consumer_group.go:322.70,324.3 1 0
github.com/issac1998/go-queue/internal/protocol/consumer_group.go:327.2,328.73 2 0
github.com/issac1998/go-queue/internal/protocol/consumer_group.go:328.73,330.3 1 0
github.com/issac1998/go-queue/internal/protocol/consumer_group.go:331.2,332.59 2 0
github.com/issac1998/go-queue/internal/protocol/consumer_group.go:332.59,334.3 1 0
github.com/issac1998/go-queue/internal/protocol/consumer_group.go:337.2,338.76 2 0
github.com/issac1998/go-queue/internal/protocol/consumer_group.go:338.76,340.3 1 0
github.com/issac1998/go-queue/internal/protocol/consumer_group.go:341.2,342.62 2 0
github.com/issac1998/go-queue/internal/protocol/consumer_group.go:342.62,344.3 1 0
github.com/issac1998/go-queue/internal/protocol/consumer_group.go:346.2,349.8 1 0
github.com/issac1998/go-queue/internal/protocol/consumer_group.go:352.70,354.70 2 0
github.com/issac1998/go-queue/internal/protocol/consumer_group.go:354.70,356.3 1 0
github.com/issac1998/go-queue/internal/protocol/consumer_group.go:359.2,360.73 2 0
github.com/issac1998/go-queue/internal/protocol/consumer_group.go:360.73,362.3 1 0
github.com/issac1998/go-queue/internal/protocol/consumer_group.go:363.2,364.59 2 0
github.com/issac1998/go-queue/internal/protocol/consumer_group.go:364.59,366.3 1 0
github.com/issac1998/go-queue/internal/protocol/consumer_group.go:369.2,370.76 2 0
github.com/issac1998/go-queue/internal/protocol/consumer_group.go:370.76,372.3 1 0
github.com/issac1998/go-queue/internal/protocol/consumer_group.go:373.2,374.62 2 0
github.com/issac1998/go-queue/internal/protocol/consumer_group.go:374.62,376.3 1 0
github.com/issac1998/go-queue/internal/protocol/consumer_group.go:379.2,380.73 2 0
github.com/issac1998/go-queue/internal/protocol/consumer_group.go:380.73,382.3 1 0
github.com/issac1998/go-queue/internal/protocol/consumer_group.go:384.2,388.8 1 0
github.com/issac1998/go-queue/internal/protocol/consumer_group.go:391.76,393.70 2 0
github.com/issac1998/go-queue/internal/protocol/consumer_group.go:393.70,395.3 1 0
github.com/issac1998/go-queue/internal/protocol/consumer_group.go:398.2,399.73 2 0
github.com/issac1998/go-queue/internal/protocol/consumer_group.go:399.73,401.3 1 0
github.com/issac1998/go-queue/internal/protocol/consumer_group.go:402.2,403.59 2 0
github.com/issac1998/go-queue/internal/protocol/consumer_group.go:403.59,405.3 1 0
github.com/issac1998/go-queue/internal/protocol/consumer_group.go:408.2,409.71 2 0
github.com/issac1998/go-queue/internal/protocol/consumer_group.go:409.71,411.3 1 0
github.com/issac1998/go-queue/internal/protocol/consumer_group.go:412.2,413.57 2 0
github.com/issac1998/go-queue/internal/protocol/consumer_group.go:413.57,415.3 1 0
github.com/issac1998/go-queue/internal/protocol/consumer_group.go:418.2,419.72 2 0
github.com/issac1998/go-queue/internal/protocol/consumer_group.go:419.72,421.3 1 0
github.com/issac1998/go-queue/internal/protocol/consumer_group.go:424.2,425.69 2 0
github.com/issac1998/go-queue/internal/protocol/consumer_group.go:425.69,427.3 1 0
github.com/issac1998/go-queue/internal/protocol/consumer_group.go:430.2,431.74 2 0
github.com/issac1998/go-queue/internal/protocol/consumer_group.go:431.74,433.3 1 0
github.com/issac1998/go-queue/internal/protocol/consumer_group.go:434.2,435.60 2 0
github.com/issac1998/go-queue/internal/protocol/consumer_group.go:435.60,437.3 1 0
github.com/issac1998/go-queue/internal/protocol/consumer_group.go:439.2,445.8 1 0
github.com/issac1998/go-queue/internal/protocol/consumer_group.go:448.74,450.70 2 0
github.com/issac1998/go-queue/internal/protocol/consumer_group.go:450.70,452.3 1 0
github.com/issac1998/go-queue/internal/protocol/consumer_group.go:455.2,456.73 2 0
github.com/issac1998/go-queue/internal/protocol/consumer_group.go:456.73,458.3 1 0
github.com/issac1998/go-queue/internal/protocol/consumer_group.go:459.2,460.59 2 0
github.com/issac1998/go-queue/internal/protocol/consumer_group.go:460.59,462.3 1 0
github.com/issac1998/go-queue/internal/protocol/consumer_group.go:465.2,466.71 2 0
github.com/issac1998/go-queue/internal/protocol/consumer_group.go:466.71,468.3 1 0
github.com/issac1998/go-queue/internal/protocol/consumer_group.go:469.2,470.57 2 0
github.com/issac1998/go-queue/internal/protocol/consumer_group.go:470.57,472.3 1 0
github.com/issac1998/go-queue/internal/protocol/consumer_group.go:475.2,476.72 2 0
github.com/issac1998/go-queue/internal/protocol/consumer_group.go:476.72,478.3 1 0
github.com/issac1998/go-queue/internal/protocol/consumer_group.go:480.2,484.8 1 0
github.com/issac1998/go-queue/internal/protocol/consumer_group.go:488.78,511.42 11 0
github.com/issac1998/go-queue/internal/protocol/consumer_group.go:511.42,516.3 4 0
github.com/issac1998/go-queue/internal/protocol/consumer_group.go:519.2,520.53 2 0
github.com/issac1998/go-queue/internal/protocol/consumer_group.go:520.53,524.40 4 0
github.com/issac1998/go-queue/internal/protocol/consumer_group.go:524.40,526.4 1 0
github.com/issac1998/go-queue/internal/protocol/consumer_group.go:530.2,533.12 4 0
github.com/issac1998/go-queue/internal/protocol/consumer_group.go:536.63,550.2 12 0
github.com/issac1998/go-queue/internal/protocol/consumer_group.go:552.80,560.2 6 0
github.com/issac1998/go-queue/internal/protocol/consumer_group.go:562.64,564.2 1 0
github.com/issac1998/go-queue/internal/protocol/consumer_group.go:566.78,574.2 6 0
github.com/issac1998/go-queue/internal/protocol/consumer_group.go:576.63,578.2 1 0
github.com/issac1998/go-queue/internal/protocol/consumer_group.go:580.84,588.2 6 0
github.com/issac1998/go-queue/internal/protocol/consumer_group.go:590.66,592.2 1 0
github.com/issac1998/go-queue/internal/protocol/consumer_group.go:594.82,603.2 7 0
github.com/issac1998/go-queue/internal/protocol/consumer_group.go:605.79,610.2 1 0
github.com/issac1998/go-queue/internal/protocol/fetch.go:31.59,35.67 3 0
github.com/issac1998/go-queue/internal/protocol/fetch.go:35.67,37.3 1 0
github.com/issac1998/go-queue/internal/protocol/fetch.go:38.2,38.39 1 0
github.com/issac1998/go-queue/internal/protocol/fetch.go:38.39,40.3 1 0
github.com/issac1998/go-queue/internal/protocol/fetch.go:42.2,43.68 2 0
github.com/issac1998/go-queue/internal/protocol/fetch.go:43.68,45.3 1 0
github.com/issac1998/go-queue/internal/protocol/fetch.go:46.2,47.54 2 0
github.com/issac1998/go-queue/internal/protocol/fetch.go:47.54,49.3 1 0
github.com/issac1998/go-queue/internal/protocol/fetch.go:50.2,52.73 2 0
github.com/issac1998/go-queue/internal/protocol/fetch.go:52.73,54.3 1 0
github.com/issac1998/go-queue/internal/protocol/fetch.go:55.2,55.70 1 0
github.com/issac1998/go-queue/internal/protocol/fetch.go:55.70,57.3 1 0
github.com/issac1998/go-queue/internal/protocol/fetch.go:58.2,58.72 1 0
github.com/issac1998/go-queue/internal/protocol/fetch.go:58.72,60.3 1 0
github.com/issac1998/go-queue/internal/protocol/fetch.go:62.2,62.39 1 0
github.com/issac1998/go-queue/internal/protocol/fetch.go:62.39,64.3 1 0
github.com/issac1998/go-queue/internal/protocol/fetch.go:64.8,64.30 1 0
github.com/issac1998/go-queue/internal/protocol/fetch.go:64.30,66.3 1 0
github.com/issac1998/go-queue/internal/protocol/fetch.go:68.2,68.17 1 0
github.com/issac1998/go-queue/internal/protocol/fetch.go:72.52,82.35 9 0
github.com/issac1998/go-queue/internal/protocol/fetch.go:82.35,85.3 2 0
github.com/issac1998/go-queue/internal/protocol/fetch.go:87.2,88.68 2 0
github.com/issac1998/go-queue/internal/protocol/fetch.go:88.68,90.3 1 0
github.com/issac1998/go-queue/internal/protocol/fetch.go:92.2,92.54 1 0
github.com/issac1998/go-queue/internal/protocol/fetch.go:92.54,94.3 1 0
github.com/issac1998/go-queue/internal/protocol/fetch.go:95.2,95.56 1 0
github.com/issac1998/go-queue/internal/protocol/fetch.go:95.56,97.3 1 0
github.com/issac1998/go-queue/internal/protocol/fetch.go:99.2,99.12 1 0
github.com/issac1998/go-queue/internal/protocol/fetch.go:103.83,107.16 3 0
github.com/issac1998/go-queue/internal/protocol/fetch.go:107.16,109.3 1 0
github.com/issac1998/go-queue/internal/protocol/fetch.go:111.2,112.16 2 0
github.com/issac1998/go-queue/internal/protocol/fetch.go:112.16,114.3 1 0
github.com/issac1998/go-queue/internal/protocol/fetch.go:116.2,123.29 2 0
github.com/issac1998/go-queue/internal/protocol/fetch.go:127.99,128.33 1 0
github.com/issac1998/go-queue/internal/protocol/fetch.go:128.33,129.71 1 0
github.com/issac1998/go-queue/internal/protocol/fetch.go:129.71,132.4 2 0
github.com/issac1998/go-queue/internal/protocol/fetch.go:134.2,134.50 1 0
github.com/issac1998/go-queue/internal/protocol/fetch.go:142.28,147.28 4 0
github.com/issac1998/go-queue/internal/protocol/fetch.go:147.28,150.59 3 0
github.com/issac1998/go-queue/internal/protocol/fetch.go:150.59,151.30 1 0
github.com/issac1998/go-queue/internal/protocol/fetch.go:151.30,152.10 1 0
github.com/issac1998/go-queue/internal/protocol/fetch.go:154.4,154.22 1 0
github.com/issac1998/go-queue/internal/protocol/fetch.go:156.3,160.61 3 0
github.com/issac1998/go-queue/internal/protocol/fetch.go:160.61,161.9 1 0
github.com/issac1998/go-queue/internal/protocol/fetch.go:164.3,165.56 2 0
github.com/issac1998/go-queue/internal/protocol/fetch.go:165.56,167.4 1 0
github.com/issac1998/go-queue/internal/protocol/fetch.go:168.3,170.35 3 0
github.com/issac1998/go-queue/internal/protocol/fetch.go:173.2,173.51 1 0
github.com/issac1998/go-queue/internal/protocol/fetch.go:177.68,181.42 2 0
github.com/issac1998/go-queue/internal/protocol/fetch.go:181.42,183.3 1 0
github.com/issac1998/go-queue/internal/protocol/fetch.go:184.2,184.56 1 0
github.com/issac1998/go-queue/internal/protocol/produce.go:60.63,64.67 3 0
github.com/issac1998/go-queue/internal/protocol/produce.go:64.67,66.3 1 0
github.com/issac1998/go-queue/internal/protocol/produce.go:69.2,70.68 2 0
github.com/issac1998/go-queue/internal/protocol/produce.go:70.68,72.3 1 0
github.com/issac1998/go-queue/internal/protocol/produce.go:73.2,74.54 2 0
github.com/issac1998/go-queue/internal/protocol/produce.go:74.54,76.3 1 0
github.com/issac1998/go-queue/internal/protocol/produce.go:77.2,80.73 2 0
github.com/issac1998/go-queue/internal/protocol/produce.go:80.73,82.3 1 0
github.com/issac1998/go-queue/internal/protocol/produce.go:83.2,83.75 1 0
github.com/issac1998/go-queue/internal/protocol/produce.go:83.75,85.3 1 0
github.com/issac1998/go-queue/internal/protocol/produce.go:88.2,89.70 2 0
github.com/issac1998/go-queue/internal/protocol/produce.go:89.70,91.3 1 0
github.com/issac1998/go-queue/internal/protocol/produce.go:93.2,94.6 2 0
github.com/issac1998/go-queue/internal/protocol/produce.go:94.6,96.80 2 0
github.com/issac1998/go-queue/internal/protocol/produce.go:96.80,97.30 1 0
github.com/issac1998/go-queue/internal/protocol/produce.go:97.30,98.10 1 0
github.com/issac1998/go-queue/internal/protocol/produce.go:100.4,100.63 1 0
github.com/issac1998/go-queue/internal/protocol/produce.go:103.3,103.31 1 0
github.com/issac1998/go-queue/internal/protocol/produce.go:103.31,105.4 1 0
github.com/issac1998/go-queue/internal/protocol/produce.go:107.3,108.60 2 0
github.com/issac1998/go-queue/internal/protocol/produce.go:108.60,110.4 1 0
github.com/issac1998/go-queue/internal/protocol/produce.go:111.3,111.43 1 0
github.com/issac1998/go-queue/internal/protocol/produce.go:114.2,114.18 1 0
github.com/issac1998/go-queue/internal/protocol/produce.go:118.54,121.71 2 0
github.com/issac1998/go-queue/internal/protocol/produce.go:121.71,123.3 1 0
github.com/issac1998/go-queue/internal/protocol/produce.go:125.2,125.74 1 0
github.com/issac1998/go-queue/internal/protocol/produce.go:125.74,127.3 1 0
github.com/issac1998/go-queue/internal/protocol/produce.go:128.2,128.73 1 0
github.com/issac1998/go-queue/internal/protocol/produce.go:128.73,130.3 1 0
github.com/issac1998/go-queue/internal/protocol/produce.go:132.2,132.12 1 0
github.com/issac1998/go-queue/internal/protocol/produce.go:136.108,138.16 2 0
github.com/issac1998/go-queue/internal/protocol/produce.go:138.16,140.3 1 0
github.com/issac1998/go-queue/internal/protocol/produce.go:142.2,142.21 1 0
github.com/issac1998/go-queue/internal/protocol/produce.go:142.21,144.3 1 0
github.com/issac1998/go-queue/internal/protocol/produce.go:145.2,145.28 1 0
github.com/issac1998/go-queue/internal/protocol/produce.go:145.28,147.3 1 0
github.com/issac1998/go-queue/internal/protocol/produce.go:150.2,150.27 1 0
github.com/issac1998/go-queue/internal/protocol/produce.go:150.28,153.3 0 0
github.com/issac1998/go-queue/internal/protocol/produce.go:155.2,156.35 2 0
github.com/issac1998/go-queue/internal/protocol/produce.go:156.35,158.17 2 0
github.com/issac1998/go-queue/internal/protocol/produce.go:158.17,160.4 1 0
github.com/issac1998/go-queue/internal/protocol/produce.go:161.3,161.24 1 0
github.com/issac1998/go-queue/internal/protocol/produce.go:161.24,163.4 1 0
github.com/issac1998/go-queue/internal/protocol/produce.go:166.2,170.29 2 0
github.com/issac1998/go-queue/internal/protocol/produce.go:174.61,179.2 2 0
github.com/issac1998/go-queue/internal/protocol/produce.go:181.73,183.70 2 0
github.com/issac1998/go-queue/internal/protocol/produce.go:183.70,186.3 2 0
github.com/issac1998/go-queue/internal/protocol/produce.go:188.2,189.70 2 0
github.com/issac1998/go-queue/internal/protocol/produce.go:189.70,192.3 2 0
github.com/issac1998/go-queue/internal/protocol/produce.go:194.2,195.54 2 0
github.com/issac1998/go-queue/internal/protocol/produce.go:195.54,198.3 2 0
github.com/issac1998/go-queue/internal/protocol/produce.go:199.2,202.73 3 0
github.com/issac1998/go-queue/internal/protocol/produce.go:202.73,205.3 2 0
github.com/issac1998/go-queue/internal/protocol/produce.go:207.2,214.16 4 0
github.com/issac1998/go-queue/internal/protocol/produce.go:214.16,217.3 2 0
github.com/issac1998/go-queue/internal/protocol/produce.go:219.2,219.28 1 0
github.com/issac1998/go-queue/internal/protocol/produce.go:222.42,224.2 1 0
github.com/issac1998/go-queue/client/admin.go:15.38,19.2 1 5
github.com/issac1998/go-queue/client/admin.go:35.81,36.25 1 3
github.com/issac1998/go-queue/client/admin.go:36.25,38.3 1 2
github.com/issac1998/go-queue/client/admin.go:39.2,39.23 1 3
github.com/issac1998/go-queue/client/admin.go:39.23,41.3 1 1
github.com/issac1998/go-queue/client/admin.go:43.2,44.16 2 3
github.com/issac1998/go-queue/client/admin.go:44.16,46.3 1 0
github.com/issac1998/go-queue/client/admin.go:48.2,49.16 2 3
github.com/issac1998/go-queue/client/admin.go:49.16,51.3 1 3
github.com/issac1998/go-queue/client/admin.go:53.2,54.16 2 0
github.com/issac1998/go-queue/client/admin.go:54.16,56.3 1 0
github.com/issac1998/go-queue/client/admin.go:58.2,58.20 1 0
github.com/issac1998/go-queue/client/admin.go:62.81,65.84 2 4
github.com/issac1998/go-queue/client/admin.go:65.84,67.3 1 0
github.com/issac1998/go-queue/client/admin.go:69.2,69.82 1 4
github.com/issac1998/go-queue/client/admin.go:69.82,71.3 1 0
github.com/issac1998/go-queue/client/admin.go:72.2,72.53 1 4
github.com/issac1998/go-queue/client/admin.go:72.53,74.3 1 0
github.com/issac1998/go-queue/client/admin.go:76.2,76.76 1 4
github.com/issac1998/go-queue/client/admin.go:76.76,78.3 1 0
github.com/issac1998/go-queue/client/admin.go:80.2,80.74 1 4
github.com/issac1998/go-queue/client/admin.go:80.74,82.3 1 0
github.com/issac1998/go-queue/client/admin.go:84.2,84.25 1 4
github.com/issac1998/go-queue/client/admin.go:88.101,96.71 4 2
github.com/issac1998/go-queue/client/admin.go:96.71,98.3 1 0
github.com/issac1998/go-queue/client/admin.go:100.2,100.20 1 2
github.com/issac1998/go-queue/client/admin.go:100.20,102.3 1 1
github.com/issac1998/go-queue/client/admin.go:104.2,104.20 1 2
github.com/issac1998/go-queue/client/admin.go:121.51,124.2 1 1
github.com/issac1998/go-queue/client/admin.go:127.48,130.2 1 1
github.com/issac1998/go-queue/client/admin.go:133.63,136.2 1 1
github.com/issac1998/go-queue/client/client.go:26.45,27.29 1 17
github.com/issac1998/go-queue/client/client.go:27.29,29.3 1 15
github.com/issac1998/go-queue/client/client.go:30.2,30.25 1 17
github.com/issac1998/go-queue/client/client.go:30.25,32.3 1 15
github.com/issac1998/go-queue/client/client.go:34.2,37.3 1 17
github.com/issac1998/go-queue/client/client.go:41.46,43.16 2 9
github.com/issac1998/go-queue/client/client.go:43.16,45.3 1 9
github.com/issac1998/go-queue/client/client.go:46.2,46.18 1 0
github.com/issac1998/go-queue/client/client.go:50.85,55.16 4 8
github.com/issac1998/go-queue/client/client.go:55.16,57.3 1 8
github.com/issac1998/go-queue/client/client.go:58.2,62.74 3 0
github.com/issac1998/go-queue/client/client.go:62.74,64.3 1 0
github.com/issac1998/go-queue/client/client.go:66.2,66.51 1 0
github.com/issac1998/go-queue/client/client.go:66.51,68.3 1 0
github.com/issac1998/go-queue/client/client.go:70.2,71.74 2 0
github.com/issac1998/go-queue/client/client.go:71.74,73.3 1 0
github.com/issac1998/go-queue/client/client.go:76.2,77.37 2 0
github.com/issac1998/go-queue/client/client.go:77.37,80.24 2 0
github.com/issac1998/go-queue/client/client.go:80.24,82.4 1 0
github.com/issac1998/go-queue/client/client.go:86.2,87.59 2 0
github.com/issac1998/go-queue/client/client.go:87.59,89.3 1 0
github.com/issac1998/go-queue/client/client.go:91.2,91.26 1 0
github.com/issac1998/go-queue/client/consumer.go:16.44,20.2 1 5
github.com/issac1998/go-queue/client/consumer.go:48.66,50.23 1 3
github.com/issac1998/go-queue/client/consumer.go:50.23,52.3 1 1
github.com/issac1998/go-queue/client/consumer.go:55.2,56.16 2 3
github.com/issac1998/go-queue/client/consumer.go:56.16,58.3 1 0
github.com/issac1998/go-queue/client/consumer.go:61.2,62.16 2 3
github.com/issac1998/go-queue/client/consumer.go:62.16,64.3 1 3
github.com/issac1998/go-queue/client/consumer.go:67.2,68.16 2 0
github.com/issac1998/go-queue/client/consumer.go:68.16,70.3 1 0
github.com/issac1998/go-queue/client/consumer.go:72.2,72.20 1 0
github.com/issac1998/go-queue/client/consumer.go:76.97,83.2 1 1
github.com/issac1998/go-queue/client/consumer.go:86.72,90.84 2 4
github.com/issac1998/go-queue/client/consumer.go:90.84,92.3 1 0
github.com/issac1998/go-queue/client/consumer.go:95.2,95.83 1 4
github.com/issac1998/go-queue/client/consumer.go:95.83,97.3 1 0
github.com/issac1998/go-queue/client/consumer.go:98.2,98.54 1 4
github.com/issac1998/go-queue/client/consumer.go:98.54,100.3 1 0
github.com/issac1998/go-queue/client/consumer.go:103.2,103.75 1 4
github.com/issac1998/go-queue/client/consumer.go:103.75,105.3 1 0
github.com/issac1998/go-queue/client/consumer.go:108.2,108.72 1 4
github.com/issac1998/go-queue/client/consumer.go:108.72,110.3 1 0
github.com/issac1998/go-queue/client/consumer.go:113.2,113.74 1 4
github.com/issac1998/go-queue/client/consumer.go:113.74,115.3 1 0
github.com/issac1998/go-queue/client/consumer.go:117.2,117.25 1 4
github.com/issac1998/go-queue/client/consumer.go:121.126,132.70 4 1
github.com/issac1998/go-queue/client/consumer.go:132.70,134.3 1 0
github.com/issac1998/go-queue/client/consumer.go:135.2,136.56 2 1
github.com/issac1998/go-queue/client/consumer.go:136.56,138.3 1 0
github.com/issac1998/go-queue/client/consumer.go:141.2,142.79 2 1
github.com/issac1998/go-queue/client/consumer.go:142.79,144.3 1 0
github.com/issac1998/go-queue/client/consumer.go:147.2,148.71 2 1
github.com/issac1998/go-queue/client/consumer.go:148.71,150.3 1 0
github.com/issac1998/go-queue/client/consumer.go:152.2,152.20 1 1
github.com/issac1998/go-queue/client/consumer.go:152.20,155.3 2 0
github.com/issac1998/go-queue/client/consumer.go:158.2,158.79 1 1
github.com/issac1998/go-queue/client/consumer.go:158.79,160.3 1 0
github.com/issac1998/go-queue/client/consumer.go:163.2,164.74 2 1
github.com/issac1998/go-queue/client/consumer.go:164.74,166.3 1 0
github.com/issac1998/go-queue/client/consumer.go:169.2,170.43 2 1
github.com/issac1998/go-queue/client/consumer.go:170.43,173.69 2 1
github.com/issac1998/go-queue/client/consumer.go:173.69,175.4 1 0
github.com/issac1998/go-queue/client/consumer.go:178.3,178.39 1 1
github.com/issac1998/go-queue/client/consumer.go:178.39,180.4 1 0
github.com/issac1998/go-queue/client/consumer.go:183.3,184.54 2 1
github.com/issac1998/go-queue/client/consumer.go:184.54,186.4 1 0
github.com/issac1998/go-queue/client/consumer.go:188.3,195.18 3 1
github.com/issac1998/go-queue/client/consumer.go:198.2,198.20 1 1
github.com/issac1998/go-queue/client/consumer.go:202.96,205.6 2 0
github.com/issac1998/go-queue/client/consumer.go:205.6,207.17 2 0
github.com/issac1998/go-queue/client/consumer.go:207.17,209.4 1 0
github.com/issac1998/go-queue/client/consumer.go:211.3,211.26 1 0
github.com/issac1998/go-queue/client/consumer.go:211.26,213.4 1 0
github.com/issac1998/go-queue/client/consumer.go:216.3,216.39 1 0
github.com/issac1998/go-queue/client/consumer.go:216.39,217.39 1 0
github.com/issac1998/go-queue/client/consumer.go:217.39,219.5 1 0
github.com/issac1998/go-queue/client/consumer.go:220.4,220.27 1 0
github.com/issac1998/go-queue/client/consumer.go:224.3,224.32 1 0
github.com/issac1998/go-queue/client/consumer.go:224.32,226.9 1 0
github.com/issac1998/go-queue/client/consumer.go:230.3,230.33 1 0
github.com/issac1998/go-queue/client/consumer.go:230.33,232.4 1 0
github.com/issac1998/go-queue/client/consumer.go:235.2,235.12 1 0
github.com/issac1998/go-queue/client/consumer_group.go:59.82,60.32 1 0
github.com/issac1998/go-queue/client/consumer_group.go:60.32,62.3 1 0
github.com/issac1998/go-queue/client/consumer_group.go:64.2,72.3 1 0
github.com/issac1998/go-queue/client/consumer_group.go:76.44,84.16 5 0
github.com/issac1998/go-queue/client/consumer_group.go:84.16,86.3 1 0
github.com/issac1998/go-queue/client/consumer_group.go:89.2,90.16 2 0
github.com/issac1998/go-queue/client/consumer_group.go:90.16,92.3 1 0
github.com/issac1998/go-queue/client/consumer_group.go:95.2,96.16 2 0
github.com/issac1998/go-queue/client/consumer_group.go:96.16,98.3 1 0
github.com/issac1998/go-queue/client/consumer_group.go:101.2,106.12 3 0
github.com/issac1998/go-queue/client/consumer_group.go:110.45,121.16 6 0
github.com/issac1998/go-queue/client/consumer_group.go:121.16,123.3 1 0
github.com/issac1998/go-queue/client/consumer_group.go:126.2,127.16 2 0
github.com/issac1998/go-queue/client/consumer_group.go:127.16,129.3 1 0
github.com/issac1998/go-queue/client/consumer_group.go:132.2,133.16 2 0
github.com/issac1998/go-queue/client/consumer_group.go:133.16,135.3 1 0
github.com/issac1998/go-queue/client/consumer_group.go:137.2,138.12 2 0
github.com/issac1998/go-queue/client/consumer_group.go:142.107,148.16 3 0
github.com/issac1998/go-queue/client/consumer_group.go:148.16,150.3 1 0
github.com/issac1998/go-queue/client/consumer_group.go:153.2,154.16 2 0
github.com/issac1998/go-queue/client/consumer_group.go:154.16,156.3 1 0
github.com/issac1998/go-queue/client/consumer_group.go:159.2,160.16 2 0
github.com/issac1998/go-queue/client/consumer_group.go:160.16,162.3 1 0
github.com/issac1998/go-queue/client/consumer_group.go:164.2,164.12 1 0
github.com/issac1998/go-queue/client/consumer_group.go:168.93,171.16 2 0
github.com/issac1998/go-queue/client/consumer_group.go:171.16,173.3 1 0
github.com/issac1998/go-queue/client/consumer_group.go:176.2,177.16 2 0
github.com/issac1998/go-queue/client/consumer_group.go:177.16,179.3 1 0
github.com/issac1998/go-queue/client/consumer_group.go:182.2,183.16 2 0
github.com/issac1998/go-queue/client/consumer_group.go:183.16,185.3 1 0
github.com/issac1998/go-queue/client/consumer_group.go:187.2,187.20 1 0
github.com/issac1998/go-queue/client/consumer_group.go:191.61,197.47 4 0
github.com/issac1998/go-queue/client/consumer_group.go:197.47,201.3 3 0
github.com/issac1998/go-queue/client/consumer_group.go:202.2,202.19 1 0
github.com/issac1998/go-queue/client/consumer_group.go:207.43,210.12 2 0
github.com/issac1998/go-queue/client/consumer_group.go:210.12,211.7 1 0
github.com/issac1998/go-queue/client/consumer_group.go:211.7,212.11 1 0
github.com/issac1998/go-queue/client/consumer_group.go:213.32,214.46 1 0
github.com/issac1998/go-queue/client/consumer_group.go:214.46,216.6 1 0
github.com/issac1998/go-queue/client/consumer_group.go:217.28,218.11 1 0
github.com/issac1998/go-queue/client/consumer_group.go:224.50,225.31 1 0
github.com/issac1998/go-queue/client/consumer_group.go:225.31,229.3 3 0
github.com/issac1998/go-queue/client/consumer_group.go:232.48,235.16 2 0
github.com/issac1998/go-queue/client/consumer_group.go:235.16,237.3 1 0
github.com/issac1998/go-queue/client/consumer_group.go:240.2,241.16 2 0
github.com/issac1998/go-queue/client/consumer_group.go:241.16,243.3 1 0
github.com/issac1998/go-queue/client/consumer_group.go:246.2,246.48 1 0
github.com/issac1998/go-queue/client/consumer_group.go:251.66,272.34 11 0
github.com/issac1998/go-queue/client/consumer_group.go:272.34,275.3 2 0
github.com/issac1998/go-queue/client/consumer_group.go:278.2,281.25 3 0
github.com/issac1998/go-queue/client/consumer_group.go:284.67,299.2 7 0
github.com/issac1998/go-queue/client/consumer_group.go:301.66,319.2 8 0
github.com/issac1998/go-queue/client/consumer_group.go:321.129,346.2 11 0
github.com/issac1998/go-queue/client/consumer_group.go:348.97,366.2 8 0
github.com/issac1998/go-queue/client/consumer_group.go:370.68,375.71 3 0
github.com/issac1998/go-queue/client/consumer_group.go:375.71,377.3 1 0
github.com/issac1998/go-queue/client/consumer_group.go:378.2,378.20 1 0
github.com/issac1998/go-queue/client/consumer_group.go:378.20,380.3 1 0
github.com/issac1998/go-queue/client/consumer_group.go:383.2,383.75 1 0
github.com/issac1998/go-queue/client/consumer_group.go:383.75,385.3 1 0
github.com/issac1998/go-queue/client/consumer_group.go:388.2,389.72 2 0
github.com/issac1998/go-queue/client/consumer_group.go:389.72,391.3 1 0
github.com/issac1998/go-queue/client/consumer_group.go:392.2,393.58 2 0
github.com/issac1998/go-queue/client/consumer_group.go:393.58,395.3 1 0
github.com/issac1998/go-queue/client/consumer_group.go:398.2,399.75 2 0
github.com/issac1998/go-queue/client/consumer_group.go:399.75,401.3 1 0
github.com/issac1998/go-queue/client/consumer_group.go:402.2,403.61 2 0
github.com/issac1998/go-queue/client/consumer_group.go:403.61,405.3 1 0
github.com/issac1998/go-queue/client/consumer_group.go:408.2,409.71 2 0
github.com/issac1998/go-queue/client/consumer_group.go:409.71,411.3 1 0
github.com/issac1998/go-queue/client/consumer_group.go:412.2,413.57 2 0
github.com/issac1998/go-queue/client/consumer_group.go:413.57,415.3 1 0
github.com/issac1998/go-queue/client/consumer_group.go:416.2,420.73 3 0
github.com/issac1998/go-queue/client/consumer_group.go:420.73,422.3 1 0
github.com/issac1998/go-queue/client/consumer_group.go:424.2,425.42 2 0
github.com/issac1998/go-queue/client/consumer_group.go:425.42,427.74 2 0
github.com/issac1998/go-queue/client/consumer_group.go:427.74,429.4 1 0
github.com/issac1998/go-queue/client/consumer_group.go:430.3,431.60 2 0
github.com/issac1998/go-queue/client/consumer_group.go:431.60,433.4 1 0
github.com/issac1998/go-queue/client/consumer_group.go:435.3,436.74 2 0
github.com/issac1998/go-queue/client/consumer_group.go:436.74,438.4 1 0
github.com/issac1998/go-queue/client/consumer_group.go:439.3,440.60 2 0
github.com/issac1998/go-queue/client/consumer_group.go:440.60,442.4 1 0
github.com/issac1998/go-queue/client/consumer_group.go:444.3,447.4 1 0
github.com/issac1998/go-queue/client/consumer_group.go:451.2,452.77 2 0
github.com/issac1998/go-queue/client/consumer_group.go:452.77,454.3 1 0
github.com/issac1998/go-queue/client/consumer_group.go:456.2,457.46 2 0
github.com/issac1998/go-queue/client/consumer_group.go:457.46,459.71 2 0
github.com/issac1998/go-queue/client/consumer_group.go:459.71,461.4 1 0
github.com/issac1998/go-queue/client/consumer_group.go:462.3,463.57 2 0
github.com/issac1998/go-queue/client/consumer_group.go:463.57,465.4 1 0
github.com/issac1998/go-queue/client/consumer_group.go:466.3,469.77 3 0
github.com/issac1998/go-queue/client/consumer_group.go:469.77,471.4 1 0
github.com/issac1998/go-queue/client/consumer_group.go:473.3,474.46 2 0
github.com/issac1998/go-queue/client/consumer_group.go:474.46,475.77 1 0
github.com/issac1998/go-queue/client/consumer_group.go:475.77,477.5 1 0
github.com/issac1998/go-queue/client/consumer_group.go:479.3,479.36 1 0
github.com/issac1998/go-queue/client/consumer_group.go:482.2,482.12 1 0
github.com/issac1998/go-queue/client/consumer_group.go:485.69,489.71 3 0
github.com/issac1998/go-queue/client/consumer_group.go:489.71,491.3 1 0
github.com/issac1998/go-queue/client/consumer_group.go:492.2,492.20 1 0
github.com/issac1998/go-queue/client/consumer_group.go:492.20,494.3 1 0
github.com/issac1998/go-queue/client/consumer_group.go:496.2,496.12 1 0
github.com/issac1998/go-queue/client/consumer_group.go:499.68,503.71 3 0
github.com/issac1998/go-queue/client/consumer_group.go:503.71,505.3 1 0
github.com/issac1998/go-queue/client/consumer_group.go:506.2,506.20 1 0
github.com/issac1998/go-queue/client/consumer_group.go:506.20,508.3 1 0
github.com/issac1998/go-queue/client/consumer_group.go:510.2,510.12 1 0
github.com/issac1998/go-queue/client/consumer_group.go:513.71,517.71 3 0
github.com/issac1998/go-queue/client/consumer_group.go:517.71,519.3 1 0
github.com/issac1998/go-queue/client/consumer_group.go:520.2,520.20 1 0
github.com/issac1998/go-queue/client/consumer_group.go:520.20,522.3 1 0
github.com/issac1998/go-queue/client/consumer_group.go:524.2,524.12 1 0
github.com/issac1998/go-queue/client/consumer_group.go:527.79,531.71 3 0
github.com/issac1998/go-queue/client/consumer_group.go:531.71,533.3 1 0
github.com/issac1998/go-queue/client/consumer_group.go:534.2,534.20 1 0
github.com/issac1998/go-queue/client/consumer_group.go:534.20,536.3 1 0
github.com/issac1998/go-queue/client/consumer_group.go:538.2,539.68 2 0
github.com/issac1998/go-queue/client/consumer_group.go:539.68,541.3 1 0
github.com/issac1998/go-queue/client/consumer_group.go:543.2,543.20 1 0
github.com/issac1998/go-queue/client/producer.go:25.44,29.2 1 4
github.com/issac1998/go-queue/client/producer.go:47.69,49.2 1 0
github.com/issac1998/go-queue/client/producer.go:52.81,53.24 1 5
github.com/issac1998/go-queue/client/producer.go:53.24,55.3 1 1
github.com/issac1998/go-queue/client/producer.go:57.2,59.31 3 4
github.com/issac1998/go-queue/client/producer.go:59.31,60.55 1 7
github.com/issac1998/go-queue/client/producer.go:60.55,62.4 1 2
github.com/issac1998/go-queue/client/producer.go:65.2,66.16 2 2
github.com/issac1998/go-queue/client/producer.go:66.16,68.3 1 0
github.com/issac1998/go-queue/client/producer.go:70.2,71.16 2 2
github.com/issac1998/go-queue/client/producer.go:71.16,73.3 1 2
github.com/issac1998/go-queue/client/producer.go:75.2,76.16 2 0
github.com/issac1998/go-queue/client/producer.go:76.16,78.3 1 0
github.com/issac1998/go-queue/client/producer.go:80.2,80.20 1 0
github.com/issac1998/go-queue/client/producer.go:84.114,87.84 2 3
github.com/issac1998/go-queue/client/producer.go:87.84,89.3 1 0
github.com/issac1998/go-queue/client/producer.go:91.2,91.79 1 3
github.com/issac1998/go-queue/client/producer.go:91.79,93.3 1 0
github.com/issac1998/go-queue/client/producer.go:94.2,94.50 1 3
github.com/issac1998/go-queue/client/producer.go:94.50,96.3 1 0
github.com/issac1998/go-queue/client/producer.go:98.2,98.71 1 3
github.com/issac1998/go-queue/client/producer.go:98.71,100.3 1 0
github.com/issac1998/go-queue/client/producer.go:102.2,102.83 1 3
github.com/issac1998/go-queue/client/producer.go:102.83,104.3 1 0
github.com/issac1998/go-queue/client/producer.go:106.2,107.31 2 3
github.com/issac1998/go-queue/client/producer.go:107.31,108.92 1 5
github.com/issac1998/go-queue/client/producer.go:108.92,110.4 1 0
github.com/issac1998/go-queue/client/producer.go:111.3,111.57 1 5
github.com/issac1998/go-queue/client/producer.go:111.57,113.4 1 0
github.com/issac1998/go-queue/client/producer.go:116.2,116.86 1 3
github.com/issac1998/go-queue/client/producer.go:116.86,118.3 1 0
[...]
github.com/issac1998/go-queue/internal/metadata/manager.go:119.51,121.47 1 8
github.com/issac1998/go-queue/internal/metadata/manager.go:121.47,123.3 1 0
github.com/issac1998/go-queue/internal/metadata/manager.go:126.2,126.58 1 8
github.com/issac1998/go-queue/internal/metadata/manager.go:126.58,128.3 1 0
github.com/issac1998/go-queue/internal/metadata/manager.go:130.2,134.31 3 8
github.com/issac1998/go-queue/internal/metadata/manager.go:134.31,137.17 3 0
github.com/issac1998/go-queue/internal/metadata/manager.go:137.17,140.4 2 0
github.com/issac1998/go-queue/internal/metadata/manager.go:141.8,143.3 1 8
github.com/issac1998/go-queue/internal/metadata/manager.go:146.2,147.33 2 8
github.com/issac1998/go-queue/internal/metadata/manager.go:147.33,148.40 1 0
github.com/issac1998/go-queue/internal/metadata/manager.go:148.40,150.4 1 0
github.com/issac1998/go-queue/internal/metadata/manager.go:151.3,151.75 1 0
github.com/issac1998/go-queue/internal/metadata/manager.go:154.2,180.21 4 8
github.com/issac1998/go-queue/internal/metadata/manager.go:184.33,189.45 3 0
github.com/issac1998/go-queue/internal/metadata/manager.go:189.45,191.3 1 0
github.com/issac1998/go-queue/internal/metadata/manager.go:194.2,196.12 2 0
github.com/issac1998/go-queue/internal/metadata/manager.go:200.32,208.46 4 8
github.com/issac1998/go-queue/internal/metadata/manager.go:208.46,210.3 1 0
github.com/issac1998/go-queue/internal/metadata/manager.go:212.2,213.12 2 8
github.com/issac1998/go-queue/internal/metadata/manager.go:217.81,221.58 3 11
github.com/issac1998/go-queue/internal/metadata/manager.go:221.58,223.3 1 1
github.com/issac1998/go-queue/internal/metadata/manager.go:225.2,225.41 1 10
github.com/issac1998/go-queue/internal/metadata/manager.go:225.41,227.3 1 1
github.com/issac1998/go-queue/internal/metadata/manager.go:229.2,230.16 2 9
github.com/issac1998/go-queue/internal/metadata/manager.go:230.16,232.3 1 0
github.com/issac1998/go-queue/internal/metadata/manager.go:234.2,240.19 5 9
github.com/issac1998/go-queue/internal/metadata/manager.go:243.84,250.48 2 12
github.com/issac1998/go-queue/internal/metadata/manager.go:250.48,252.17 2 22
github.com/issac1998/go-queue/internal/metadata/manager.go:252.17,254.4 1 0
github.com/issac1998/go-queue/internal/metadata/manager.go:255.3,255.34 1 22
github.com/issac1998/go-queue/internal/metadata/manager.go:257.2,257.19 1 12
github.com/issac1998/go-queue/internal/metadata/manager.go:261.60,265.9 4 9
github.com/issac1998/go-queue/internal/metadata/manager.go:265.9,267.3 1 2
github.com/issac1998/go-queue/internal/metadata/manager.go:268.2,268.15 1 7
github.com/issac1998/go-queue/internal/metadata/manager.go:272.31,275.33 3 12
github.com/issac1998/go-queue/internal/metadata/manager.go:275.33,276.35 1 22
github.com/issac1998/go-queue/internal/metadata/manager.go:276.35,278.4 1 0
github.com/issac1998/go-queue/internal/metadata/manager.go:280.2,280.12 1 12
github.com/issac1998/go-queue/internal/metadata/manager.go:284.57,289.13 4 2
github.com/issac1998/go-queue/internal/metadata/manager.go:289.13,291.3 1 1
github.com/issac1998/go-queue/internal/metadata/manager.go:293.2,293.19 1 1
github.com/issac1998/go-queue/internal/metadata/manager.go:297.50,302.13 4 0
github.com/issac1998/go-queue/internal/metadata/manager.go:302.13,304.3 1 0
github.com/issac1998/go-queue/internal/metadata/manager.go:307.2,307.38 1 0
github.com/issac1998/go-queue/internal/metadata/manager.go:307.38,309.3 1 0
github.com/issac1998/go-queue/internal/metadata/manager.go:311.2,318.12 5 0
github.com/issac1998/go-queue/internal/metadata/manager.go:322.41,327.29 4 2
github.com/issac1998/go-queue/internal/metadata/manager.go:327.29,329.3 1 3
github.com/issac1998/go-queue/internal/metadata/manager.go:331.2,331.15 1 2
github.com/issac1998/go-queue/internal/metadata/manager.go:335.89,340.13 4 10
github.com/issac1998/go-queue/internal/metadata/manager.go:340.13,342.3 1 3
github.com/issac1998/go-queue/internal/metadata/manager.go:344.2,345.16 2 7
github.com/issac1998/go-queue/internal/metadata/manager.go:345.16,347.3 1 1
github.com/issac1998/go-queue/internal/metadata/manager.go:349.2,349.23 1 6
github.com/issac1998/go-queue/internal/metadata/manager.go:353.100,355.44 1 6
github.com/issac1998/go-queue/internal/metadata/manager.go:355.44,357.3 1 1
github.com/issac1998/go-queue/internal/metadata/manager.go:360.2,360.53 1 5
github.com/issac1998/go-queue/internal/metadata/manager.go:360.53,363.17 2 0
github.com/issac1998/go-queue/internal/metadata/manager.go:363.17,365.4 1 0
github.com/issac1998/go-queue/internal/metadata/manager.go:368.3,369.33 2 0
github.com/issac1998/go-queue/internal/metadata/manager.go:369.33,371.4 1 0
github.com/issac1998/go-queue/internal/metadata/manager.go:373.3,374.17 2 0
github.com/issac1998/go-queue/internal/metadata/manager.go:374.17,376.4 1 0
github.com/issac1998/go-queue/internal/metadata/manager.go:376.9,376.20 1 0
github.com/issac1998/go-queue/internal/metadata/manager.go:376.20,379.4 2 0
github.com/issac1998/go-queue/internal/metadata/manager.go:383.2,384.75 2 5
github.com/issac1998/go-queue/internal/metadata/manager.go:384.75,386.17 2 0
github.com/issac1998/go-queue/internal/metadata/manager.go:386.17,389.4 1 0
github.com/issac1998/go-queue/internal/metadata/manager.go:389.9,391.43 1 0
github.com/issac1998/go-queue/internal/metadata/manager.go:391.43,396.5 2 0
github.com/issac1998/go-queue/internal/metadata/manager.go:400.2,401.16 2 5
github.com/issac1998/go-queue/internal/metadata/manager.go:401.16,403.3 1 1
github.com/issac1998/go-queue/internal/metadata/manager.go:406.2,407.16 2 4
github.com/issac1998/go-queue/internal/metadata/manager.go:407.16,410.3 2 0
github.com/issac1998/go-queue/internal/metadata/manager.go:413.2,416.20 3 4
github.com/issac1998/go-queue/internal/metadata/manager.go:420.123,422.16 2 2
github.com/issac1998/go-queue/internal/metadata/manager.go:422.16,424.3 1 1
github.com/issac1998/go-queue/internal/metadata/manager.go:426.2,427.16 2 1
github.com/issac1998/go-queue/internal/metadata/manager.go:427.16,429.3 1 0
github.com/issac1998/go-queue/internal/metadata/manager.go:432.2,432.26 1 1
github.com/issac1998/go-queue/internal/metadata/manager.go:432.26,434.38 2 0
github.com/issac1998/go-queue/internal/metadata/manager.go:434.38,436.24 1 0
github.com/issac1998/go-queue/internal/metadata/manager.go:436.24,438.19 2 0
github.com/issac1998/go-queue/internal/metadata/manager.go:438.19,441.6 1 0
github.com/issac1998/go-queue/internal/metadata/manager.go:441.11,443.6 1 0
github.com/issac1998/go-queue/internal/metadata/manager.go:444.10,447.5 1 0
github.com/issac1998/go-queue/internal/metadata/manager.go:449.3,449.47 1 0
github.com/issac1998/go-queue/internal/metadata/manager.go:452.2,452.37 1 1
github.com/issac1998/go-queue/internal/metadata/manager.go:456.43,465.2 5 2
github.com/issac1998/go-queue/internal/metadata/manager.go:468.41,473.2 3 0
github.com/issac1998/go-queue/internal/metadata/manager.go:476.42,485.2 4 0
github.com/issac1998/go-queue/internal/metadata/manager.go:487.41,488.28 1 8
github.com/issac1998/go-queue/internal/metadata/manager.go:488.28,491.3 2 0
github.com/issac1998/go-queue/internal/metadata/manager.go:492.2,492.26 1 8
github.com/issac1998/go-queue/internal/metadata/manager.go:492.26,495.3 2 0
github.com/issac1998/go-queue/internal/metadata/manager.go:496.2,496.12 1 8
github.com/issac1998/go-queue/internal/metadata/manager.go:499.33,505.6 5 0
github.com/issac1998/go-queue/internal/metadata/manager.go:505.6,506.10 1 0
github.com/issac1998/go-queue/internal/metadata/manager.go:507.19,508.53 1 0
github.com/issac1998/go-queue/internal/metadata/manager.go:508.53,510.5 1 0
github.com/issac1998/go-queue/internal/metadata/manager.go:511.23,512.10 1 0
github.com/issac1998/go-queue/internal/metadata/manager.go:517.37,521.6 3 0
github.com/issac1998/go-queue/internal/metadata/manager.go:521.6,522.10 1 0
github.com/issac1998/go-queue/internal/metadata/manager.go:523.19,524.19 1 0
github.com/issac1998/go-queue/internal/metadata/manager.go:525.23,526.10 1 0
github.com/issac1998/go-queue/internal/metadata/manager.go:532.44,537.61 2 0
github.com/issac1998/go-queue/internal/metadata/manager.go:537.61,539.61 2 0
github.com/issac1998/go-queue/internal/metadata/manager.go:539.61,541.4 1 0
github.com/issac1998/go-queue/internal/metadata/manager.go:542.3,542.13 1 0
github.com/issac1998/go-queue/internal/metadata/manager.go:546.2,547.16 2 0
github.com/issac1998/go-queue/internal/metadata/manager.go:547.16,549.3 1 0
github.com/issac1998/go-queue/internal/metadata/manager.go:551.2,551.32 1 0
github.com/issac1998/go-queue/internal/metadata/manager.go:551.32,552.21 1 0
github.com/issac1998/go-queue/internal/metadata/manager.go:552.21,553.12 1 0
github.com/issac1998/go-queue/internal/metadata/manager.go:556.3,560.59 3 0
github.com/issac1998/go-queue/internal/metadata/manager.go:560.59,562.12 2 0
github.com/issac1998/go-queue/internal/metadata/manager.go:566.2,567.12 2 0
github.com/issac1998/go-queue/internal/metadata/manager.go:571.64,574.16 2 0
github.com/issac1998/go-queue/internal/metadata/manager.go:574.16,576.3 1 0
github.com/issac1998/go-queue/internal/metadata/manager.go:579.2,586.32 3 0
github.com/issac1998/go-queue/internal/metadata/manager.go:586.32,587.21 1 0
github.com/issac1998/go-queue/internal/metadata/manager.go:587.21,588.12 1 0
github.com/issac1998/go-queue/internal/metadata/manager.go:592.3,592.53 1 0
github.com/issac1998/go-queue/internal/metadata/manager.go:592.53,593.12 1 0
github.com/issac1998/go-queue/internal/metadata/manager.go:596.3,598.17 3 0
github.com/issac1998/go-queue/internal/metadata/manager.go:598.17,600.12 2 0
github.com/issac1998/go-queue/internal/metadata/manager.go:604.3,605.17 2 0
github.com/issac1998/go-queue/internal/metadata/manager.go:605.17,607.12 2 0
github.com/issac1998/go-queue/internal/metadata/manager.go:610.3,611.19 2 0
github.com/issac1998/go-queue/internal/metadata/manager.go:614.2,614.24 1 0
github.com/issac1998/go-queue/internal/metadata/manager.go:614.24,618.3 3 0
github.com/issac1998/go-queue/internal/metadata/manager.go:620.2,620.12 1 0
github.com/issac1998/go-queue/internal/metadata/manager.go:624.105,627.16 2 0
github.com/issac1998/go-queue/internal/metadata/manager.go:627.16,629.3 1 0
github.com/issac1998/go-queue/internal/metadata/manager.go:632.2,633.32 2 0
github.com/issac1998/go-queue/internal/metadata/manager.go:633.32,634.64 1 0
github.com/issac1998/go-queue/internal/metadata/manager.go:634.64,636.4 1 0
github.com/issac1998/go-queue/internal/metadata/manager.go:640.2,653.43 3 0
github.com/issac1998/go-queue/internal/metadata/manager.go:653.43,657.17 3 0
github.com/issac1998/go-queue/internal/metadata/manager.go:657.17,659.12 2 0
github.com/issac1998/go-queue/internal/metadata/manager.go:663.3,664.17 2 0
github.com/issac1998/go-queue/internal/metadata/manager.go:664.17,666.12 2 0
github.com/issac1998/go-queue/internal/metadata/manager.go:670.3,673.31 2 0
github.com/issac1998/go-queue/internal/metadata/manager.go:673.31,675.4 1 0
github.com/issac1998/go-queue/internal/metadata/manager.go:678.2,678.34 1 0
github.com/issac1998/go-queue/internal/metadata/manager.go:678.34,681.17 2 0
github.com/issac1998/go-queue/internal/metadata/manager.go:681.17,683.4 1 0
github.com/issac1998/go-queue/internal/metadata/manager.go:684.3,685.32 2 0
github.com/issac1998/go-queue/internal/metadata/manager.go:688.2,689.23 2 0
github.com/issac1998/go-queue/internal/metadata/manager.go:692.45,694.33 1 8
github.com/issac1998/go-queue/internal/metadata/manager.go:694.33,695.39 1 9
github.com/issac1998/go-queue/internal/metadata/manager.go:695.39,697.4 1 0
github.com/issac1998/go-queue/internal/metadata/manager.go:701.2,701.37 1 8
github.com/issac1998/go-queue/internal/metadata/manager.go:701.37,702.41 1 0
github.com/issac1998/go-queue/internal/metadata/manager.go:702.41,704.4 1 0
github.com/issac1998/go-queue/internal/metadata/manager.go:707.2,707.12 1 8
github.com/issac1998/go-queue/internal/metadata/manager.go:710.50,718.33 5 0
github.com/issac1998/go-queue/internal/metadata/manager.go:718.33,719.46 1 0
github.com/issac1998/go-queue/internal/metadata/manager.go:719.46,721.51 2 0
github.com/issac1998/go-queue/internal/metadata/manager.go:721.51,723.50 1 0
github.com/issac1998/go-queue/internal/metadata/manager.go:723.50,728.6 2 0
github.com/issac1998/go-queue/internal/metadata/manager.go:728.11,728.57 1 0
github.com/issac1998/go-queue/internal/metadata/manager.go:728.57,731.6 1 0
github.com/issac1998/go-queue/internal/metadata/manager.go:733.4,733.25 1 0
github.com/issac1998/go-queue/internal/metadata/manager.go:736.2,736.12 1 0
github.com/issac1998/go-queue/internal/metadata/manager.go:739.33,748.33 7 13
github.com/issac1998/go-queue/internal/metadata/manager.go:748.33,749.46 1 16
github.com/issac1998/go-queue/internal/metadata/manager.go:749.46,751.47 2 22
github.com/issac1998/go-queue/internal/metadata/manager.go:751.47,756.5 4 22
github.com/issac1998/go-queue/internal/metadata/manager.go:760.2,763.39 4 13
github.com/issac1998/go-queue/internal/metadata/manager.go:766.35,775.33 5 0
github.com/issac1998/go-queue/internal/metadata/manager.go:775.33,776.46 1 0
github.com/issac1998/go-queue/internal/metadata/manager.go:776.46,777.47 1 0
github.com/issac1998/go-queue/internal/metadata/manager.go:777.47,781.5 2 0
github.com/issac1998/go-queue/internal/metadata/manager.go:785.2,790.26 3 0
github.com/issac1998/go-queue/internal/metadata/manager.go:793.35,799.2 4 4
github.com/issac1998/go-queue/internal/metadata/manager.go:801.49,809.2 6 0
github.com/issac1998/go-queue/internal/metadata/manager.go:811.43,812.26 1 8
github.com/issac1998/go-queue/internal/metadata/manager.go:812.26,814.3 1 0
github.com/issac1998/go-queue/internal/metadata/manager.go:815.2,815.29 1 8
github.com/issac1998/go-queue/internal/metadata/manager.go:815.29,817.3 1 0
github.com/issac1998/go-queue/internal/metadata/manager.go:818.2,818.32 1 8
github.com/issac1998/go-queue/internal/metadata/manager.go:818.32,820.3 1 0
github.com/issac1998/go-queue/internal/metadata/manager.go:821.2,821.12 1 8
github.com/issac1998/go-queue/internal/metadata/manager.go:824.31,830.6 5 0
github.com/issac1998/go-queue/internal/metadata/manager.go:830.6,831.10 1 0
github.com/issac1998/go-queue/internal/metadata/manager.go:832.19,833.16 1 0
github.com/issac1998/go-queue/internal/metadata/manager.go:834.23,835.10 1 0
github.com/issac1998/go-queue/internal/metadata/manager.go:840.30,843.33 3 0
github.com/issac1998/go-queue/internal/metadata/manager.go:843.33,844.46 1 0
github.com/issac1998/go-queue/internal/metadata/manager.go:844.46,846.4 1 0
github.com/issac1998/go-queue/internal/metadata/manager.go:850.29,853.37 3 0
github.com/issac1998/go-queue/internal/metadata/manager.go:853.37,855.3 1 0
github.com/issac1998/go-queue/internal/metadata/manager.go:859.46,863.6 3 0
github.com/issac1998/go-queue/internal/metadata/manager.go:863.6,864.10 1 0
github.com/issac1998/go-queue/internal/metadata/manager.go:865.19,866.46 1 0
github.com/issac1998/go-queue/internal/metadata/manager.go:867.23,868.10 1 0
github.com/issac1998/go-queue/internal/metadata/topic.go:39.82,41.51 2 26
github.com/issac1998/go-queue/internal/metadata/topic.go:41.51,43.3 1 0
github.com/issac1998/go-queue/internal/metadata/topic.go:45.2,46.16 2 26
github.com/issac1998/go-queue/internal/metadata/topic.go:46.16,48.3 1 0
github.com/issac1998/go-queue/internal/metadata/topic.go:50.2,59.15 2 26
github.com/issac1998/go-queue/internal/metadata/topic.go:68.84,72.39 3 0
github.com/issac1998/go-queue/internal/metadata/topic.go:72.39,74.3 1 0
github.com/issac1998/go-queue/internal/metadata/topic.go:76.2,81.44 2 0
github.com/issac1998/go-queue/internal/metadata/topic.go:81.44,83.17 2 0
github.com/issac1998/go-queue/internal/metadata/topic.go:83.17,85.4 1 0
github.com/issac1998/go-queue/internal/metadata/topic.go:86.3,86.34 1 0
github.com/issac1998/go-queue/internal/metadata/topic.go:89.2,90.19 2 0
github.com/issac1998/go-queue/internal/metadata/topic.go:94.44,99.13 4 0
github.com/issac1998/go-queue/internal/metadata/topic.go:99.13,101.3 1 0
github.com/issac1998/go-queue/internal/metadata/topic.go:102.2,102.19 1 0
github.com/issac1998/go-queue/internal/metadata/topic.go:105.82,109.16 3 0
github.com/issac1998/go-queue/internal/metadata/topic.go:109.16,111.3 1 0
github.com/issac1998/go-queue/internal/metadata/topic.go:113.2,118.8 1 0
github.com/issac1998/go-queue/internal/metadata/topic.go:122.72,124.16 2 0
github.com/issac1998/go-queue/internal/metadata/topic.go:124.16,126.3 1 0
github.com/issac1998/go-queue/internal/metadata/topic.go:128.2,128.62 1 0
github.com/issac1998/go-queue/internal/metadata/topic.go:128.62,130.3 1 0
github.com/issac1998/go-queue/internal/metadata/topic.go:132.2,132.39 1 0
github.com/issac1998/go-queue/internal/metadata/topic.go:136.35,141.37 4 26
github.com/issac1998/go-queue/internal/metadata/topic.go:141.37,142.41 1 26
github.com/issac1998/go-queue/internal/metadata/topic.go:142.41,144.4 1 0
github.com/issac1998/go-queue/internal/metadata/topic.go:147.2,147.19 1 26
github.com/issac1998/go-queue/internal/metadata/topic.go:147.19,149.3 1 0
github.com/issac1998/go-queue/internal/metadata/topic.go:150.2,150.12 1 26
github.com/issac1998/go-queue/internal/metadata/topic.go:154.55,159.33 4 13
github.com/issac1998/go-queue/internal/metadata/topic.go:159.33,161.8 2 13
github.com/issac1998/go-queue/internal/metadata/topic.go:164.2,165.16 2 13
github.com/issac1998/go-queue/internal/metadata/topic.go:165.16,166.39 1 0
github.com/issac1998/go-queue/internal/metadata/topic.go:166.39,172.18 2 0
github.com/issac1998/go-queue/internal/metadata/topic.go:172.18,174.5 1 0
github.com/issac1998/go-queue/internal/metadata/topic.go:176.4,181.18 4 0
github.com/issac1998/go-queue/internal/metadata/topic.go:181.18,183.5 1 0
github.com/issac1998/go-queue/internal/metadata/topic.go:184.9,186.4 1 0
github.com/issac1998/go-queue/internal/metadata/topic.go:189.2,189.20 1 13
github.com/issac1998/go-queue/internal/metadata/topic.go:193.81,198.37 4 3
github.com/issac1998/go-queue/internal/metadata/topic.go:198.37,199.85 1 3
github.com/issac1998/go-queue/internal/metadata/topic.go:199.85,201.9 2 3
github.com/issac1998/go-queue/internal/metadata/topic.go:205.2,205.26 1 3
github.com/issac1998/go-queue/internal/metadata/topic.go:205.26,207.3 1 0
github.com/issac1998/go-queue/internal/metadata/topic.go:209.2,210.16 2 3
github.com/issac1998/go-queue/internal/metadata/topic.go:210.16,212.3 1 0
github.com/issac1998/go-queue/internal/metadata/topic.go:214.2,215.16 2 3
github.com/issac1998/go-queue/internal/metadata/topic.go:215.16,217.3 1 0
github.com/issac1998/go-queue/internal/metadata/topic.go:219.2,219.34 1 3
github.com/issac1998/go-queue/internal/metadata/topic.go:223.113,229.28 5 3
github.com/issac1998/go-queue/internal/metadata/topic.go:229.28,232.26 3 11
github.com/issac1998/go-queue/internal/metadata/topic.go:232.26,233.9 1 3
github.com/issac1998/go-queue/internal/metadata/topic.go:236.3,239.52 3 8
github.com/issac1998/go-queue/internal/metadata/topic.go:239.52,240.9 1 0
github.com/issac1998/go-queue/internal/metadata/topic.go:243.3,245.39 3 8
github.com/issac1998/go-queue/internal/metadata/topic.go:245.39,246.9 1 0
github.com/issac1998/go-queue/internal/metadata/topic.go:249.3,252.17 4 8
github.com/issac1998/go-queue/internal/metadata/topic.go:256.2,257.22 2 3
github.com/issac1998/go-queue/internal/metadata/topic.go:257.22,260.46 2 3
github.com/issac1998/go-queue/internal/metadata/topic.go:260.46,261.34 1 4
github.com/issac1998/go-queue/internal/metadata/topic.go:261.34,263.10 2 3
github.com/issac1998/go-queue/internal/metadata/topic.go:267.3,267.23 1 3
github.com/issac1998/go-queue/internal/metadata/topic.go:267.23,269.4 1 3
github.com/issac1998/go-queue/internal/metadata/topic.go:269.9,272.4 1 0
github.com/issac1998/go-queue/internal/metadata/topic.go:273.8,276.3 1 0
github.com/issac1998/go-queue/internal/metadata/topic.go:278.2,278.34 1 3
